                              1 ;--------------------------------------------------------
                              2 ; File Created by SDCC : free open source ANSI-C Compiler
                              3 ; Version 3.6.8 #9946 (Linux)
                              4 ;--------------------------------------------------------
                              5 	.module Mapabyn
                              6 	.optsdcc -mz80
                              7 	
                              8 ;--------------------------------------------------------
                              9 ; Public variables in this module
                             10 ;--------------------------------------------------------
                             11 	.globl _g_5
                             12 	.globl _g_4
                             13 	.globl _g_3
                             14 	.globl _g_2
                             15 	.globl _g_1
                             16 	.globl _g_0
                             17 ;--------------------------------------------------------
                             18 ; special function registers
                             19 ;--------------------------------------------------------
                             20 ;--------------------------------------------------------
                             21 ; ram data
                             22 ;--------------------------------------------------------
                             23 	.area _DATA
                             24 ;--------------------------------------------------------
                             25 ; ram data
                             26 ;--------------------------------------------------------
                             27 	.area _INITIALIZED
                             28 ;--------------------------------------------------------
                             29 ; absolute external ram data
                             30 ;--------------------------------------------------------
                             31 	.area _DABS (ABS)
                             32 ;--------------------------------------------------------
                             33 ; global & static initialisations
                             34 ;--------------------------------------------------------
                             35 	.area _HOME
                             36 	.area _GSINIT
                             37 	.area _GSFINAL
                             38 	.area _GSINIT
                             39 ;--------------------------------------------------------
                             40 ; Home
                             41 ;--------------------------------------------------------
                             42 	.area _HOME
                             43 	.area _HOME
                             44 ;--------------------------------------------------------
                             45 ; code
                             46 ;--------------------------------------------------------
                             47 	.area _CODE
                             48 	.area _CODE
   0000                      49 _g_0:
   0000 C0                   50 	.db #0xc0	; 192
   0001 D5                   51 	.db #0xd5	; 213
   0002 EA                   52 	.db #0xea	; 234
   0003 C0                   53 	.db #0xc0	; 192
   0004 C0                   54 	.db #0xc0	; 192
   0005 EA                   55 	.db #0xea	; 234
   0006 D5                   56 	.db #0xd5	; 213
   0007 C0                   57 	.db #0xc0	; 192
   0008 C0                   58 	.db #0xc0	; 192
   0009 D5                   59 	.db #0xd5	; 213
   000A EA                   60 	.db #0xea	; 234
   000B C0                   61 	.db #0xc0	; 192
   000C C0                   62 	.db #0xc0	; 192
   000D EA                   63 	.db #0xea	; 234
   000E D5                   64 	.db #0xd5	; 213
   000F C0                   65 	.db #0xc0	; 192
   0010 C0                   66 	.db #0xc0	; 192
   0011 D5                   67 	.db #0xd5	; 213
   0012 EA                   68 	.db #0xea	; 234
   0013 C0                   69 	.db #0xc0	; 192
   0014 C0                   70 	.db #0xc0	; 192
   0015 EA                   71 	.db #0xea	; 234
   0016 D5                   72 	.db #0xd5	; 213
   0017 C0                   73 	.db #0xc0	; 192
   0018 C0                   74 	.db #0xc0	; 192
   0019 D5                   75 	.db #0xd5	; 213
   001A EA                   76 	.db #0xea	; 234
   001B C0                   77 	.db #0xc0	; 192
   001C C0                   78 	.db #0xc0	; 192
   001D EA                   79 	.db #0xea	; 234
   001E D5                   80 	.db #0xd5	; 213
   001F C0                   81 	.db #0xc0	; 192
   0020                      82 _g_1:
   0020 C0                   83 	.db #0xc0	; 192
   0021 C0                   84 	.db #0xc0	; 192
   0022 C0                   85 	.db #0xc0	; 192
   0023 C0                   86 	.db #0xc0	; 192
   0024 C0                   87 	.db #0xc0	; 192
   0025 C0                   88 	.db #0xc0	; 192
   0026 C0                   89 	.db #0xc0	; 192
   0027 C0                   90 	.db #0xc0	; 192
   0028 C0                   91 	.db #0xc0	; 192
   0029 D5                   92 	.db #0xd5	; 213
   002A FF                   93 	.db #0xff	; 255
   002B FF                   94 	.db #0xff	; 255
   002C C0                   95 	.db #0xc0	; 192
   002D C0                   96 	.db #0xc0	; 192
   002E C0                   97 	.db #0xc0	; 192
   002F C0                   98 	.db #0xc0	; 192
   0030 C0                   99 	.db #0xc0	; 192
   0031 D5                  100 	.db #0xd5	; 213
   0032 EA                  101 	.db #0xea	; 234
   0033 C0                  102 	.db #0xc0	; 192
   0034 C0                  103 	.db #0xc0	; 192
   0035 EA                  104 	.db #0xea	; 234
   0036 D5                  105 	.db #0xd5	; 213
   0037 C0                  106 	.db #0xc0	; 192
   0038 C0                  107 	.db #0xc0	; 192
   0039 D5                  108 	.db #0xd5	; 213
   003A EA                  109 	.db #0xea	; 234
   003B C0                  110 	.db #0xc0	; 192
   003C FF                  111 	.db #0xff	; 255
   003D FF                  112 	.db #0xff	; 255
   003E D5                  113 	.db #0xd5	; 213
   003F C0                  114 	.db #0xc0	; 192
   0040                     115 _g_2:
   0040 C0                  116 	.db #0xc0	; 192
   0041 C0                  117 	.db #0xc0	; 192
   0042 C0                  118 	.db #0xc0	; 192
   0043 C0                  119 	.db #0xc0	; 192
   0044 C0                  120 	.db #0xc0	; 192
   0045 C0                  121 	.db #0xc0	; 192
   0046 C0                  122 	.db #0xc0	; 192
   0047 C0                  123 	.db #0xc0	; 192
   0048 FF                  124 	.db #0xff	; 255
   0049 FF                  125 	.db #0xff	; 255
   004A FF                  126 	.db #0xff	; 255
   004B FF                  127 	.db #0xff	; 255
   004C C0                  128 	.db #0xc0	; 192
   004D C0                  129 	.db #0xc0	; 192
   004E C0                  130 	.db #0xc0	; 192
   004F C0                  131 	.db #0xc0	; 192
   0050 C0                  132 	.db #0xc0	; 192
   0051 C0                  133 	.db #0xc0	; 192
   0052 C0                  134 	.db #0xc0	; 192
   0053 C0                  135 	.db #0xc0	; 192
   0054 C0                  136 	.db #0xc0	; 192
   0055 C0                  137 	.db #0xc0	; 192
   0056 C0                  138 	.db #0xc0	; 192
   0057 C0                  139 	.db #0xc0	; 192
   0058 C0                  140 	.db #0xc0	; 192
   0059 C0                  141 	.db #0xc0	; 192
   005A C0                  142 	.db #0xc0	; 192
   005B C0                  143 	.db #0xc0	; 192
   005C FF                  144 	.db #0xff	; 255
   005D FF                  145 	.db #0xff	; 255
   005E FF                  146 	.db #0xff	; 255
   005F FF                  147 	.db #0xff	; 255
   0060                     148 _g_3:
   0060 C0                  149 	.db #0xc0	; 192
   0061 C0                  150 	.db #0xc0	; 192
   0062 C0                  151 	.db #0xc0	; 192
   0063 C0                  152 	.db #0xc0	; 192
   0064 C0                  153 	.db #0xc0	; 192
   0065 C0                  154 	.db #0xc0	; 192
   0066 C0                  155 	.db #0xc0	; 192
   0067 C0                  156 	.db #0xc0	; 192
   0068 FF                  157 	.db #0xff	; 255
   0069 FF                  158 	.db #0xff	; 255
   006A EA                  159 	.db #0xea	; 234
   006B C0                  160 	.db #0xc0	; 192
   006C C0                  161 	.db #0xc0	; 192
   006D C0                  162 	.db #0xc0	; 192
   006E C0                  163 	.db #0xc0	; 192
   006F C0                  164 	.db #0xc0	; 192
   0070 C0                  165 	.db #0xc0	; 192
   0071 D5                  166 	.db #0xd5	; 213
   0072 EA                  167 	.db #0xea	; 234
   0073 C0                  168 	.db #0xc0	; 192
   0074 C0                  169 	.db #0xc0	; 192
   0075 EA                  170 	.db #0xea	; 234
   0076 D5                  171 	.db #0xd5	; 213
   0077 C0                  172 	.db #0xc0	; 192
   0078 C0                  173 	.db #0xc0	; 192
   0079 D5                  174 	.db #0xd5	; 213
   007A EA                  175 	.db #0xea	; 234
   007B C0                  176 	.db #0xc0	; 192
   007C C0                  177 	.db #0xc0	; 192
   007D EA                  178 	.db #0xea	; 234
   007E FF                  179 	.db #0xff	; 255
   007F FF                  180 	.db #0xff	; 255
   0080                     181 _g_4:
   0080 C0                  182 	.db #0xc0	; 192
   0081 D5                  183 	.db #0xd5	; 213
   0082 EA                  184 	.db #0xea	; 234
   0083 C0                  185 	.db #0xc0	; 192
   0084 C0                  186 	.db #0xc0	; 192
   0085 EA                  187 	.db #0xea	; 234
   0086 D5                  188 	.db #0xd5	; 213
   0087 C0                  189 	.db #0xc0	; 192
   0088 C0                  190 	.db #0xc0	; 192
   0089 D5                  191 	.db #0xd5	; 213
   008A FF                  192 	.db #0xff	; 255
   008B FF                  193 	.db #0xff	; 255
   008C C0                  194 	.db #0xc0	; 192
   008D EA                  195 	.db #0xea	; 234
   008E D5                  196 	.db #0xd5	; 213
   008F C0                  197 	.db #0xc0	; 192
   0090 C0                  198 	.db #0xc0	; 192
   0091 C0                  199 	.db #0xc0	; 192
   0092 C0                  200 	.db #0xc0	; 192
   0093 C0                  201 	.db #0xc0	; 192
   0094 C0                  202 	.db #0xc0	; 192
   0095 C0                  203 	.db #0xc0	; 192
   0096 C0                  204 	.db #0xc0	; 192
   0097 C0                  205 	.db #0xc0	; 192
   0098 C0                  206 	.db #0xc0	; 192
   0099 C0                  207 	.db #0xc0	; 192
   009A C0                  208 	.db #0xc0	; 192
   009B C0                  209 	.db #0xc0	; 192
   009C FF                  210 	.db #0xff	; 255
   009D FF                  211 	.db #0xff	; 255
   009E D5                  212 	.db #0xd5	; 213
   009F C0                  213 	.db #0xc0	; 192
   00A0                     214 _g_5:
   00A0 C0                  215 	.db #0xc0	; 192
   00A1 D5                  216 	.db #0xd5	; 213
   00A2 EA                  217 	.db #0xea	; 234
   00A3 C0                  218 	.db #0xc0	; 192
   00A4 C0                  219 	.db #0xc0	; 192
   00A5 EA                  220 	.db #0xea	; 234
   00A6 D5                  221 	.db #0xd5	; 213
   00A7 C0                  222 	.db #0xc0	; 192
   00A8 FF                  223 	.db #0xff	; 255
   00A9 FF                  224 	.db #0xff	; 255
   00AA EA                  225 	.db #0xea	; 234
   00AB C0                  226 	.db #0xc0	; 192
   00AC C0                  227 	.db #0xc0	; 192
   00AD EA                  228 	.db #0xea	; 234
   00AE D5                  229 	.db #0xd5	; 213
   00AF C0                  230 	.db #0xc0	; 192
   00B0 C0                  231 	.db #0xc0	; 192
   00B1 C0                  232 	.db #0xc0	; 192
   00B2 C0                  233 	.db #0xc0	; 192
   00B3 C0                  234 	.db #0xc0	; 192
   00B4 C0                  235 	.db #0xc0	; 192
   00B5 C0                  236 	.db #0xc0	; 192
   00B6 C0                  237 	.db #0xc0	; 192
   00B7 C0                  238 	.db #0xc0	; 192
   00B8 C0                  239 	.db #0xc0	; 192
   00B9 C0                  240 	.db #0xc0	; 192
   00BA C0                  241 	.db #0xc0	; 192
   00BB C0                  242 	.db #0xc0	; 192
   00BC C0                  243 	.db #0xc0	; 192
   00BD EA                  244 	.db #0xea	; 234
   00BE FF                  245 	.db #0xff	; 255
   00BF FF                  246 	.db #0xff	; 255
                            247 	.area _INITIALIZER
                            248 	.area _CABS (ABS)
