ASxxxx Assembler V02.00 + NoICE + SDCC mods  (Zilog Z80 / Hitachi HD64180), page 1.
Hexadecimal [16-Bits]



                              1 .include "struct.h.s"
                              1 ;;;;;;;;;;;;;;;;;;;;;;;;;;;;;;;;;;;;;;;;;;;;;;;;;;;;;;;;;;;;
                              2 ;; DEFINICION DE LAS MACROS PARA LA CREACION DE ENTIDADES ;;
                              3 ;;;;;;;;;;;;;;;;;;;;;;;;;;;;;;;;;;;;;;;;;;;;;;;;;;;;;;;;;;;;
                              4 
                              5 ;; Entidad drawable
                              6 .macro DefineDrawableEnt _name, _x, _y, _w, _h
                              7 _name:
                              8    .db   _x, _y      ;; Posicion    (x,y)
                              9    .db   _w, _h      ;; Dimensiones (w,h)
                             10 .endm
                             11 
                             12 ;; Entidad movable
                             13 .macro DefineMovableEnt _name, _vx, _vy
                             14 _name:
                             15    .db   _vx, _vy    ;; Variables de la velocidad
                             16 .endm
                             17 
                             18 ;; Entidad por defecto
                             19 .macro DefineEntityDefault _name, _suf
                             20    DefineEntity _name'_suf, 0xAA, 0, 0, 0, 0, 0, 0x0000, 0xFFFF           ;;'
                             21 .endm
                             22 
                             23 ;; Definir N entidades
                             24 .macro DefineNEntities _name, _n
                             25    _c = 0
                             26    .rept _n
                             27       DefineEntityDefault _name, \_c
                             28       _c = _c + 1
                             29    .endm
                             30 .endm
                             31 
                             32 ;; Entidad heroe/enemigo
                             33 .macro DefineEntity  _name, _x, _y, _w, _h, _vx, _vy, _spr, _upd
                             34 _name:
                             35     DefineDrawableEnt _name'_dw, _x, _y, _w, _h                       ;;'
                             36     DefineMovableEnt  _name'_mv, _vx, _vy                             ;;'
                             37 ;; Si tiene sprite
                             38     .dw   _spr
                             39     .dw   _upd        ;; Puntero a la funcion de update
                             40 
                             41 ;; Aqui falta saber el tamanyo de la entidad
                             42 e_size = . - (_name)
                             43 .endm
                             44 
                             45 ;;;;;;;;;;;;;;;;;;;
                             46 ;; Constantes de las entidades hero/enemy
                             47 ;;;;;;;;;;;;;;;;;;;
                     0001    48     e_x = 0      e_y = 1
                     0003    49     e_w = 2      e_h = 3
                     0005    50    e_vx = 4     e_vy = 5
                     0007    51 e_spr_l = 6  e_spr_h = 7
                     0009    52  e_up_l = 8   e_up_h = 9
                             53 
                             54 
ASxxxx Assembler V02.00 + NoICE + SDCC mods  (Zilog Z80 / Hitachi HD64180), page 2.
Hexadecimal [16-Bits]



                             55 ;;-----------------------------------------------------------------------------------------;;
                             56 ;; Entidad bullet
                             57 .macro DefineBullet  _name, _x, _y, _w, _h, _vx, _vy, _spr, _alive, _upd
                             58 _name:
                             59    DefineDrawableEnt _name'_dw, _x, _y, _w, _h                       ;;'
                             60    DefineMovableEnt  _name'_mv, _vx, _vy                             ;;'
                             61    .dw   _spr        ;; Color / Sprite (cuando haya)
                             62    .db   _alive      ;; _alive>0? Se actualiza/dibuja
                             63    .dw   _upd        ;; Funcion de update
                             64 
                             65 ;; Saber tamanyo de entidad bala
                             66 b_size = . - (_name)
                             67 .endm
                             68 
                             69 ;; Entidad por defecto de bullet
                             70 .macro DefineBulletDefault _name, _suf
                             71    DefineBullet _name'_suf, 0xAA, 0, 0, 0, 0, 0, 0x0000, 0, 0xFFFF        ;;'
                             72 .endm
                             73 
                             74 ;; Bucle de crear entidades bullet
                             75 .macro DefineNBullets _name, _n
                             76    _c = 0
                             77    .rept _n
                             78       DefineBulletDefault _name, \_c
                             79       _c = _c + 1
                             80    .endm
                             81 .endm
                             82 
                             83 ;;;;;;;;;;;;;;;;;;;
                             84 ;; Constantes de las entidades bullet
                             85 ;;;;;;;;;;;;;;;;;;;
                     0001    86      b_x = 0      b_y = 1
                     0003    87      b_w = 2      b_h = 3
                     0005    88     b_vx = 4     b_vy = 5
                     0007    89  b_spr_l = 6  b_spr_h = 7
                     0008    90  b_alive = 8
                     000A    91   b_up_l = 9   b_up_h = 10
                             92 
                             93 
                             94 
                             95  ;;-----------------------------------------------------------------------------------------;;
                             96  ;; Entidad enemigo por defecto
                             97  .macro DefineEnemyDefault _name, _suf
                             98     DefineEnemy _name'_suf, #0xAA, #0, #0, #0, #0, #0, #0x0000, #0xFFFF, #0, #0, #0, #0, #0, #0, #0, #0, #0, #0, #1, #1           ;;'
                             99  .endm
                            100 
                            101  ;; Definir N entidades enemigo
                            102  .macro DefineNEnemies _name, _n
                            103     _c = 0
                            104     .rept _n
                            105        DefineEnemyDefault _name, \_c
                            106        _c = _c + 1
                            107     .endm
                            108  .endm
                            109 
ASxxxx Assembler V02.00 + NoICE + SDCC mods  (Zilog Z80 / Hitachi HD64180), page 3.
Hexadecimal [16-Bits]



                            110  ;; Entidad enemigo
                            111  .macro DefineEnemy  _name, _x, _y, _w, _h, _vx, _vy, _spr, _upd, _goal_flag, _goal_x, _goal_y, save_dX, save_dY, IncYr, IncXr, av, avR, avI, flag_vel, alive
                            112  _name:
                            113     DefineDrawableEnt _name'_dw, _x, _y, _w, _h                       ;;'
                            114     DefineMovableEnt  _name'_mv, _vx, _vy                             ;;'
                            115  ;; Si tiene sprite
                            116     .dw  _spr
                            117     .dw  _upd        ;; Puntero a la funcion de update
                            118     .db  _goal_flag  ;; 0 -> No se ha
                            119     .db  _goal_x     ;; X de la posicion final
                            120     .db  _goal_y     ;; Y de la posicion final
                            121 
                            122     ;;BRESENHAM
                            123     .dw  save_dX     ;; Distancia en X del objetivo
                            124     .dw  save_dY     ;; Distancia en Y del objetivo
                            125     .db  IncYr       ;; Incremento recto en Y
                            126     .db  IncXr       ;; Incremento recto en X
                            127     .dw  av          ;; Avance
                            128     .dw  avR         ;; Avance recto
                            129     .dw  avI         ;; Avance inclinado
                            130     .db  flag_vel    ;; 1 = Esta utilizando IncYi/IncXi |------------| 0 = Esta utilizando IncYr/IncXr
                            131     .db  alive
                            132  ;; Aqui falta saber el tamanyo de la entidad
                            133  en_size = . - (_name)
                            134  .endm
                            135 
                            136  ;;;;;;;;;;;;;;;;;;;
                            137  ;; Constantes de las entidades hero/enemy
                            138  ;;;;;;;;;;;;;;;;;;;
                            139 
                     0001   140       en_x = 0         en_y = 1
                     0003   141       en_w = 2         en_h = 3
                     0005   142      en_vx = 4        en_vy = 5
                     0007   143   en_spr_l = 6     en_spr_h = 7
                     0009   144    en_up_l = 8      en_up_h = 9
                     000A   145  en_g_flag = 10
                            146  ;;------------------------------BRESENHAM
                     000C   147     en_g_x = 11      en_g_y = 12
                     000E   148    en_dX_l = 13     en_dX_h = 14
                     0010   149    en_dY_l = 15     en_dY_h = 16
                     0012   150   en_incYr = 17    en_incXr = 18
                     0014   151    en_av_l = 19     en_av_h = 20
                     0016   152   en_avR_l = 21    en_avR_h = 22
                     0018   153   en_avI_l = 23    en_avI_h = 24
                     001A   154 en_flagVel = 25      en_alv = 26
                            155 
                            156 
                            157 
                            158 
                            159 
                            160 
                            161 
                            162 
                            163 
ASxxxx Assembler V02.00 + NoICE + SDCC mods  (Zilog Z80 / Hitachi HD64180), page 4.
Hexadecimal [16-Bits]



                              2 
   0000                       3 HEARTS_UPDATE::
                              4     ;; Actualizo corasones
   0000 CD 00 00      [17]    5     call dw_drawHearts
   0003 CD 00 00      [17]    6     call swapBuffers
   0006 CD 00 00      [17]    7     call dw_drawHearts
   0009 CD 00 00      [17]    8     call swapBuffers
   000C C9            [10]    9 ret
                             10 
   000D                      11 handleEnemyDeath::
   000D FD 36 1A 00   [19]   12     ld en_alv(iy), #0
                             13 
   0011 3A 00 00      [13]   14     ld a, (NumberOfEnemies)
   0014 3D            [ 4]   15     dec a
   0015 32 00 00      [13]   16     ld (NumberOfEnemies), a
   0018 FE 00         [ 7]   17     cp #0
   001A CC 00 00      [17]   18     call z, openTeleporter
                             19 
   001D F5            [11]   20     push af
                             21 
   001E CD 00 00      [17]   22     call dw_drawAndUpdateHUDEnemies
   0021 CD 00 00      [17]   23     call swapBuffers
   0024 CD 00 00      [17]   24     call dw_drawAndUpdateHUDEnemies
   0027 CD 00 00      [17]   25     call swapBuffers
                             26 
   002A F1            [10]   27     pop af
   002B FE 00         [ 7]   28     cp #k_max_enemies
                             29 
   002D D8            [11]   30     ret  c
   002E CD 00 00      [17]   31     call spawnEnemies
                             32 
                             33 
   0031 C9            [10]   34 ret
                             35 
   0032                      36 resetTilemap::
   0032 21 00 00      [10]   37     ld hl, #_g_00
   0035 0E 00         [ 7]   38     ld c, #VIEWPORT_WIDTH
   0037 06 00         [ 7]   39     ld b, #VIEWPORT_HEIGHT
   0039 11 1E 00      [10]   40     ld de, #30
   003C CD 00 00      [17]   41     call cpct_etm_setDrawTilemap4x8_ag_asm
   003F C9            [10]   42 ret
                             43 
                             44 
                             45 ;;===============================================
                             46 ;;  Waits for any key to be pressed. After that
                             47 ;;  it jumps to the memory position stored in HL
                             48 ;;  INPUT:  DE => Memory to jump when a
                             49 ;;                key is pressed
                             50 ;;  DESTROYS:   AF, BC, DE, HL
                             51 ;;===============================================
   0040                      52 waitInput::
   0040 D5            [11]   53     push de
   0041 CD 00 00      [17]   54         call cpct_nextRandom_mxor_u8_asm
   0044 E5            [11]   55         push hl
   0045 CD 00 00      [17]   56             call cpct_scanKeyboard_asm
ASxxxx Assembler V02.00 + NoICE + SDCC mods  (Zilog Z80 / Hitachi HD64180), page 5.
Hexadecimal [16-Bits]



   0048 CD 00 00      [17]   57             call cpct_isAnyKeyPressed_asm
   004B E1            [10]   58         pop hl
   004C D1            [10]   59     pop de
   004D 28 F1         [12]   60     jr z, waitInput
   004F EB            [ 4]   61     ex de, hl
   0050 E9            [ 4]   62     jp (hl)
   0051 C9            [10]   63 ret
