                              1 ;--------------------------------------------------------
                              2 ; File Created by SDCC : free open source ANSI-C Compiler
                              3 ; Version 3.6.8 #9946 (Linux)
                              4 ;--------------------------------------------------------
                              5 	.module Mapa
                              6 	.optsdcc -mz80
                              7 	
                              8 ;--------------------------------------------------------
                              9 ; Public variables in this module
                             10 ;--------------------------------------------------------
                             11 	.globl _nivel1
                             12 ;--------------------------------------------------------
                             13 ; special function registers
                             14 ;--------------------------------------------------------
                             15 ;--------------------------------------------------------
                             16 ; ram data
                             17 ;--------------------------------------------------------
                             18 	.area _DATA
                             19 ;--------------------------------------------------------
                             20 ; ram data
                             21 ;--------------------------------------------------------
                             22 	.area _INITIALIZED
                             23 ;--------------------------------------------------------
                             24 ; absolute external ram data
                             25 ;--------------------------------------------------------
                             26 	.area _DABS (ABS)
                             27 ;--------------------------------------------------------
                             28 ; global & static initialisations
                             29 ;--------------------------------------------------------
                             30 	.area _HOME
                             31 	.area _GSINIT
                             32 	.area _GSFINAL
                             33 	.area _GSINIT
                             34 ;--------------------------------------------------------
                             35 ; Home
                             36 ;--------------------------------------------------------
                             37 	.area _HOME
                             38 	.area _HOME
                             39 ;--------------------------------------------------------
                             40 ; code
                             41 ;--------------------------------------------------------
                             42 	.area _CODE
                             43 	.area _CODE
   0000                      44 _nivel1:
   0000 07                   45 	.db #0x07	; 7
   0001 08                   46 	.db #0x08	; 8
   0002 08                   47 	.db #0x08	; 8
   0003 08                   48 	.db #0x08	; 8
   0004 08                   49 	.db #0x08	; 8
   0005 08                   50 	.db #0x08	; 8
   0006 08                   51 	.db #0x08	; 8
   0007 08                   52 	.db #0x08	; 8
   0008 08                   53 	.db #0x08	; 8
   0009 08                   54 	.db #0x08	; 8
   000A 08                   55 	.db #0x08	; 8
   000B 08                   56 	.db #0x08	; 8
   000C 08                   57 	.db #0x08	; 8
   000D 08                   58 	.db #0x08	; 8
   000E 08                   59 	.db #0x08	; 8
   000F 08                   60 	.db #0x08	; 8
   0010 08                   61 	.db #0x08	; 8
   0011 08                   62 	.db #0x08	; 8
   0012 08                   63 	.db #0x08	; 8
   0013 08                   64 	.db #0x08	; 8
   0014 08                   65 	.db #0x08	; 8
   0015 08                   66 	.db #0x08	; 8
   0016 08                   67 	.db #0x08	; 8
   0017 08                   68 	.db #0x08	; 8
   0018 08                   69 	.db #0x08	; 8
   0019 08                   70 	.db #0x08	; 8
   001A 08                   71 	.db #0x08	; 8
   001B 08                   72 	.db #0x08	; 8
   001C 07                   73 	.db #0x07	; 7
   001D 07                   74 	.db #0x07	; 7
   001E 0A                   75 	.db #0x0a	; 10
   001F 12                   76 	.db #0x12	; 18
   0020 12                   77 	.db #0x12	; 18
   0021 12                   78 	.db #0x12	; 18
   0022 12                   79 	.db #0x12	; 18
   0023 0A                   80 	.db #0x0a	; 10
   0024 12                   81 	.db #0x12	; 18
   0025 0A                   82 	.db #0x0a	; 10
   0026 0A                   83 	.db #0x0a	; 10
   0027 12                   84 	.db #0x12	; 18
   0028 13                   85 	.db #0x13	; 19
   0029 13                   86 	.db #0x13	; 19
   002A 13                   87 	.db #0x13	; 19
   002B 13                   88 	.db #0x13	; 19
   002C 13                   89 	.db #0x13	; 19
   002D 13                   90 	.db #0x13	; 19
   002E 13                   91 	.db #0x13	; 19
   002F 13                   92 	.db #0x13	; 19
   0030 13                   93 	.db #0x13	; 19
   0031 13                   94 	.db #0x13	; 19
   0032 13                   95 	.db #0x13	; 19
   0033 12                   96 	.db #0x12	; 18
   0034 13                   97 	.db #0x13	; 19
   0035 12                   98 	.db #0x12	; 18
   0036 13                   99 	.db #0x13	; 19
   0037 13                  100 	.db #0x13	; 19
   0038 13                  101 	.db #0x13	; 19
   0039 07                  102 	.db #0x07	; 7
   003A 07                  103 	.db #0x07	; 7
   003B 16                  104 	.db #0x16	; 22
   003C 15                  105 	.db #0x15	; 21
   003D 15                  106 	.db #0x15	; 21
   003E 15                  107 	.db #0x15	; 21
   003F 15                  108 	.db #0x15	; 21
   0040 15                  109 	.db #0x15	; 21
   0041 15                  110 	.db #0x15	; 21
   0042 15                  111 	.db #0x15	; 21
   0043 15                  112 	.db #0x15	; 21
   0044 15                  113 	.db #0x15	; 21
   0045 15                  114 	.db #0x15	; 21
   0046 15                  115 	.db #0x15	; 21
   0047 15                  116 	.db #0x15	; 21
   0048 15                  117 	.db #0x15	; 21
   0049 15                  118 	.db #0x15	; 21
   004A 15                  119 	.db #0x15	; 21
   004B 15                  120 	.db #0x15	; 21
   004C 15                  121 	.db #0x15	; 21
   004D 15                  122 	.db #0x15	; 21
   004E 15                  123 	.db #0x15	; 21
   004F 15                  124 	.db #0x15	; 21
   0050 15                  125 	.db #0x15	; 21
   0051 15                  126 	.db #0x15	; 21
   0052 15                  127 	.db #0x15	; 21
   0053 15                  128 	.db #0x15	; 21
   0054 15                  129 	.db #0x15	; 21
   0055 15                  130 	.db #0x15	; 21
   0056 07                  131 	.db #0x07	; 7
   0057 07                  132 	.db #0x07	; 7
   0058 15                  133 	.db #0x15	; 21
   0059 1A                  134 	.db #0x1a	; 26
   005A 1A                  135 	.db #0x1a	; 26
   005B 1A                  136 	.db #0x1a	; 26
   005C 1A                  137 	.db #0x1a	; 26
   005D 1A                  138 	.db #0x1a	; 26
   005E 1A                  139 	.db #0x1a	; 26
   005F 1A                  140 	.db #0x1a	; 26
   0060 15                  141 	.db #0x15	; 21
   0061 15                  142 	.db #0x15	; 21
   0062 15                  143 	.db #0x15	; 21
   0063 15                  144 	.db #0x15	; 21
   0064 15                  145 	.db #0x15	; 21
   0065 15                  146 	.db #0x15	; 21
   0066 15                  147 	.db #0x15	; 21
   0067 15                  148 	.db #0x15	; 21
   0068 15                  149 	.db #0x15	; 21
   0069 15                  150 	.db #0x15	; 21
   006A 15                  151 	.db #0x15	; 21
   006B 15                  152 	.db #0x15	; 21
   006C 15                  153 	.db #0x15	; 21
   006D 15                  154 	.db #0x15	; 21
   006E 15                  155 	.db #0x15	; 21
   006F 15                  156 	.db #0x15	; 21
   0070 15                  157 	.db #0x15	; 21
   0071 15                  158 	.db #0x15	; 21
   0072 15                  159 	.db #0x15	; 21
   0073 07                  160 	.db #0x07	; 7
   0074 07                  161 	.db #0x07	; 7
   0075 15                  162 	.db #0x15	; 21
   0076 1A                  163 	.db #0x1a	; 26
   0077 1A                  164 	.db #0x1a	; 26
   0078 1A                  165 	.db #0x1a	; 26
   0079 1A                  166 	.db #0x1a	; 26
   007A 1A                  167 	.db #0x1a	; 26
   007B 1A                  168 	.db #0x1a	; 26
   007C 1A                  169 	.db #0x1a	; 26
   007D 15                  170 	.db #0x15	; 21
   007E 15                  171 	.db #0x15	; 21
   007F 15                  172 	.db #0x15	; 21
   0080 15                  173 	.db #0x15	; 21
   0081 15                  174 	.db #0x15	; 21
   0082 15                  175 	.db #0x15	; 21
   0083 15                  176 	.db #0x15	; 21
   0084 15                  177 	.db #0x15	; 21
   0085 15                  178 	.db #0x15	; 21
   0086 15                  179 	.db #0x15	; 21
   0087 15                  180 	.db #0x15	; 21
   0088 15                  181 	.db #0x15	; 21
   0089 15                  182 	.db #0x15	; 21
   008A 15                  183 	.db #0x15	; 21
   008B 15                  184 	.db #0x15	; 21
   008C 15                  185 	.db #0x15	; 21
   008D 15                  186 	.db #0x15	; 21
   008E 15                  187 	.db #0x15	; 21
   008F 15                  188 	.db #0x15	; 21
   0090 07                  189 	.db #0x07	; 7
   0091 07                  190 	.db #0x07	; 7
   0092 15                  191 	.db #0x15	; 21
   0093 27                  192 	.db #0x27	; 39
   0094 27                  193 	.db #0x27	; 39
   0095 28                  194 	.db #0x28	; 40
   0096 28                  195 	.db #0x28	; 40
   0097 28                  196 	.db #0x28	; 40
   0098 1A                  197 	.db #0x1a	; 26
   0099 1A                  198 	.db #0x1a	; 26
   009A 15                  199 	.db #0x15	; 21
   009B 15                  200 	.db #0x15	; 21
   009C 15                  201 	.db #0x15	; 21
   009D 15                  202 	.db #0x15	; 21
   009E 15                  203 	.db #0x15	; 21
   009F 15                  204 	.db #0x15	; 21
   00A0 15                  205 	.db #0x15	; 21
   00A1 15                  206 	.db #0x15	; 21
   00A2 15                  207 	.db #0x15	; 21
   00A3 15                  208 	.db #0x15	; 21
   00A4 15                  209 	.db #0x15	; 21
   00A5 15                  210 	.db #0x15	; 21
   00A6 15                  211 	.db #0x15	; 21
   00A7 15                  212 	.db #0x15	; 21
   00A8 15                  213 	.db #0x15	; 21
   00A9 15                  214 	.db #0x15	; 21
   00AA 15                  215 	.db #0x15	; 21
   00AB 15                  216 	.db #0x15	; 21
   00AC 15                  217 	.db #0x15	; 21
   00AD 07                  218 	.db #0x07	; 7
   00AE 07                  219 	.db #0x07	; 7
   00AF 15                  220 	.db #0x15	; 21
   00B0 27                  221 	.db #0x27	; 39
   00B1 27                  222 	.db #0x27	; 39
   00B2 28                  223 	.db #0x28	; 40
   00B3 29                  224 	.db #0x29	; 41
   00B4 28                  225 	.db #0x28	; 40
   00B5 1A                  226 	.db #0x1a	; 26
   00B6 1A                  227 	.db #0x1a	; 26
   00B7 15                  228 	.db #0x15	; 21
   00B8 15                  229 	.db #0x15	; 21
   00B9 15                  230 	.db #0x15	; 21
   00BA 15                  231 	.db #0x15	; 21
   00BB 15                  232 	.db #0x15	; 21
   00BC 15                  233 	.db #0x15	; 21
   00BD 15                  234 	.db #0x15	; 21
   00BE 15                  235 	.db #0x15	; 21
   00BF 15                  236 	.db #0x15	; 21
   00C0 15                  237 	.db #0x15	; 21
   00C1 15                  238 	.db #0x15	; 21
   00C2 15                  239 	.db #0x15	; 21
   00C3 15                  240 	.db #0x15	; 21
   00C4 15                  241 	.db #0x15	; 21
   00C5 15                  242 	.db #0x15	; 21
   00C6 15                  243 	.db #0x15	; 21
   00C7 15                  244 	.db #0x15	; 21
   00C8 15                  245 	.db #0x15	; 21
   00C9 15                  246 	.db #0x15	; 21
   00CA 07                  247 	.db #0x07	; 7
   00CB 07                  248 	.db #0x07	; 7
   00CC 15                  249 	.db #0x15	; 21
   00CD 1A                  250 	.db #0x1a	; 26
   00CE 1A                  251 	.db #0x1a	; 26
   00CF 28                  252 	.db #0x28	; 40
   00D0 28                  253 	.db #0x28	; 40
   00D1 15                  254 	.db #0x15	; 21
   00D2 1A                  255 	.db #0x1a	; 26
   00D3 1A                  256 	.db #0x1a	; 26
   00D4 15                  257 	.db #0x15	; 21
   00D5 15                  258 	.db #0x15	; 21
   00D6 15                  259 	.db #0x15	; 21
   00D7 15                  260 	.db #0x15	; 21
   00D8 15                  261 	.db #0x15	; 21
   00D9 15                  262 	.db #0x15	; 21
   00DA 15                  263 	.db #0x15	; 21
   00DB 15                  264 	.db #0x15	; 21
   00DC 15                  265 	.db #0x15	; 21
   00DD 15                  266 	.db #0x15	; 21
   00DE 15                  267 	.db #0x15	; 21
   00DF 15                  268 	.db #0x15	; 21
   00E0 15                  269 	.db #0x15	; 21
   00E1 15                  270 	.db #0x15	; 21
   00E2 15                  271 	.db #0x15	; 21
   00E3 15                  272 	.db #0x15	; 21
   00E4 15                  273 	.db #0x15	; 21
   00E5 15                  274 	.db #0x15	; 21
   00E6 15                  275 	.db #0x15	; 21
   00E7 07                  276 	.db #0x07	; 7
   00E8 07                  277 	.db #0x07	; 7
   00E9 15                  278 	.db #0x15	; 21
   00EA 1A                  279 	.db #0x1a	; 26
   00EB 1A                  280 	.db #0x1a	; 26
   00EC 1A                  281 	.db #0x1a	; 26
   00ED 1A                  282 	.db #0x1a	; 26
   00EE 1A                  283 	.db #0x1a	; 26
   00EF 1A                  284 	.db #0x1a	; 26
   00F0 1A                  285 	.db #0x1a	; 26
   00F1 15                  286 	.db #0x15	; 21
   00F2 15                  287 	.db #0x15	; 21
   00F3 15                  288 	.db #0x15	; 21
   00F4 15                  289 	.db #0x15	; 21
   00F5 15                  290 	.db #0x15	; 21
   00F6 15                  291 	.db #0x15	; 21
   00F7 15                  292 	.db #0x15	; 21
   00F8 15                  293 	.db #0x15	; 21
   00F9 07                  294 	.db #0x07	; 7
   00FA 08                  295 	.db #0x08	; 8
   00FB 08                  296 	.db #0x08	; 8
   00FC 08                  297 	.db #0x08	; 8
   00FD 08                  298 	.db #0x08	; 8
   00FE 08                  299 	.db #0x08	; 8
   00FF 08                  300 	.db #0x08	; 8
   0100 08                  301 	.db #0x08	; 8
   0101 08                  302 	.db #0x08	; 8
   0102 08                  303 	.db #0x08	; 8
   0103 08                  304 	.db #0x08	; 8
   0104 07                  305 	.db #0x07	; 7
   0105 07                  306 	.db #0x07	; 7
   0106 15                  307 	.db #0x15	; 21
   0107 1A                  308 	.db #0x1a	; 26
   0108 1A                  309 	.db #0x1a	; 26
   0109 1A                  310 	.db #0x1a	; 26
   010A 1A                  311 	.db #0x1a	; 26
   010B 1A                  312 	.db #0x1a	; 26
   010C 1A                  313 	.db #0x1a	; 26
   010D 1A                  314 	.db #0x1a	; 26
   010E 15                  315 	.db #0x15	; 21
   010F 15                  316 	.db #0x15	; 21
   0110 15                  317 	.db #0x15	; 21
   0111 15                  318 	.db #0x15	; 21
   0112 15                  319 	.db #0x15	; 21
   0113 15                  320 	.db #0x15	; 21
   0114 15                  321 	.db #0x15	; 21
   0115 15                  322 	.db #0x15	; 21
   0116 07                  323 	.db #0x07	; 7
   0117 13                  324 	.db #0x13	; 19
   0118 13                  325 	.db #0x13	; 19
   0119 38                  326 	.db #0x38	; 56	'8'
   011A 13                  327 	.db #0x13	; 19
   011B 38                  328 	.db #0x38	; 56	'8'
   011C 0A                  329 	.db #0x0a	; 10
   011D 0A                  330 	.db #0x0a	; 10
   011E 0A                  331 	.db #0x0a	; 10
   011F 0A                  332 	.db #0x0a	; 10
   0120 0A                  333 	.db #0x0a	; 10
   0121 0A                  334 	.db #0x0a	; 10
   0122 07                  335 	.db #0x07	; 7
   0123 15                  336 	.db #0x15	; 21
   0124 15                  337 	.db #0x15	; 21
   0125 3D                  338 	.db #0x3d	; 61
   0126 3D                  339 	.db #0x3d	; 61
   0127 3D                  340 	.db #0x3d	; 61
   0128 3D                  341 	.db #0x3d	; 61
   0129 3D                  342 	.db #0x3d	; 61
   012A 15                  343 	.db #0x15	; 21
   012B 15                  344 	.db #0x15	; 21
   012C 15                  345 	.db #0x15	; 21
   012D 15                  346 	.db #0x15	; 21
   012E 15                  347 	.db #0x15	; 21
   012F 15                  348 	.db #0x15	; 21
   0130 15                  349 	.db #0x15	; 21
   0131 15                  350 	.db #0x15	; 21
   0132 15                  351 	.db #0x15	; 21
   0133 07                  352 	.db #0x07	; 7
   0134 34                  353 	.db #0x34	; 52	'4'
   0135 34                  354 	.db #0x34	; 52	'4'
   0136 34                  355 	.db #0x34	; 52	'4'
   0137 34                  356 	.db #0x34	; 52	'4'
   0138 34                  357 	.db #0x34	; 52	'4'
   0139 34                  358 	.db #0x34	; 52	'4'
   013A 34                  359 	.db #0x34	; 52	'4'
   013B 34                  360 	.db #0x34	; 52	'4'
   013C 34                  361 	.db #0x34	; 52	'4'
   013D 34                  362 	.db #0x34	; 52	'4'
   013E 34                  363 	.db #0x34	; 52	'4'
   013F 07                  364 	.db #0x07	; 7
   0140 15                  365 	.db #0x15	; 21
   0141 15                  366 	.db #0x15	; 21
   0142 3D                  367 	.db #0x3d	; 61
   0143 3D                  368 	.db #0x3d	; 61
   0144 3D                  369 	.db #0x3d	; 61
   0145 3D                  370 	.db #0x3d	; 61
   0146 15                  371 	.db #0x15	; 21
   0147 15                  372 	.db #0x15	; 21
   0148 15                  373 	.db #0x15	; 21
   0149 15                  374 	.db #0x15	; 21
   014A 15                  375 	.db #0x15	; 21
   014B 15                  376 	.db #0x15	; 21
   014C 15                  377 	.db #0x15	; 21
   014D 15                  378 	.db #0x15	; 21
   014E 15                  379 	.db #0x15	; 21
   014F 15                  380 	.db #0x15	; 21
   0150 07                  381 	.db #0x07	; 7
   0151 06                  382 	.db #0x06	; 6
   0152 06                  383 	.db #0x06	; 6
   0153 06                  384 	.db #0x06	; 6
   0154 06                  385 	.db #0x06	; 6
   0155 06                  386 	.db #0x06	; 6
   0156 06                  387 	.db #0x06	; 6
   0157 06                  388 	.db #0x06	; 6
   0158 06                  389 	.db #0x06	; 6
   0159 06                  390 	.db #0x06	; 6
   015A 06                  391 	.db #0x06	; 6
   015B 06                  392 	.db #0x06	; 6
   015C 07                  393 	.db #0x07	; 7
   015D 15                  394 	.db #0x15	; 21
   015E 15                  395 	.db #0x15	; 21
   015F 3D                  396 	.db #0x3d	; 61
   0160 3D                  397 	.db #0x3d	; 61
   0161 3D                  398 	.db #0x3d	; 61
   0162 3D                  399 	.db #0x3d	; 61
   0163 15                  400 	.db #0x15	; 21
   0164 15                  401 	.db #0x15	; 21
   0165 15                  402 	.db #0x15	; 21
   0166 15                  403 	.db #0x15	; 21
   0167 15                  404 	.db #0x15	; 21
   0168 15                  405 	.db #0x15	; 21
   0169 15                  406 	.db #0x15	; 21
   016A 15                  407 	.db #0x15	; 21
   016B 15                  408 	.db #0x15	; 21
   016C 15                  409 	.db #0x15	; 21
   016D 07                  410 	.db #0x07	; 7
   016E 06                  411 	.db #0x06	; 6
   016F 06                  412 	.db #0x06	; 6
   0170 06                  413 	.db #0x06	; 6
   0171 06                  414 	.db #0x06	; 6
   0172 06                  415 	.db #0x06	; 6
   0173 06                  416 	.db #0x06	; 6
   0174 06                  417 	.db #0x06	; 6
   0175 06                  418 	.db #0x06	; 6
   0176 06                  419 	.db #0x06	; 6
   0177 06                  420 	.db #0x06	; 6
   0178 06                  421 	.db #0x06	; 6
   0179 07                  422 	.db #0x07	; 7
   017A 15                  423 	.db #0x15	; 21
   017B 15                  424 	.db #0x15	; 21
   017C 3D                  425 	.db #0x3d	; 61
   017D 3D                  426 	.db #0x3d	; 61
   017E 3D                  427 	.db #0x3d	; 61
   017F 3D                  428 	.db #0x3d	; 61
   0180 15                  429 	.db #0x15	; 21
   0181 15                  430 	.db #0x15	; 21
   0182 15                  431 	.db #0x15	; 21
   0183 15                  432 	.db #0x15	; 21
   0184 15                  433 	.db #0x15	; 21
   0185 15                  434 	.db #0x15	; 21
   0186 15                  435 	.db #0x15	; 21
   0187 15                  436 	.db #0x15	; 21
   0188 15                  437 	.db #0x15	; 21
   0189 15                  438 	.db #0x15	; 21
   018A 07                  439 	.db #0x07	; 7
   018B 06                  440 	.db #0x06	; 6
   018C 06                  441 	.db #0x06	; 6
   018D 06                  442 	.db #0x06	; 6
   018E 06                  443 	.db #0x06	; 6
   018F 06                  444 	.db #0x06	; 6
   0190 06                  445 	.db #0x06	; 6
   0191 06                  446 	.db #0x06	; 6
   0192 06                  447 	.db #0x06	; 6
   0193 06                  448 	.db #0x06	; 6
   0194 06                  449 	.db #0x06	; 6
   0195 06                  450 	.db #0x06	; 6
   0196 07                  451 	.db #0x07	; 7
   0197 15                  452 	.db #0x15	; 21
   0198 15                  453 	.db #0x15	; 21
   0199 15                  454 	.db #0x15	; 21
   019A 15                  455 	.db #0x15	; 21
   019B 3D                  456 	.db #0x3d	; 61
   019C 3D                  457 	.db #0x3d	; 61
   019D 15                  458 	.db #0x15	; 21
   019E 15                  459 	.db #0x15	; 21
   019F 15                  460 	.db #0x15	; 21
   01A0 15                  461 	.db #0x15	; 21
   01A1 15                  462 	.db #0x15	; 21
   01A2 15                  463 	.db #0x15	; 21
   01A3 15                  464 	.db #0x15	; 21
   01A4 15                  465 	.db #0x15	; 21
   01A5 15                  466 	.db #0x15	; 21
   01A6 15                  467 	.db #0x15	; 21
   01A7 07                  468 	.db #0x07	; 7
   01A8 06                  469 	.db #0x06	; 6
   01A9 06                  470 	.db #0x06	; 6
   01AA 06                  471 	.db #0x06	; 6
   01AB 06                  472 	.db #0x06	; 6
   01AC 15                  473 	.db #0x15	; 21
   01AD 15                  474 	.db #0x15	; 21
   01AE 15                  475 	.db #0x15	; 21
   01AF 15                  476 	.db #0x15	; 21
   01B0 15                  477 	.db #0x15	; 21
   01B1 15                  478 	.db #0x15	; 21
   01B2 15                  479 	.db #0x15	; 21
   01B3 07                  480 	.db #0x07	; 7
   01B4 08                  481 	.db #0x08	; 8
   01B5 08                  482 	.db #0x08	; 8
   01B6 08                  483 	.db #0x08	; 8
   01B7 08                  484 	.db #0x08	; 8
   01B8 08                  485 	.db #0x08	; 8
   01B9 3D                  486 	.db #0x3d	; 61
   01BA 15                  487 	.db #0x15	; 21
   01BB 15                  488 	.db #0x15	; 21
   01BC 08                  489 	.db #0x08	; 8
   01BD 08                  490 	.db #0x08	; 8
   01BE 08                  491 	.db #0x08	; 8
   01BF 08                  492 	.db #0x08	; 8
   01C0 08                  493 	.db #0x08	; 8
   01C1 08                  494 	.db #0x08	; 8
   01C2 08                  495 	.db #0x08	; 8
   01C3 08                  496 	.db #0x08	; 8
   01C4 07                  497 	.db #0x07	; 7
   01C5 06                  498 	.db #0x06	; 6
   01C6 06                  499 	.db #0x06	; 6
   01C7 06                  500 	.db #0x06	; 6
   01C8 06                  501 	.db #0x06	; 6
   01C9 15                  502 	.db #0x15	; 21
   01CA 15                  503 	.db #0x15	; 21
   01CB 15                  504 	.db #0x15	; 21
   01CC 15                  505 	.db #0x15	; 21
   01CD 15                  506 	.db #0x15	; 21
   01CE 15                  507 	.db #0x15	; 21
   01CF 15                  508 	.db #0x15	; 21
   01D0 07                  509 	.db #0x07	; 7
   01D1 0A                  510 	.db #0x0a	; 10
   01D2 0A                  511 	.db #0x0a	; 10
   01D3 0A                  512 	.db #0x0a	; 10
   01D4 0A                  513 	.db #0x0a	; 10
   01D5 38                  514 	.db #0x38	; 56	'8'
   01D6 3D                  515 	.db #0x3d	; 61
   01D7 15                  516 	.db #0x15	; 21
   01D8 15                  517 	.db #0x15	; 21
   01D9 13                  518 	.db #0x13	; 19
   01DA 13                  519 	.db #0x13	; 19
   01DB 13                  520 	.db #0x13	; 19
   01DC 37                  521 	.db #0x37	; 55	'7'
   01DD 37                  522 	.db #0x37	; 55	'7'
   01DE 37                  523 	.db #0x37	; 55	'7'
   01DF 13                  524 	.db #0x13	; 19
   01E0 13                  525 	.db #0x13	; 19
   01E1 07                  526 	.db #0x07	; 7
   01E2 06                  527 	.db #0x06	; 6
   01E3 06                  528 	.db #0x06	; 6
   01E4 06                  529 	.db #0x06	; 6
   01E5 06                  530 	.db #0x06	; 6
   01E6 15                  531 	.db #0x15	; 21
   01E7 15                  532 	.db #0x15	; 21
   01E8 15                  533 	.db #0x15	; 21
   01E9 15                  534 	.db #0x15	; 21
   01EA 15                  535 	.db #0x15	; 21
   01EB 15                  536 	.db #0x15	; 21
   01EC 15                  537 	.db #0x15	; 21
   01ED 07                  538 	.db #0x07	; 7
   01EE 15                  539 	.db #0x15	; 21
   01EF 15                  540 	.db #0x15	; 21
   01F0 15                  541 	.db #0x15	; 21
   01F1 15                  542 	.db #0x15	; 21
   01F2 15                  543 	.db #0x15	; 21
   01F3 3D                  544 	.db #0x3d	; 61
   01F4 15                  545 	.db #0x15	; 21
   01F5 15                  546 	.db #0x15	; 21
   01F6 15                  547 	.db #0x15	; 21
   01F7 15                  548 	.db #0x15	; 21
   01F8 15                  549 	.db #0x15	; 21
   01F9 15                  550 	.db #0x15	; 21
   01FA 15                  551 	.db #0x15	; 21
   01FB 15                  552 	.db #0x15	; 21
   01FC 15                  553 	.db #0x15	; 21
   01FD 15                  554 	.db #0x15	; 21
   01FE 07                  555 	.db #0x07	; 7
   01FF 06                  556 	.db #0x06	; 6
   0200 06                  557 	.db #0x06	; 6
   0201 06                  558 	.db #0x06	; 6
   0202 06                  559 	.db #0x06	; 6
   0203 15                  560 	.db #0x15	; 21
   0204 15                  561 	.db #0x15	; 21
   0205 15                  562 	.db #0x15	; 21
   0206 15                  563 	.db #0x15	; 21
   0207 15                  564 	.db #0x15	; 21
   0208 15                  565 	.db #0x15	; 21
   0209 15                  566 	.db #0x15	; 21
   020A 07                  567 	.db #0x07	; 7
   020B 15                  568 	.db #0x15	; 21
   020C 15                  569 	.db #0x15	; 21
   020D 15                  570 	.db #0x15	; 21
   020E 15                  571 	.db #0x15	; 21
   020F 15                  572 	.db #0x15	; 21
   0210 3D                  573 	.db #0x3d	; 61
   0211 15                  574 	.db #0x15	; 21
   0212 15                  575 	.db #0x15	; 21
   0213 15                  576 	.db #0x15	; 21
   0214 15                  577 	.db #0x15	; 21
   0215 15                  578 	.db #0x15	; 21
   0216 15                  579 	.db #0x15	; 21
   0217 15                  580 	.db #0x15	; 21
   0218 15                  581 	.db #0x15	; 21
   0219 15                  582 	.db #0x15	; 21
   021A 15                  583 	.db #0x15	; 21
   021B 3B                  584 	.db #0x3b	; 59
   021C 06                  585 	.db #0x06	; 6
   021D 06                  586 	.db #0x06	; 6
   021E 06                  587 	.db #0x06	; 6
   021F 06                  588 	.db #0x06	; 6
   0220 15                  589 	.db #0x15	; 21
   0221 15                  590 	.db #0x15	; 21
   0222 15                  591 	.db #0x15	; 21
   0223 15                  592 	.db #0x15	; 21
   0224 15                  593 	.db #0x15	; 21
   0225 15                  594 	.db #0x15	; 21
   0226 15                  595 	.db #0x15	; 21
   0227 07                  596 	.db #0x07	; 7
   0228 15                  597 	.db #0x15	; 21
   0229 15                  598 	.db #0x15	; 21
   022A 15                  599 	.db #0x15	; 21
   022B 15                  600 	.db #0x15	; 21
   022C 15                  601 	.db #0x15	; 21
   022D 3D                  602 	.db #0x3d	; 61
   022E 15                  603 	.db #0x15	; 21
   022F 15                  604 	.db #0x15	; 21
   0230 15                  605 	.db #0x15	; 21
   0231 15                  606 	.db #0x15	; 21
   0232 15                  607 	.db #0x15	; 21
   0233 15                  608 	.db #0x15	; 21
   0234 15                  609 	.db #0x15	; 21
   0235 15                  610 	.db #0x15	; 21
   0236 15                  611 	.db #0x15	; 21
   0237 15                  612 	.db #0x15	; 21
   0238 0A                  613 	.db #0x0a	; 10
   0239 06                  614 	.db #0x06	; 6
   023A 06                  615 	.db #0x06	; 6
   023B 06                  616 	.db #0x06	; 6
   023C 06                  617 	.db #0x06	; 6
   023D 15                  618 	.db #0x15	; 21
   023E 15                  619 	.db #0x15	; 21
   023F 15                  620 	.db #0x15	; 21
   0240 15                  621 	.db #0x15	; 21
   0241 15                  622 	.db #0x15	; 21
   0242 15                  623 	.db #0x15	; 21
   0243 15                  624 	.db #0x15	; 21
   0244 07                  625 	.db #0x07	; 7
   0245 15                  626 	.db #0x15	; 21
   0246 15                  627 	.db #0x15	; 21
   0247 15                  628 	.db #0x15	; 21
   0248 15                  629 	.db #0x15	; 21
   0249 15                  630 	.db #0x15	; 21
   024A 3D                  631 	.db #0x3d	; 61
   024B 15                  632 	.db #0x15	; 21
   024C 15                  633 	.db #0x15	; 21
   024D 15                  634 	.db #0x15	; 21
   024E 15                  635 	.db #0x15	; 21
   024F 15                  636 	.db #0x15	; 21
   0250 15                  637 	.db #0x15	; 21
   0251 15                  638 	.db #0x15	; 21
   0252 15                  639 	.db #0x15	; 21
   0253 15                  640 	.db #0x15	; 21
   0254 15                  641 	.db #0x15	; 21
   0255 0A                  642 	.db #0x0a	; 10
   0256 06                  643 	.db #0x06	; 6
   0257 06                  644 	.db #0x06	; 6
   0258 06                  645 	.db #0x06	; 6
   0259 06                  646 	.db #0x06	; 6
   025A 15                  647 	.db #0x15	; 21
   025B 15                  648 	.db #0x15	; 21
   025C 15                  649 	.db #0x15	; 21
   025D 15                  650 	.db #0x15	; 21
   025E 15                  651 	.db #0x15	; 21
   025F 15                  652 	.db #0x15	; 21
   0260 15                  653 	.db #0x15	; 21
   0261 07                  654 	.db #0x07	; 7
   0262 15                  655 	.db #0x15	; 21
   0263 15                  656 	.db #0x15	; 21
   0264 15                  657 	.db #0x15	; 21
   0265 15                  658 	.db #0x15	; 21
   0266 15                  659 	.db #0x15	; 21
   0267 15                  660 	.db #0x15	; 21
   0268 15                  661 	.db #0x15	; 21
   0269 15                  662 	.db #0x15	; 21
   026A 15                  663 	.db #0x15	; 21
   026B 15                  664 	.db #0x15	; 21
   026C 15                  665 	.db #0x15	; 21
   026D 15                  666 	.db #0x15	; 21
   026E 15                  667 	.db #0x15	; 21
   026F 15                  668 	.db #0x15	; 21
   0270 15                  669 	.db #0x15	; 21
   0271 15                  670 	.db #0x15	; 21
   0272 15                  671 	.db #0x15	; 21
   0273 06                  672 	.db #0x06	; 6
   0274 06                  673 	.db #0x06	; 6
   0275 06                  674 	.db #0x06	; 6
   0276 06                  675 	.db #0x06	; 6
   0277 15                  676 	.db #0x15	; 21
   0278 15                  677 	.db #0x15	; 21
   0279 15                  678 	.db #0x15	; 21
   027A 15                  679 	.db #0x15	; 21
   027B 15                  680 	.db #0x15	; 21
   027C 15                  681 	.db #0x15	; 21
   027D 15                  682 	.db #0x15	; 21
   027E 07                  683 	.db #0x07	; 7
   027F 15                  684 	.db #0x15	; 21
   0280 15                  685 	.db #0x15	; 21
   0281 15                  686 	.db #0x15	; 21
   0282 15                  687 	.db #0x15	; 21
   0283 15                  688 	.db #0x15	; 21
   0284 15                  689 	.db #0x15	; 21
   0285 15                  690 	.db #0x15	; 21
   0286 15                  691 	.db #0x15	; 21
   0287 15                  692 	.db #0x15	; 21
   0288 15                  693 	.db #0x15	; 21
   0289 15                  694 	.db #0x15	; 21
   028A 15                  695 	.db #0x15	; 21
   028B 15                  696 	.db #0x15	; 21
   028C 15                  697 	.db #0x15	; 21
   028D 15                  698 	.db #0x15	; 21
   028E 15                  699 	.db #0x15	; 21
   028F 15                  700 	.db #0x15	; 21
   0290 06                  701 	.db #0x06	; 6
   0291 06                  702 	.db #0x06	; 6
   0292 06                  703 	.db #0x06	; 6
   0293 06                  704 	.db #0x06	; 6
   0294 15                  705 	.db #0x15	; 21
   0295 15                  706 	.db #0x15	; 21
   0296 15                  707 	.db #0x15	; 21
   0297 15                  708 	.db #0x15	; 21
   0298 15                  709 	.db #0x15	; 21
   0299 15                  710 	.db #0x15	; 21
   029A 15                  711 	.db #0x15	; 21
   029B 07                  712 	.db #0x07	; 7
   029C 15                  713 	.db #0x15	; 21
   029D 15                  714 	.db #0x15	; 21
   029E 15                  715 	.db #0x15	; 21
   029F 15                  716 	.db #0x15	; 21
   02A0 15                  717 	.db #0x15	; 21
   02A1 15                  718 	.db #0x15	; 21
   02A2 15                  719 	.db #0x15	; 21
   02A3 15                  720 	.db #0x15	; 21
   02A4 15                  721 	.db #0x15	; 21
   02A5 15                  722 	.db #0x15	; 21
   02A6 15                  723 	.db #0x15	; 21
   02A7 15                  724 	.db #0x15	; 21
   02A8 15                  725 	.db #0x15	; 21
   02A9 15                  726 	.db #0x15	; 21
   02AA 15                  727 	.db #0x15	; 21
   02AB 15                  728 	.db #0x15	; 21
   02AC 15                  729 	.db #0x15	; 21
   02AD 06                  730 	.db #0x06	; 6
   02AE 06                  731 	.db #0x06	; 6
   02AF 06                  732 	.db #0x06	; 6
   02B0 06                  733 	.db #0x06	; 6
   02B1 15                  734 	.db #0x15	; 21
   02B2 15                  735 	.db #0x15	; 21
   02B3 15                  736 	.db #0x15	; 21
   02B4 15                  737 	.db #0x15	; 21
   02B5 15                  738 	.db #0x15	; 21
   02B6 15                  739 	.db #0x15	; 21
   02B7 15                  740 	.db #0x15	; 21
   02B8 07                  741 	.db #0x07	; 7
   02B9 15                  742 	.db #0x15	; 21
   02BA 15                  743 	.db #0x15	; 21
   02BB 15                  744 	.db #0x15	; 21
   02BC 15                  745 	.db #0x15	; 21
   02BD 15                  746 	.db #0x15	; 21
   02BE 15                  747 	.db #0x15	; 21
   02BF 15                  748 	.db #0x15	; 21
   02C0 15                  749 	.db #0x15	; 21
   02C1 15                  750 	.db #0x15	; 21
   02C2 15                  751 	.db #0x15	; 21
   02C3 15                  752 	.db #0x15	; 21
   02C4 15                  753 	.db #0x15	; 21
   02C5 15                  754 	.db #0x15	; 21
   02C6 15                  755 	.db #0x15	; 21
   02C7 15                  756 	.db #0x15	; 21
   02C8 15                  757 	.db #0x15	; 21
   02C9 15                  758 	.db #0x15	; 21
   02CA 3F                  759 	.db #0x3f	; 63
   02CB 3F                  760 	.db #0x3f	; 63
   02CC 3F                  761 	.db #0x3f	; 63
   02CD 3F                  762 	.db #0x3f	; 63
   02CE 15                  763 	.db #0x15	; 21
   02CF 15                  764 	.db #0x15	; 21
   02D0 15                  765 	.db #0x15	; 21
   02D1 15                  766 	.db #0x15	; 21
   02D2 15                  767 	.db #0x15	; 21
   02D3 15                  768 	.db #0x15	; 21
   02D4 15                  769 	.db #0x15	; 21
   02D5 08                  770 	.db #0x08	; 8
   02D6 08                  771 	.db #0x08	; 8
   02D7 08                  772 	.db #0x08	; 8
   02D8 08                  773 	.db #0x08	; 8
   02D9 08                  774 	.db #0x08	; 8
   02DA 08                  775 	.db #0x08	; 8
   02DB 08                  776 	.db #0x08	; 8
   02DC 08                  777 	.db #0x08	; 8
   02DD 08                  778 	.db #0x08	; 8
   02DE 08                  779 	.db #0x08	; 8
   02DF 08                  780 	.db #0x08	; 8
   02E0 08                  781 	.db #0x08	; 8
   02E1 08                  782 	.db #0x08	; 8
   02E2 08                  783 	.db #0x08	; 8
   02E3 08                  784 	.db #0x08	; 8
   02E4 08                  785 	.db #0x08	; 8
   02E5 08                  786 	.db #0x08	; 8
   02E6 2C                  787 	.db #0x2c	; 44
   02E7 34                  788 	.db #0x34	; 52	'4'
   02E8 34                  789 	.db #0x34	; 52	'4'
   02E9 34                  790 	.db #0x34	; 52	'4'
   02EA 34                  791 	.db #0x34	; 52	'4'
   02EB 15                  792 	.db #0x15	; 21
   02EC 15                  793 	.db #0x15	; 21
   02ED 15                  794 	.db #0x15	; 21
   02EE 15                  795 	.db #0x15	; 21
   02EF 15                  796 	.db #0x15	; 21
   02F0 15                  797 	.db #0x15	; 21
   02F1 15                  798 	.db #0x15	; 21
   02F2 0A                  799 	.db #0x0a	; 10
   02F3 0B                  800 	.db #0x0b	; 11
   02F4 0A                  801 	.db #0x0a	; 10
   02F5 0A                  802 	.db #0x0a	; 10
   02F6 13                  803 	.db #0x13	; 19
   02F7 0A                  804 	.db #0x0a	; 10
   02F8 0B                  805 	.db #0x0b	; 11
   02F9 0A                  806 	.db #0x0a	; 10
   02FA 0A                  807 	.db #0x0a	; 10
   02FB 0A                  808 	.db #0x0a	; 10
   02FC 0A                  809 	.db #0x0a	; 10
   02FD 0A                  810 	.db #0x0a	; 10
   02FE 0B                  811 	.db #0x0b	; 11
   02FF 0A                  812 	.db #0x0a	; 10
   0300 0A                  813 	.db #0x0a	; 10
   0301 0B                  814 	.db #0x0b	; 11
   0302 0A                  815 	.db #0x0a	; 10
   0303 0A                  816 	.db #0x0a	; 10
   0304 06                  817 	.db #0x06	; 6
   0305 06                  818 	.db #0x06	; 6
   0306 06                  819 	.db #0x06	; 6
   0307 06                  820 	.db #0x06	; 6
   0308 15                  821 	.db #0x15	; 21
   0309 15                  822 	.db #0x15	; 21
   030A 15                  823 	.db #0x15	; 21
   030B 15                  824 	.db #0x15	; 21
   030C 15                  825 	.db #0x15	; 21
   030D 15                  826 	.db #0x15	; 21
   030E 15                  827 	.db #0x15	; 21
   030F 34                  828 	.db #0x34	; 52	'4'
   0310 34                  829 	.db #0x34	; 52	'4'
   0311 34                  830 	.db #0x34	; 52	'4'
   0312 34                  831 	.db #0x34	; 52	'4'
   0313 34                  832 	.db #0x34	; 52	'4'
   0314 34                  833 	.db #0x34	; 52	'4'
   0315 34                  834 	.db #0x34	; 52	'4'
   0316 34                  835 	.db #0x34	; 52	'4'
   0317 34                  836 	.db #0x34	; 52	'4'
   0318 34                  837 	.db #0x34	; 52	'4'
   0319 34                  838 	.db #0x34	; 52	'4'
   031A 34                  839 	.db #0x34	; 52	'4'
   031B 34                  840 	.db #0x34	; 52	'4'
   031C 34                  841 	.db #0x34	; 52	'4'
   031D 34                  842 	.db #0x34	; 52	'4'
   031E 34                  843 	.db #0x34	; 52	'4'
   031F 34                  844 	.db #0x34	; 52	'4'
   0320 34                  845 	.db #0x34	; 52	'4'
   0321 06                  846 	.db #0x06	; 6
   0322 06                  847 	.db #0x06	; 6
   0323 06                  848 	.db #0x06	; 6
   0324 06                  849 	.db #0x06	; 6
   0325 15                  850 	.db #0x15	; 21
   0326 15                  851 	.db #0x15	; 21
   0327 15                  852 	.db #0x15	; 21
   0328 15                  853 	.db #0x15	; 21
   0329 15                  854 	.db #0x15	; 21
   032A 15                  855 	.db #0x15	; 21
   032B 15                  856 	.db #0x15	; 21
                            857 	.area _INITIALIZER
                            858 	.area _CABS (ABS)
