                              1 ;--------------------------------------------------------
                              2 ; File Created by SDCC : free open source ANSI-C Compiler
                              3 ; Version 3.6.8 #9946 (Linux)
                              4 ;--------------------------------------------------------
                              5 	.module MapaBien
                              6 	.optsdcc -mz80
                              7 	
                              8 ;--------------------------------------------------------
                              9 ; Public variables in this module
                             10 ;--------------------------------------------------------
                             11 	.globl _nivel1
                             12 ;--------------------------------------------------------
                             13 ; special function registers
                             14 ;--------------------------------------------------------
                             15 ;--------------------------------------------------------
                             16 ; ram data
                             17 ;--------------------------------------------------------
                             18 	.area _DATA
                             19 ;--------------------------------------------------------
                             20 ; ram data
                             21 ;--------------------------------------------------------
                             22 	.area _INITIALIZED
                             23 ;--------------------------------------------------------
                             24 ; absolute external ram data
                             25 ;--------------------------------------------------------
                             26 	.area _DABS (ABS)
                             27 ;--------------------------------------------------------
                             28 ; global & static initialisations
                             29 ;--------------------------------------------------------
                             30 	.area _HOME
                             31 	.area _GSINIT
                             32 	.area _GSFINAL
                             33 	.area _GSINIT
                             34 ;--------------------------------------------------------
                             35 ; Home
                             36 ;--------------------------------------------------------
                             37 	.area _HOME
                             38 	.area _HOME
                             39 ;--------------------------------------------------------
                             40 ; code
                             41 ;--------------------------------------------------------
                             42 	.area _CODE
                             43 	.area _CODE
   0000                      44 _nivel1:
   0000 01                   45 	.db #0x01	; 1
   0001 02                   46 	.db #0x02	; 2
   0002 02                   47 	.db #0x02	; 2
   0003 02                   48 	.db #0x02	; 2
   0004 02                   49 	.db #0x02	; 2
   0005 02                   50 	.db #0x02	; 2
   0006 02                   51 	.db #0x02	; 2
   0007 02                   52 	.db #0x02	; 2
   0008 02                   53 	.db #0x02	; 2
   0009 02                   54 	.db #0x02	; 2
   000A 02                   55 	.db #0x02	; 2
   000B 02                   56 	.db #0x02	; 2
   000C 02                   57 	.db #0x02	; 2
   000D 02                   58 	.db #0x02	; 2
   000E 02                   59 	.db #0x02	; 2
   000F 02                   60 	.db #0x02	; 2
   0010 02                   61 	.db #0x02	; 2
   0011 02                   62 	.db #0x02	; 2
   0012 02                   63 	.db #0x02	; 2
   0013 02                   64 	.db #0x02	; 2
   0014 02                   65 	.db #0x02	; 2
   0015 02                   66 	.db #0x02	; 2
   0016 02                   67 	.db #0x02	; 2
   0017 02                   68 	.db #0x02	; 2
   0018 02                   69 	.db #0x02	; 2
   0019 02                   70 	.db #0x02	; 2
   001A 02                   71 	.db #0x02	; 2
   001B 02                   72 	.db #0x02	; 2
   001C 02                   73 	.db #0x02	; 2
   001D 03                   74 	.db #0x03	; 3
   001E 00                   75 	.db #0x00	; 0
   001F 07                   76 	.db #0x07	; 7
   0020 07                   77 	.db #0x07	; 7
   0021 07                   78 	.db #0x07	; 7
   0022 07                   79 	.db #0x07	; 7
   0023 07                   80 	.db #0x07	; 7
   0024 07                   81 	.db #0x07	; 7
   0025 07                   82 	.db #0x07	; 7
   0026 07                   83 	.db #0x07	; 7
   0027 07                   84 	.db #0x07	; 7
   0028 07                   85 	.db #0x07	; 7
   0029 07                   86 	.db #0x07	; 7
   002A 07                   87 	.db #0x07	; 7
   002B 07                   88 	.db #0x07	; 7
   002C 07                   89 	.db #0x07	; 7
   002D 07                   90 	.db #0x07	; 7
   002E 07                   91 	.db #0x07	; 7
   002F 07                   92 	.db #0x07	; 7
   0030 07                   93 	.db #0x07	; 7
   0031 07                   94 	.db #0x07	; 7
   0032 07                   95 	.db #0x07	; 7
   0033 07                   96 	.db #0x07	; 7
   0034 07                   97 	.db #0x07	; 7
   0035 07                   98 	.db #0x07	; 7
   0036 07                   99 	.db #0x07	; 7
   0037 07                  100 	.db #0x07	; 7
   0038 07                  101 	.db #0x07	; 7
   0039 07                  102 	.db #0x07	; 7
   003A 07                  103 	.db #0x07	; 7
   003B 00                  104 	.db #0x00	; 0
   003C 00                  105 	.db #0x00	; 0
   003D 07                  106 	.db #0x07	; 7
   003E 07                  107 	.db #0x07	; 7
   003F 07                  108 	.db #0x07	; 7
   0040 07                  109 	.db #0x07	; 7
   0041 07                  110 	.db #0x07	; 7
   0042 07                  111 	.db #0x07	; 7
   0043 07                  112 	.db #0x07	; 7
   0044 07                  113 	.db #0x07	; 7
   0045 07                  114 	.db #0x07	; 7
   0046 07                  115 	.db #0x07	; 7
   0047 07                  116 	.db #0x07	; 7
   0048 07                  117 	.db #0x07	; 7
   0049 07                  118 	.db #0x07	; 7
   004A 07                  119 	.db #0x07	; 7
   004B 07                  120 	.db #0x07	; 7
   004C 07                  121 	.db #0x07	; 7
   004D 07                  122 	.db #0x07	; 7
   004E 07                  123 	.db #0x07	; 7
   004F 07                  124 	.db #0x07	; 7
   0050 07                  125 	.db #0x07	; 7
   0051 07                  126 	.db #0x07	; 7
   0052 07                  127 	.db #0x07	; 7
   0053 07                  128 	.db #0x07	; 7
   0054 07                  129 	.db #0x07	; 7
   0055 07                  130 	.db #0x07	; 7
   0056 07                  131 	.db #0x07	; 7
   0057 06                  132 	.db #0x06	; 6
   0058 07                  133 	.db #0x07	; 7
   0059 00                  134 	.db #0x00	; 0
   005A 00                  135 	.db #0x00	; 0
   005B 07                  136 	.db #0x07	; 7
   005C 06                  137 	.db #0x06	; 6
   005D 07                  138 	.db #0x07	; 7
   005E 07                  139 	.db #0x07	; 7
   005F 07                  140 	.db #0x07	; 7
   0060 07                  141 	.db #0x07	; 7
   0061 07                  142 	.db #0x07	; 7
   0062 07                  143 	.db #0x07	; 7
   0063 07                  144 	.db #0x07	; 7
   0064 07                  145 	.db #0x07	; 7
   0065 07                  146 	.db #0x07	; 7
   0066 07                  147 	.db #0x07	; 7
   0067 07                  148 	.db #0x07	; 7
   0068 07                  149 	.db #0x07	; 7
   0069 07                  150 	.db #0x07	; 7
   006A 07                  151 	.db #0x07	; 7
   006B 07                  152 	.db #0x07	; 7
   006C 07                  153 	.db #0x07	; 7
   006D 07                  154 	.db #0x07	; 7
   006E 07                  155 	.db #0x07	; 7
   006F 07                  156 	.db #0x07	; 7
   0070 07                  157 	.db #0x07	; 7
   0071 07                  158 	.db #0x07	; 7
   0072 07                  159 	.db #0x07	; 7
   0073 07                  160 	.db #0x07	; 7
   0074 07                  161 	.db #0x07	; 7
   0075 07                  162 	.db #0x07	; 7
   0076 07                  163 	.db #0x07	; 7
   0077 00                  164 	.db #0x00	; 0
   0078 00                  165 	.db #0x00	; 0
   0079 07                  166 	.db #0x07	; 7
   007A 07                  167 	.db #0x07	; 7
   007B 07                  168 	.db #0x07	; 7
   007C 07                  169 	.db #0x07	; 7
   007D 07                  170 	.db #0x07	; 7
   007E 07                  171 	.db #0x07	; 7
   007F 07                  172 	.db #0x07	; 7
   0080 07                  173 	.db #0x07	; 7
   0081 07                  174 	.db #0x07	; 7
   0082 07                  175 	.db #0x07	; 7
   0083 07                  176 	.db #0x07	; 7
   0084 07                  177 	.db #0x07	; 7
   0085 07                  178 	.db #0x07	; 7
   0086 07                  179 	.db #0x07	; 7
   0087 07                  180 	.db #0x07	; 7
   0088 07                  181 	.db #0x07	; 7
   0089 07                  182 	.db #0x07	; 7
   008A 06                  183 	.db #0x06	; 6
   008B 07                  184 	.db #0x07	; 7
   008C 07                  185 	.db #0x07	; 7
   008D 07                  186 	.db #0x07	; 7
   008E 07                  187 	.db #0x07	; 7
   008F 07                  188 	.db #0x07	; 7
   0090 07                  189 	.db #0x07	; 7
   0091 07                  190 	.db #0x07	; 7
   0092 07                  191 	.db #0x07	; 7
   0093 07                  192 	.db #0x07	; 7
   0094 07                  193 	.db #0x07	; 7
   0095 00                  194 	.db #0x00	; 0
   0096 00                  195 	.db #0x00	; 0
   0097 07                  196 	.db #0x07	; 7
   0098 07                  197 	.db #0x07	; 7
   0099 07                  198 	.db #0x07	; 7
   009A 07                  199 	.db #0x07	; 7
   009B 06                  200 	.db #0x06	; 6
   009C 07                  201 	.db #0x07	; 7
   009D 07                  202 	.db #0x07	; 7
   009E 07                  203 	.db #0x07	; 7
   009F 06                  204 	.db #0x06	; 6
   00A0 07                  205 	.db #0x07	; 7
   00A1 07                  206 	.db #0x07	; 7
   00A2 07                  207 	.db #0x07	; 7
   00A3 07                  208 	.db #0x07	; 7
   00A4 07                  209 	.db #0x07	; 7
   00A5 07                  210 	.db #0x07	; 7
   00A6 07                  211 	.db #0x07	; 7
   00A7 07                  212 	.db #0x07	; 7
   00A8 07                  213 	.db #0x07	; 7
   00A9 07                  214 	.db #0x07	; 7
   00AA 07                  215 	.db #0x07	; 7
   00AB 07                  216 	.db #0x07	; 7
   00AC 07                  217 	.db #0x07	; 7
   00AD 07                  218 	.db #0x07	; 7
   00AE 07                  219 	.db #0x07	; 7
   00AF 07                  220 	.db #0x07	; 7
   00B0 07                  221 	.db #0x07	; 7
   00B1 07                  222 	.db #0x07	; 7
   00B2 07                  223 	.db #0x07	; 7
   00B3 00                  224 	.db #0x00	; 0
   00B4 00                  225 	.db #0x00	; 0
   00B5 07                  226 	.db #0x07	; 7
   00B6 07                  227 	.db #0x07	; 7
   00B7 07                  228 	.db #0x07	; 7
   00B8 07                  229 	.db #0x07	; 7
   00B9 07                  230 	.db #0x07	; 7
   00BA 07                  231 	.db #0x07	; 7
   00BB 07                  232 	.db #0x07	; 7
   00BC 07                  233 	.db #0x07	; 7
   00BD 07                  234 	.db #0x07	; 7
   00BE 07                  235 	.db #0x07	; 7
   00BF 07                  236 	.db #0x07	; 7
   00C0 07                  237 	.db #0x07	; 7
   00C1 07                  238 	.db #0x07	; 7
   00C2 07                  239 	.db #0x07	; 7
   00C3 07                  240 	.db #0x07	; 7
   00C4 07                  241 	.db #0x07	; 7
   00C5 07                  242 	.db #0x07	; 7
   00C6 07                  243 	.db #0x07	; 7
   00C7 07                  244 	.db #0x07	; 7
   00C8 07                  245 	.db #0x07	; 7
   00C9 07                  246 	.db #0x07	; 7
   00CA 07                  247 	.db #0x07	; 7
   00CB 06                  248 	.db #0x06	; 6
   00CC 07                  249 	.db #0x07	; 7
   00CD 07                  250 	.db #0x07	; 7
   00CE 07                  251 	.db #0x07	; 7
   00CF 07                  252 	.db #0x07	; 7
   00D0 07                  253 	.db #0x07	; 7
   00D1 00                  254 	.db #0x00	; 0
   00D2 00                  255 	.db #0x00	; 0
   00D3 07                  256 	.db #0x07	; 7
   00D4 07                  257 	.db #0x07	; 7
   00D5 07                  258 	.db #0x07	; 7
   00D6 07                  259 	.db #0x07	; 7
   00D7 07                  260 	.db #0x07	; 7
   00D8 07                  261 	.db #0x07	; 7
   00D9 07                  262 	.db #0x07	; 7
   00DA 07                  263 	.db #0x07	; 7
   00DB 07                  264 	.db #0x07	; 7
   00DC 07                  265 	.db #0x07	; 7
   00DD 07                  266 	.db #0x07	; 7
   00DE 07                  267 	.db #0x07	; 7
   00DF 06                  268 	.db #0x06	; 6
   00E0 07                  269 	.db #0x07	; 7
   00E1 07                  270 	.db #0x07	; 7
   00E2 07                  271 	.db #0x07	; 7
   00E3 07                  272 	.db #0x07	; 7
   00E4 07                  273 	.db #0x07	; 7
   00E5 07                  274 	.db #0x07	; 7
   00E6 07                  275 	.db #0x07	; 7
   00E7 07                  276 	.db #0x07	; 7
   00E8 07                  277 	.db #0x07	; 7
   00E9 07                  278 	.db #0x07	; 7
   00EA 07                  279 	.db #0x07	; 7
   00EB 07                  280 	.db #0x07	; 7
   00EC 07                  281 	.db #0x07	; 7
   00ED 07                  282 	.db #0x07	; 7
   00EE 07                  283 	.db #0x07	; 7
   00EF 00                  284 	.db #0x00	; 0
   00F0 00                  285 	.db #0x00	; 0
   00F1 07                  286 	.db #0x07	; 7
   00F2 07                  287 	.db #0x07	; 7
   00F3 07                  288 	.db #0x07	; 7
   00F4 07                  289 	.db #0x07	; 7
   00F5 07                  290 	.db #0x07	; 7
   00F6 07                  291 	.db #0x07	; 7
   00F7 07                  292 	.db #0x07	; 7
   00F8 07                  293 	.db #0x07	; 7
   00F9 07                  294 	.db #0x07	; 7
   00FA 07                  295 	.db #0x07	; 7
   00FB 07                  296 	.db #0x07	; 7
   00FC 07                  297 	.db #0x07	; 7
   00FD 07                  298 	.db #0x07	; 7
   00FE 07                  299 	.db #0x07	; 7
   00FF 07                  300 	.db #0x07	; 7
   0100 07                  301 	.db #0x07	; 7
   0101 07                  302 	.db #0x07	; 7
   0102 07                  303 	.db #0x07	; 7
   0103 07                  304 	.db #0x07	; 7
   0104 07                  305 	.db #0x07	; 7
   0105 07                  306 	.db #0x07	; 7
   0106 07                  307 	.db #0x07	; 7
   0107 07                  308 	.db #0x07	; 7
   0108 07                  309 	.db #0x07	; 7
   0109 07                  310 	.db #0x07	; 7
   010A 07                  311 	.db #0x07	; 7
   010B 07                  312 	.db #0x07	; 7
   010C 07                  313 	.db #0x07	; 7
   010D 00                  314 	.db #0x00	; 0
   010E 00                  315 	.db #0x00	; 0
   010F 07                  316 	.db #0x07	; 7
   0110 07                  317 	.db #0x07	; 7
   0111 07                  318 	.db #0x07	; 7
   0112 07                  319 	.db #0x07	; 7
   0113 07                  320 	.db #0x07	; 7
   0114 07                  321 	.db #0x07	; 7
   0115 07                  322 	.db #0x07	; 7
   0116 07                  323 	.db #0x07	; 7
   0117 07                  324 	.db #0x07	; 7
   0118 01                  325 	.db #0x01	; 1
   0119 02                  326 	.db #0x02	; 2
   011A 03                  327 	.db #0x03	; 3
   011B 07                  328 	.db #0x07	; 7
   011C 07                  329 	.db #0x07	; 7
   011D 07                  330 	.db #0x07	; 7
   011E 07                  331 	.db #0x07	; 7
   011F 07                  332 	.db #0x07	; 7
   0120 07                  333 	.db #0x07	; 7
   0121 07                  334 	.db #0x07	; 7
   0122 07                  335 	.db #0x07	; 7
   0123 07                  336 	.db #0x07	; 7
   0124 07                  337 	.db #0x07	; 7
   0125 07                  338 	.db #0x07	; 7
   0126 07                  339 	.db #0x07	; 7
   0127 07                  340 	.db #0x07	; 7
   0128 07                  341 	.db #0x07	; 7
   0129 07                  342 	.db #0x07	; 7
   012A 07                  343 	.db #0x07	; 7
   012B 00                  344 	.db #0x00	; 0
   012C 00                  345 	.db #0x00	; 0
   012D 07                  346 	.db #0x07	; 7
   012E 07                  347 	.db #0x07	; 7
   012F 07                  348 	.db #0x07	; 7
   0130 07                  349 	.db #0x07	; 7
   0131 07                  350 	.db #0x07	; 7
   0132 07                  351 	.db #0x07	; 7
   0133 07                  352 	.db #0x07	; 7
   0134 07                  353 	.db #0x07	; 7
   0135 07                  354 	.db #0x07	; 7
   0136 00                  355 	.db #0x00	; 0
   0137 06                  356 	.db #0x06	; 6
   0138 00                  357 	.db #0x00	; 0
   0139 07                  358 	.db #0x07	; 7
   013A 07                  359 	.db #0x07	; 7
   013B 07                  360 	.db #0x07	; 7
   013C 07                  361 	.db #0x07	; 7
   013D 07                  362 	.db #0x07	; 7
   013E 07                  363 	.db #0x07	; 7
   013F 07                  364 	.db #0x07	; 7
   0140 07                  365 	.db #0x07	; 7
   0141 07                  366 	.db #0x07	; 7
   0142 07                  367 	.db #0x07	; 7
   0143 07                  368 	.db #0x07	; 7
   0144 07                  369 	.db #0x07	; 7
   0145 07                  370 	.db #0x07	; 7
   0146 07                  371 	.db #0x07	; 7
   0147 07                  372 	.db #0x07	; 7
   0148 07                  373 	.db #0x07	; 7
   0149 00                  374 	.db #0x00	; 0
   014A 00                  375 	.db #0x00	; 0
   014B 07                  376 	.db #0x07	; 7
   014C 07                  377 	.db #0x07	; 7
   014D 07                  378 	.db #0x07	; 7
   014E 06                  379 	.db #0x06	; 6
   014F 07                  380 	.db #0x07	; 7
   0150 07                  381 	.db #0x07	; 7
   0151 07                  382 	.db #0x07	; 7
   0152 07                  383 	.db #0x07	; 7
   0153 07                  384 	.db #0x07	; 7
   0154 00                  385 	.db #0x00	; 0
   0155 06                  386 	.db #0x06	; 6
   0156 00                  387 	.db #0x00	; 0
   0157 07                  388 	.db #0x07	; 7
   0158 07                  389 	.db #0x07	; 7
   0159 07                  390 	.db #0x07	; 7
   015A 07                  391 	.db #0x07	; 7
   015B 07                  392 	.db #0x07	; 7
   015C 07                  393 	.db #0x07	; 7
   015D 07                  394 	.db #0x07	; 7
   015E 07                  395 	.db #0x07	; 7
   015F 07                  396 	.db #0x07	; 7
   0160 07                  397 	.db #0x07	; 7
   0161 07                  398 	.db #0x07	; 7
   0162 07                  399 	.db #0x07	; 7
   0163 07                  400 	.db #0x07	; 7
   0164 07                  401 	.db #0x07	; 7
   0165 07                  402 	.db #0x07	; 7
   0166 07                  403 	.db #0x07	; 7
   0167 00                  404 	.db #0x00	; 0
   0168 00                  405 	.db #0x00	; 0
   0169 07                  406 	.db #0x07	; 7
   016A 07                  407 	.db #0x07	; 7
   016B 07                  408 	.db #0x07	; 7
   016C 07                  409 	.db #0x07	; 7
   016D 07                  410 	.db #0x07	; 7
   016E 07                  411 	.db #0x07	; 7
   016F 07                  412 	.db #0x07	; 7
   0170 07                  413 	.db #0x07	; 7
   0171 07                  414 	.db #0x07	; 7
   0172 00                  415 	.db #0x00	; 0
   0173 06                  416 	.db #0x06	; 6
   0174 00                  417 	.db #0x00	; 0
   0175 07                  418 	.db #0x07	; 7
   0176 07                  419 	.db #0x07	; 7
   0177 07                  420 	.db #0x07	; 7
   0178 07                  421 	.db #0x07	; 7
   0179 06                  422 	.db #0x06	; 6
   017A 07                  423 	.db #0x07	; 7
   017B 07                  424 	.db #0x07	; 7
   017C 07                  425 	.db #0x07	; 7
   017D 07                  426 	.db #0x07	; 7
   017E 07                  427 	.db #0x07	; 7
   017F 07                  428 	.db #0x07	; 7
   0180 07                  429 	.db #0x07	; 7
   0181 07                  430 	.db #0x07	; 7
   0182 07                  431 	.db #0x07	; 7
   0183 07                  432 	.db #0x07	; 7
   0184 07                  433 	.db #0x07	; 7
   0185 00                  434 	.db #0x00	; 0
   0186 00                  435 	.db #0x00	; 0
   0187 07                  436 	.db #0x07	; 7
   0188 07                  437 	.db #0x07	; 7
   0189 07                  438 	.db #0x07	; 7
   018A 07                  439 	.db #0x07	; 7
   018B 07                  440 	.db #0x07	; 7
   018C 07                  441 	.db #0x07	; 7
   018D 07                  442 	.db #0x07	; 7
   018E 07                  443 	.db #0x07	; 7
   018F 06                  444 	.db #0x06	; 6
   0190 00                  445 	.db #0x00	; 0
   0191 06                  446 	.db #0x06	; 6
   0192 00                  447 	.db #0x00	; 0
   0193 07                  448 	.db #0x07	; 7
   0194 07                  449 	.db #0x07	; 7
   0195 07                  450 	.db #0x07	; 7
   0196 07                  451 	.db #0x07	; 7
   0197 07                  452 	.db #0x07	; 7
   0198 07                  453 	.db #0x07	; 7
   0199 07                  454 	.db #0x07	; 7
   019A 07                  455 	.db #0x07	; 7
   019B 07                  456 	.db #0x07	; 7
   019C 07                  457 	.db #0x07	; 7
   019D 06                  458 	.db #0x06	; 6
   019E 07                  459 	.db #0x07	; 7
   019F 07                  460 	.db #0x07	; 7
   01A0 07                  461 	.db #0x07	; 7
   01A1 07                  462 	.db #0x07	; 7
   01A2 07                  463 	.db #0x07	; 7
   01A3 00                  464 	.db #0x00	; 0
   01A4 00                  465 	.db #0x00	; 0
   01A5 07                  466 	.db #0x07	; 7
   01A6 07                  467 	.db #0x07	; 7
   01A7 07                  468 	.db #0x07	; 7
   01A8 07                  469 	.db #0x07	; 7
   01A9 07                  470 	.db #0x07	; 7
   01AA 06                  471 	.db #0x06	; 6
   01AB 07                  472 	.db #0x07	; 7
   01AC 07                  473 	.db #0x07	; 7
   01AD 07                  474 	.db #0x07	; 7
   01AE 00                  475 	.db #0x00	; 0
   01AF 06                  476 	.db #0x06	; 6
   01B0 00                  477 	.db #0x00	; 0
   01B1 07                  478 	.db #0x07	; 7
   01B2 07                  479 	.db #0x07	; 7
   01B3 07                  480 	.db #0x07	; 7
   01B4 07                  481 	.db #0x07	; 7
   01B5 07                  482 	.db #0x07	; 7
   01B6 07                  483 	.db #0x07	; 7
   01B7 07                  484 	.db #0x07	; 7
   01B8 07                  485 	.db #0x07	; 7
   01B9 07                  486 	.db #0x07	; 7
   01BA 07                  487 	.db #0x07	; 7
   01BB 07                  488 	.db #0x07	; 7
   01BC 07                  489 	.db #0x07	; 7
   01BD 07                  490 	.db #0x07	; 7
   01BE 07                  491 	.db #0x07	; 7
   01BF 07                  492 	.db #0x07	; 7
   01C0 07                  493 	.db #0x07	; 7
   01C1 00                  494 	.db #0x00	; 0
   01C2 00                  495 	.db #0x00	; 0
   01C3 07                  496 	.db #0x07	; 7
   01C4 07                  497 	.db #0x07	; 7
   01C5 07                  498 	.db #0x07	; 7
   01C6 07                  499 	.db #0x07	; 7
   01C7 07                  500 	.db #0x07	; 7
   01C8 07                  501 	.db #0x07	; 7
   01C9 07                  502 	.db #0x07	; 7
   01CA 07                  503 	.db #0x07	; 7
   01CB 07                  504 	.db #0x07	; 7
   01CC 00                  505 	.db #0x00	; 0
   01CD 06                  506 	.db #0x06	; 6
   01CE 00                  507 	.db #0x00	; 0
   01CF 07                  508 	.db #0x07	; 7
   01D0 07                  509 	.db #0x07	; 7
   01D1 07                  510 	.db #0x07	; 7
   01D2 07                  511 	.db #0x07	; 7
   01D3 07                  512 	.db #0x07	; 7
   01D4 07                  513 	.db #0x07	; 7
   01D5 07                  514 	.db #0x07	; 7
   01D6 07                  515 	.db #0x07	; 7
   01D7 07                  516 	.db #0x07	; 7
   01D8 07                  517 	.db #0x07	; 7
   01D9 07                  518 	.db #0x07	; 7
   01DA 07                  519 	.db #0x07	; 7
   01DB 07                  520 	.db #0x07	; 7
   01DC 07                  521 	.db #0x07	; 7
   01DD 07                  522 	.db #0x07	; 7
   01DE 07                  523 	.db #0x07	; 7
   01DF 00                  524 	.db #0x00	; 0
   01E0 00                  525 	.db #0x00	; 0
   01E1 07                  526 	.db #0x07	; 7
   01E2 07                  527 	.db #0x07	; 7
   01E3 07                  528 	.db #0x07	; 7
   01E4 07                  529 	.db #0x07	; 7
   01E5 07                  530 	.db #0x07	; 7
   01E6 07                  531 	.db #0x07	; 7
   01E7 07                  532 	.db #0x07	; 7
   01E8 07                  533 	.db #0x07	; 7
   01E9 07                  534 	.db #0x07	; 7
   01EA 04                  535 	.db #0x04	; 4
   01EB 02                  536 	.db #0x02	; 2
   01EC 05                  537 	.db #0x05	; 5
   01ED 07                  538 	.db #0x07	; 7
   01EE 07                  539 	.db #0x07	; 7
   01EF 07                  540 	.db #0x07	; 7
   01F0 07                  541 	.db #0x07	; 7
   01F1 07                  542 	.db #0x07	; 7
   01F2 07                  543 	.db #0x07	; 7
   01F3 07                  544 	.db #0x07	; 7
   01F4 07                  545 	.db #0x07	; 7
   01F5 07                  546 	.db #0x07	; 7
   01F6 07                  547 	.db #0x07	; 7
   01F7 07                  548 	.db #0x07	; 7
   01F8 07                  549 	.db #0x07	; 7
   01F9 07                  550 	.db #0x07	; 7
   01FA 07                  551 	.db #0x07	; 7
   01FB 07                  552 	.db #0x07	; 7
   01FC 07                  553 	.db #0x07	; 7
   01FD 00                  554 	.db #0x00	; 0
   01FE 00                  555 	.db #0x00	; 0
   01FF 07                  556 	.db #0x07	; 7
   0200 07                  557 	.db #0x07	; 7
   0201 07                  558 	.db #0x07	; 7
   0202 07                  559 	.db #0x07	; 7
   0203 07                  560 	.db #0x07	; 7
   0204 07                  561 	.db #0x07	; 7
   0205 07                  562 	.db #0x07	; 7
   0206 07                  563 	.db #0x07	; 7
   0207 07                  564 	.db #0x07	; 7
   0208 07                  565 	.db #0x07	; 7
   0209 07                  566 	.db #0x07	; 7
   020A 07                  567 	.db #0x07	; 7
   020B 07                  568 	.db #0x07	; 7
   020C 06                  569 	.db #0x06	; 6
   020D 07                  570 	.db #0x07	; 7
   020E 07                  571 	.db #0x07	; 7
   020F 07                  572 	.db #0x07	; 7
   0210 07                  573 	.db #0x07	; 7
   0211 07                  574 	.db #0x07	; 7
   0212 07                  575 	.db #0x07	; 7
   0213 06                  576 	.db #0x06	; 6
   0214 07                  577 	.db #0x07	; 7
   0215 07                  578 	.db #0x07	; 7
   0216 07                  579 	.db #0x07	; 7
   0217 07                  580 	.db #0x07	; 7
   0218 07                  581 	.db #0x07	; 7
   0219 07                  582 	.db #0x07	; 7
   021A 07                  583 	.db #0x07	; 7
   021B 00                  584 	.db #0x00	; 0
   021C 00                  585 	.db #0x00	; 0
   021D 07                  586 	.db #0x07	; 7
   021E 07                  587 	.db #0x07	; 7
   021F 07                  588 	.db #0x07	; 7
   0220 06                  589 	.db #0x06	; 6
   0221 07                  590 	.db #0x07	; 7
   0222 07                  591 	.db #0x07	; 7
   0223 07                  592 	.db #0x07	; 7
   0224 07                  593 	.db #0x07	; 7
   0225 07                  594 	.db #0x07	; 7
   0226 07                  595 	.db #0x07	; 7
   0227 07                  596 	.db #0x07	; 7
   0228 07                  597 	.db #0x07	; 7
   0229 07                  598 	.db #0x07	; 7
   022A 07                  599 	.db #0x07	; 7
   022B 07                  600 	.db #0x07	; 7
   022C 07                  601 	.db #0x07	; 7
   022D 07                  602 	.db #0x07	; 7
   022E 07                  603 	.db #0x07	; 7
   022F 07                  604 	.db #0x07	; 7
   0230 07                  605 	.db #0x07	; 7
   0231 07                  606 	.db #0x07	; 7
   0232 07                  607 	.db #0x07	; 7
   0233 07                  608 	.db #0x07	; 7
   0234 07                  609 	.db #0x07	; 7
   0235 07                  610 	.db #0x07	; 7
   0236 07                  611 	.db #0x07	; 7
   0237 07                  612 	.db #0x07	; 7
   0238 07                  613 	.db #0x07	; 7
   0239 00                  614 	.db #0x00	; 0
   023A 00                  615 	.db #0x00	; 0
   023B 07                  616 	.db #0x07	; 7
   023C 07                  617 	.db #0x07	; 7
   023D 07                  618 	.db #0x07	; 7
   023E 07                  619 	.db #0x07	; 7
   023F 07                  620 	.db #0x07	; 7
   0240 07                  621 	.db #0x07	; 7
   0241 07                  622 	.db #0x07	; 7
   0242 07                  623 	.db #0x07	; 7
   0243 07                  624 	.db #0x07	; 7
   0244 07                  625 	.db #0x07	; 7
   0245 06                  626 	.db #0x06	; 6
   0246 07                  627 	.db #0x07	; 7
   0247 07                  628 	.db #0x07	; 7
   0248 07                  629 	.db #0x07	; 7
   0249 07                  630 	.db #0x07	; 7
   024A 07                  631 	.db #0x07	; 7
   024B 07                  632 	.db #0x07	; 7
   024C 07                  633 	.db #0x07	; 7
   024D 07                  634 	.db #0x07	; 7
   024E 07                  635 	.db #0x07	; 7
   024F 07                  636 	.db #0x07	; 7
   0250 07                  637 	.db #0x07	; 7
   0251 07                  638 	.db #0x07	; 7
   0252 07                  639 	.db #0x07	; 7
   0253 07                  640 	.db #0x07	; 7
   0254 07                  641 	.db #0x07	; 7
   0255 06                  642 	.db #0x06	; 6
   0256 07                  643 	.db #0x07	; 7
   0257 00                  644 	.db #0x00	; 0
   0258 00                  645 	.db #0x00	; 0
   0259 07                  646 	.db #0x07	; 7
   025A 07                  647 	.db #0x07	; 7
   025B 07                  648 	.db #0x07	; 7
   025C 07                  649 	.db #0x07	; 7
   025D 07                  650 	.db #0x07	; 7
   025E 07                  651 	.db #0x07	; 7
   025F 07                  652 	.db #0x07	; 7
   0260 07                  653 	.db #0x07	; 7
   0261 07                  654 	.db #0x07	; 7
   0262 07                  655 	.db #0x07	; 7
   0263 07                  656 	.db #0x07	; 7
   0264 07                  657 	.db #0x07	; 7
   0265 07                  658 	.db #0x07	; 7
   0266 07                  659 	.db #0x07	; 7
   0267 07                  660 	.db #0x07	; 7
   0268 07                  661 	.db #0x07	; 7
   0269 07                  662 	.db #0x07	; 7
   026A 07                  663 	.db #0x07	; 7
   026B 07                  664 	.db #0x07	; 7
   026C 07                  665 	.db #0x07	; 7
   026D 07                  666 	.db #0x07	; 7
   026E 07                  667 	.db #0x07	; 7
   026F 07                  668 	.db #0x07	; 7
   0270 07                  669 	.db #0x07	; 7
   0271 07                  670 	.db #0x07	; 7
   0272 07                  671 	.db #0x07	; 7
   0273 07                  672 	.db #0x07	; 7
   0274 07                  673 	.db #0x07	; 7
   0275 00                  674 	.db #0x00	; 0
   0276 00                  675 	.db #0x00	; 0
   0277 07                  676 	.db #0x07	; 7
   0278 07                  677 	.db #0x07	; 7
   0279 07                  678 	.db #0x07	; 7
   027A 07                  679 	.db #0x07	; 7
   027B 07                  680 	.db #0x07	; 7
   027C 07                  681 	.db #0x07	; 7
   027D 07                  682 	.db #0x07	; 7
   027E 07                  683 	.db #0x07	; 7
   027F 07                  684 	.db #0x07	; 7
   0280 07                  685 	.db #0x07	; 7
   0281 07                  686 	.db #0x07	; 7
   0282 07                  687 	.db #0x07	; 7
   0283 07                  688 	.db #0x07	; 7
   0284 07                  689 	.db #0x07	; 7
   0285 07                  690 	.db #0x07	; 7
   0286 07                  691 	.db #0x07	; 7
   0287 07                  692 	.db #0x07	; 7
   0288 07                  693 	.db #0x07	; 7
   0289 07                  694 	.db #0x07	; 7
   028A 07                  695 	.db #0x07	; 7
   028B 07                  696 	.db #0x07	; 7
   028C 07                  697 	.db #0x07	; 7
   028D 07                  698 	.db #0x07	; 7
   028E 07                  699 	.db #0x07	; 7
   028F 07                  700 	.db #0x07	; 7
   0290 07                  701 	.db #0x07	; 7
   0291 07                  702 	.db #0x07	; 7
   0292 07                  703 	.db #0x07	; 7
   0293 00                  704 	.db #0x00	; 0
   0294 00                  705 	.db #0x00	; 0
   0295 07                  706 	.db #0x07	; 7
   0296 07                  707 	.db #0x07	; 7
   0297 07                  708 	.db #0x07	; 7
   0298 07                  709 	.db #0x07	; 7
   0299 07                  710 	.db #0x07	; 7
   029A 07                  711 	.db #0x07	; 7
   029B 07                  712 	.db #0x07	; 7
   029C 07                  713 	.db #0x07	; 7
   029D 07                  714 	.db #0x07	; 7
   029E 07                  715 	.db #0x07	; 7
   029F 07                  716 	.db #0x07	; 7
   02A0 07                  717 	.db #0x07	; 7
   02A1 07                  718 	.db #0x07	; 7
   02A2 07                  719 	.db #0x07	; 7
   02A3 07                  720 	.db #0x07	; 7
   02A4 07                  721 	.db #0x07	; 7
   02A5 07                  722 	.db #0x07	; 7
   02A6 07                  723 	.db #0x07	; 7
   02A7 07                  724 	.db #0x07	; 7
   02A8 07                  725 	.db #0x07	; 7
   02A9 07                  726 	.db #0x07	; 7
   02AA 07                  727 	.db #0x07	; 7
   02AB 07                  728 	.db #0x07	; 7
   02AC 07                  729 	.db #0x07	; 7
   02AD 07                  730 	.db #0x07	; 7
   02AE 07                  731 	.db #0x07	; 7
   02AF 07                  732 	.db #0x07	; 7
   02B0 07                  733 	.db #0x07	; 7
   02B1 00                  734 	.db #0x00	; 0
   02B2 00                  735 	.db #0x00	; 0
   02B3 07                  736 	.db #0x07	; 7
   02B4 06                  737 	.db #0x06	; 6
   02B5 07                  738 	.db #0x07	; 7
   02B6 07                  739 	.db #0x07	; 7
   02B7 07                  740 	.db #0x07	; 7
   02B8 07                  741 	.db #0x07	; 7
   02B9 07                  742 	.db #0x07	; 7
   02BA 07                  743 	.db #0x07	; 7
   02BB 07                  744 	.db #0x07	; 7
   02BC 07                  745 	.db #0x07	; 7
   02BD 07                  746 	.db #0x07	; 7
   02BE 07                  747 	.db #0x07	; 7
   02BF 07                  748 	.db #0x07	; 7
   02C0 07                  749 	.db #0x07	; 7
   02C1 07                  750 	.db #0x07	; 7
   02C2 07                  751 	.db #0x07	; 7
   02C3 07                  752 	.db #0x07	; 7
   02C4 07                  753 	.db #0x07	; 7
   02C5 07                  754 	.db #0x07	; 7
   02C6 07                  755 	.db #0x07	; 7
   02C7 07                  756 	.db #0x07	; 7
   02C8 07                  757 	.db #0x07	; 7
   02C9 07                  758 	.db #0x07	; 7
   02CA 07                  759 	.db #0x07	; 7
   02CB 07                  760 	.db #0x07	; 7
   02CC 07                  761 	.db #0x07	; 7
   02CD 07                  762 	.db #0x07	; 7
   02CE 07                  763 	.db #0x07	; 7
   02CF 00                  764 	.db #0x00	; 0
   02D0 00                  765 	.db #0x00	; 0
   02D1 07                  766 	.db #0x07	; 7
   02D2 07                  767 	.db #0x07	; 7
   02D3 07                  768 	.db #0x07	; 7
   02D4 07                  769 	.db #0x07	; 7
   02D5 07                  770 	.db #0x07	; 7
   02D6 07                  771 	.db #0x07	; 7
   02D7 07                  772 	.db #0x07	; 7
   02D8 07                  773 	.db #0x07	; 7
   02D9 07                  774 	.db #0x07	; 7
   02DA 07                  775 	.db #0x07	; 7
   02DB 07                  776 	.db #0x07	; 7
   02DC 07                  777 	.db #0x07	; 7
   02DD 07                  778 	.db #0x07	; 7
   02DE 07                  779 	.db #0x07	; 7
   02DF 07                  780 	.db #0x07	; 7
   02E0 07                  781 	.db #0x07	; 7
   02E1 07                  782 	.db #0x07	; 7
   02E2 07                  783 	.db #0x07	; 7
   02E3 07                  784 	.db #0x07	; 7
   02E4 06                  785 	.db #0x06	; 6
   02E5 07                  786 	.db #0x07	; 7
   02E6 07                  787 	.db #0x07	; 7
   02E7 07                  788 	.db #0x07	; 7
   02E8 07                  789 	.db #0x07	; 7
   02E9 07                  790 	.db #0x07	; 7
   02EA 07                  791 	.db #0x07	; 7
   02EB 07                  792 	.db #0x07	; 7
   02EC 07                  793 	.db #0x07	; 7
   02ED 00                  794 	.db #0x00	; 0
   02EE 00                  795 	.db #0x00	; 0
   02EF 07                  796 	.db #0x07	; 7
   02F0 07                  797 	.db #0x07	; 7
   02F1 07                  798 	.db #0x07	; 7
   02F2 07                  799 	.db #0x07	; 7
   02F3 07                  800 	.db #0x07	; 7
   02F4 07                  801 	.db #0x07	; 7
   02F5 07                  802 	.db #0x07	; 7
   02F6 06                  803 	.db #0x06	; 6
   02F7 07                  804 	.db #0x07	; 7
   02F8 07                  805 	.db #0x07	; 7
   02F9 07                  806 	.db #0x07	; 7
   02FA 07                  807 	.db #0x07	; 7
   02FB 07                  808 	.db #0x07	; 7
   02FC 07                  809 	.db #0x07	; 7
   02FD 07                  810 	.db #0x07	; 7
   02FE 07                  811 	.db #0x07	; 7
   02FF 07                  812 	.db #0x07	; 7
   0300 07                  813 	.db #0x07	; 7
   0301 07                  814 	.db #0x07	; 7
   0302 07                  815 	.db #0x07	; 7
   0303 07                  816 	.db #0x07	; 7
   0304 07                  817 	.db #0x07	; 7
   0305 07                  818 	.db #0x07	; 7
   0306 07                  819 	.db #0x07	; 7
   0307 07                  820 	.db #0x07	; 7
   0308 07                  821 	.db #0x07	; 7
   0309 07                  822 	.db #0x07	; 7
   030A 07                  823 	.db #0x07	; 7
   030B 00                  824 	.db #0x00	; 0
   030C 00                  825 	.db #0x00	; 0
   030D 07                  826 	.db #0x07	; 7
   030E 07                  827 	.db #0x07	; 7
   030F 07                  828 	.db #0x07	; 7
   0310 07                  829 	.db #0x07	; 7
   0311 07                  830 	.db #0x07	; 7
   0312 07                  831 	.db #0x07	; 7
   0313 07                  832 	.db #0x07	; 7
   0314 07                  833 	.db #0x07	; 7
   0315 07                  834 	.db #0x07	; 7
   0316 07                  835 	.db #0x07	; 7
   0317 07                  836 	.db #0x07	; 7
   0318 07                  837 	.db #0x07	; 7
   0319 06                  838 	.db #0x06	; 6
   031A 07                  839 	.db #0x07	; 7
   031B 07                  840 	.db #0x07	; 7
   031C 07                  841 	.db #0x07	; 7
   031D 07                  842 	.db #0x07	; 7
   031E 07                  843 	.db #0x07	; 7
   031F 07                  844 	.db #0x07	; 7
   0320 07                  845 	.db #0x07	; 7
   0321 07                  846 	.db #0x07	; 7
   0322 07                  847 	.db #0x07	; 7
   0323 07                  848 	.db #0x07	; 7
   0324 06                  849 	.db #0x06	; 6
   0325 07                  850 	.db #0x07	; 7
   0326 07                  851 	.db #0x07	; 7
   0327 07                  852 	.db #0x07	; 7
   0328 07                  853 	.db #0x07	; 7
   0329 00                  854 	.db #0x00	; 0
   032A 00                  855 	.db #0x00	; 0
   032B 07                  856 	.db #0x07	; 7
   032C 07                  857 	.db #0x07	; 7
   032D 07                  858 	.db #0x07	; 7
   032E 07                  859 	.db #0x07	; 7
   032F 07                  860 	.db #0x07	; 7
   0330 07                  861 	.db #0x07	; 7
   0331 07                  862 	.db #0x07	; 7
   0332 07                  863 	.db #0x07	; 7
   0333 07                  864 	.db #0x07	; 7
   0334 07                  865 	.db #0x07	; 7
   0335 07                  866 	.db #0x07	; 7
   0336 07                  867 	.db #0x07	; 7
   0337 07                  868 	.db #0x07	; 7
   0338 07                  869 	.db #0x07	; 7
   0339 07                  870 	.db #0x07	; 7
   033A 07                  871 	.db #0x07	; 7
   033B 07                  872 	.db #0x07	; 7
   033C 07                  873 	.db #0x07	; 7
   033D 07                  874 	.db #0x07	; 7
   033E 07                  875 	.db #0x07	; 7
   033F 07                  876 	.db #0x07	; 7
   0340 07                  877 	.db #0x07	; 7
   0341 07                  878 	.db #0x07	; 7
   0342 07                  879 	.db #0x07	; 7
   0343 07                  880 	.db #0x07	; 7
   0344 07                  881 	.db #0x07	; 7
   0345 07                  882 	.db #0x07	; 7
   0346 07                  883 	.db #0x07	; 7
   0347 00                  884 	.db #0x00	; 0
   0348 00                  885 	.db #0x00	; 0
   0349 07                  886 	.db #0x07	; 7
   034A 07                  887 	.db #0x07	; 7
   034B 07                  888 	.db #0x07	; 7
   034C 07                  889 	.db #0x07	; 7
   034D 07                  890 	.db #0x07	; 7
   034E 07                  891 	.db #0x07	; 7
   034F 07                  892 	.db #0x07	; 7
   0350 07                  893 	.db #0x07	; 7
   0351 07                  894 	.db #0x07	; 7
   0352 07                  895 	.db #0x07	; 7
   0353 07                  896 	.db #0x07	; 7
   0354 07                  897 	.db #0x07	; 7
   0355 07                  898 	.db #0x07	; 7
   0356 07                  899 	.db #0x07	; 7
   0357 07                  900 	.db #0x07	; 7
   0358 07                  901 	.db #0x07	; 7
   0359 07                  902 	.db #0x07	; 7
   035A 07                  903 	.db #0x07	; 7
   035B 07                  904 	.db #0x07	; 7
   035C 07                  905 	.db #0x07	; 7
   035D 07                  906 	.db #0x07	; 7
   035E 07                  907 	.db #0x07	; 7
   035F 07                  908 	.db #0x07	; 7
   0360 07                  909 	.db #0x07	; 7
   0361 07                  910 	.db #0x07	; 7
   0362 07                  911 	.db #0x07	; 7
   0363 07                  912 	.db #0x07	; 7
   0364 07                  913 	.db #0x07	; 7
   0365 00                  914 	.db #0x00	; 0
   0366 04                  915 	.db #0x04	; 4
   0367 02                  916 	.db #0x02	; 2
   0368 02                  917 	.db #0x02	; 2
   0369 02                  918 	.db #0x02	; 2
   036A 02                  919 	.db #0x02	; 2
   036B 02                  920 	.db #0x02	; 2
   036C 02                  921 	.db #0x02	; 2
   036D 02                  922 	.db #0x02	; 2
   036E 02                  923 	.db #0x02	; 2
   036F 02                  924 	.db #0x02	; 2
   0370 02                  925 	.db #0x02	; 2
   0371 02                  926 	.db #0x02	; 2
   0372 02                  927 	.db #0x02	; 2
   0373 02                  928 	.db #0x02	; 2
   0374 02                  929 	.db #0x02	; 2
   0375 02                  930 	.db #0x02	; 2
   0376 02                  931 	.db #0x02	; 2
   0377 02                  932 	.db #0x02	; 2
   0378 02                  933 	.db #0x02	; 2
   0379 02                  934 	.db #0x02	; 2
   037A 02                  935 	.db #0x02	; 2
   037B 02                  936 	.db #0x02	; 2
   037C 02                  937 	.db #0x02	; 2
   037D 02                  938 	.db #0x02	; 2
   037E 02                  939 	.db #0x02	; 2
   037F 02                  940 	.db #0x02	; 2
   0380 02                  941 	.db #0x02	; 2
   0381 02                  942 	.db #0x02	; 2
   0382 02                  943 	.db #0x02	; 2
   0383 05                  944 	.db #0x05	; 5
                            945 	.area _INITIALIZER
                            946 	.area _CABS (ABS)
