ASxxxx Assembler V02.00 + NoICE + SDCC mods  (Zilog Z80 / Hitachi HD64180), page 1.
Hexadecimal [16-Bits]



                              1 ;; File src/Compression/level1.h.s generated using cpct_pack
                              2 ;; Compresor used:   zx7b
                              3 ;; Files compressed: [ src/Mapas/Level1.bin assets/World1/Level1/Enemies.bin assets/World1/Level1/Spawns.bin assets/World1/Level1/Teleporter.bin assets/World1/Level1/HeroSpawn.bin ]
                              4 ;; Uncompressed:     915 bytes
                              5 ;; Compressed:       88 bytes
                              6 ;; Space saved:      827 bytes
                              7 ;;
                              8 
                              9 ;; Declaration of the compressed array and
                             10 ;; the address of the latest byte of the compressed array (for unpacking purposes)
                             11 .globl _level1
                             12 .globl _level1_end
                             13 
                             14 ;; Compressed and uncompressed sizes
                     0058    15 _level1_size_z = 88
                     0393    16 _level1_size   = 915
                             17 
                             18 
                             19 ;; Define constants for starting offsets of files in the uncompressed array
                     0000    20 _level1_OFF_000 =      0   ;; Starting offset for src/Mapas/Level1.bin
                     0384    21 _level1_OFF_001 =    900   ;; Starting offset for assets/World1/Level1/Enemies.bin
                     0385    22 _level1_OFF_002 =    901   ;; Starting offset for assets/World1/Level1/Spawns.bin
                     038F    23 _level1_OFF_003 =    911   ;; Starting offset for assets/World1/Level1/Teleporter.bin
                     0391    24 _level1_OFF_004 =    913   ;; Starting offset for assets/World1/Level1/HeroSpawn.bin
                             25 
