ASxxxx Assembler V02.00 + NoICE + SDCC mods  (Zilog Z80 / Hitachi HD64180), page 1.
Hexadecimal [16-Bits]



                              1 ;; File src/Compression/level1.s generated using cpct_pack
                              2 ;; Compresor used: zx7b
                              3 ;; Files compressed: [ src/Mapas/Level1.bin assets/World1/Level1/Spawns.bin assets/World1/Level1/Teleporter.bin ]
                              4 ;; Uncompressed:     912 bytes
                              5 ;; Compressed:       279 bytes
                              6 ;; Space saved:      633 bytes
                              7 ;;
                              8 ;; Data array definition
   0000                       9 _level1::
   0000 AC AA 00 02 24 CA    10    .db  0xac, 0xaa, 0x00, 0x02, 0x24, 0xca, 0xe7, 0xac, 0x12, 0xc4, 0x17, 0x03, 0x46, 0xf7, 0x0f, 0xc5
        E7 AC 12 C4 17 03
        46 F7 0F C5
   0010 A7 02 7E 00 DF 07    11    .db  0xa7, 0x02, 0x7e, 0x00, 0xdf, 0x07, 0x1d, 0x3d, 0x07, 0x02, 0x6f, 0x57, 0x6c, 0x6b, 0x1d, 0xfe
        1D 3D 07 02 6F 57
        6C 6B 1D FE
   0020 7E 8B 1D 51 1B FD    12    .db  0x7e, 0x8b, 0x1d, 0x51, 0x1b, 0xfd, 0x4a, 0x11, 0x22, 0xf2, 0x18, 0x02, 0x1d, 0x6d, 0xf7, 0x76
        4A 11 22 F2 18 02
        1D 6D F7 76
   0030 EC 2A DF 06 EB 19    13    .db  0xec, 0x2a, 0xdf, 0x06, 0xeb, 0x19, 0x08, 0x0e, 0x23, 0x8a, 0x5e, 0xf3, 0x3b, 0xa6, 0x07, 0xf7
        08 0E 23 8A 5E F3
        3B A6 07 F7
   0040 9A 10 03 43 95 ED    14    .db  0x9a, 0x10, 0x03, 0x43, 0x95, 0xed, 0x65, 0x0d, 0x35, 0x9b, 0xa9, 0x8d, 0xb1, 0x20, 0xbb, 0xa4
        65 0D 35 9B A9 8D
        B1 20 BB A4
   0050 57 09 1D 3B EE 3F    15    .db  0x57, 0x09, 0x1d, 0x3b, 0xee, 0x3f, 0x0b, 0x50, 0x2e, 0xd1, 0x12, 0x08, 0x2c, 0x8e, 0x31, 0x12
        0B 50 2E D1 12 08
        2C 8E 31 12
   0060 59 68 00 28 D4 40    16    .db  0x59, 0x68, 0x00, 0x28, 0xd4, 0x40, 0x0b, 0x14, 0x8d, 0x8a, 0x22, 0x74, 0x08, 0x25, 0xc7, 0x81
        0B 14 8D 8A 22 74
        08 25 C7 81
   0070 0B 8C 60 0A 25 1D    17    .db  0x0b, 0x8c, 0x60, 0x0a, 0x25, 0x1d, 0x7f, 0xa2, 0x61, 0x59, 0x07, 0x9a, 0x95, 0x1d, 0x7f, 0xdd
        7F A2 61 59 07 9A
        95 1D 7F DD
   0080 05 00 D4 1D 98 33    18    .db  0x05, 0x00, 0xd4, 0x1d, 0x98, 0x33, 0xe0, 0x69, 0x2e, 0x3c, 0x0e, 0x08, 0xe7, 0x8a, 0x14, 0x2c
        E0 69 2E 3C 0E 08
        E7 8A 14 2C
   0090 0C 3F B1 36 B0 01    19    .db  0x0c, 0x3f, 0xb1, 0x36, 0xb0, 0x01, 0x04, 0x02, 0x16, 0xc5, 0x90, 0x18, 0xaf, 0x03, 0x07, 0x0c
        04 02 16 C5 90 18
        AF 03 07 0C
   00A0 12 AB 8B 71 21 2F    20    .db  0x12, 0xab, 0x8b, 0x71, 0x21, 0x2f, 0x10, 0x86, 0x0b, 0x0e, 0x00, 0x0a, 0x42, 0x93, 0x24, 0x13
        10 86 0B 0E 00 0A
        42 93 24 13
   00B0 1D 28 00 30 3B D1    21    .db  0x1d, 0x28, 0x00, 0x30, 0x3b, 0xd1, 0x1d, 0x12, 0x3f, 0xb7, 0x08, 0xff, 0x04, 0x99, 0x01, 0x02
        1D 12 3F B7 08 FF
        04 99 01 02
   00C0 07 00 0C 8B 0E 31    22    .db  0x07, 0x00, 0x0c, 0x8b, 0x0e, 0x31, 0xd2, 0x11, 0x1d, 0x2a, 0x07, 0x02, 0xd4, 0x72, 0x1e, 0x9b
        D2 11 1D 2A 07 02
        D4 72 1E 9B
   00D0 96 C2 3B 26 77 2E    23    .db  0x96, 0xc2, 0x3b, 0x26, 0x77, 0x2e, 0x7e, 0xa6, 0x14, 0x1d, 0x75, 0x7a, 0x7c, 0x1d, 0x04, 0x0f
        7E A6 14 1D 75 7A
        7C 1D 04 0F
   00E0 38 D7 09 03 A0 11    24    .db  0x38, 0xd7, 0x09, 0x03, 0xa0, 0x11, 0x0a, 0xb4, 0x1e, 0xab, 0x07, 0x03, 0x04, 0x03, 0x03, 0x0a
        0A B4 1E AB 07 03
        04 03 03 0A
   00F0 0F 40 12 1D 68 00    25    .db  0x0f, 0x40, 0x12, 0x1d, 0x68, 0x00, 0x70, 0x1d, 0x74, 0x14, 0x00, 0xd5, 0x10, 0x13, 0x20, 0x00
ASxxxx Assembler V02.00 + NoICE + SDCC mods  (Zilog Z80 / Hitachi HD64180), page 2.
Hexadecimal [16-Bits]



        70 1D 74 14 00 D5
        10 13 20 00
   0100 10 0C AB 08 D1 06    26    .db  0x10, 0x0c, 0xab, 0x08, 0xd1, 0x06, 0x00, 0x55, 0x0e, 0x05, 0x05, 0x10, 0x0a, 0x10, 0x15, 0x15
        00 55 0E 05 05 10
        0A 10 15 15
   0110 20 20 25 25 22 00    27    .db  0x20, 0x20, 0x25, 0x25, 0x22, 0x00, 0x22
        22
                             28 ;; Address of the latest byte of the compressed array (for unpacking purposes)
                     0116    29 _level1_end == . - 1
                             30 
