ASxxxx Assembler V02.00 + NoICE + SDCC mods  (Zilog Z80 / Hitachi HD64180), page 1.
Hexadecimal [16-Bits]



                              1 ;; File src/Compression/level3.h.s generated using cpct_pack
                              2 ;; Compresor used:   zx7b
                              3 ;; Files compressed: [ src/Mapas/Level3.bin assets/World1/Level3/Enemies.bin assets/World1/Level3/Spawns.bin assets/World1/Level3/Teleporter.bin assets/World1/Level3/HeroSpawn.bin ]
                              4 ;; Uncompressed:     915 bytes
                              5 ;; Compressed:       267 bytes
                              6 ;; Space saved:      648 bytes
                              7 ;;
                              8 
                              9 ;; Declaration of the compressed array and
                             10 ;; the address of the latest byte of the compressed array (for unpacking purposes)
                             11 .globl _level3
                             12 .globl _level3_end
                             13 
                             14 ;; Compressed and uncompressed sizes
                     010B    15 _level3_size_z = 267
                     0393    16 _level3_size   = 915
                             17 
                             18 
                             19 ;; Define constants for starting offsets of files in the uncompressed array
                     0000    20 _level3_OFF_000 =      0   ;; Starting offset for src/Mapas/Level3.bin
                     0384    21 _level3_OFF_001 =    900   ;; Starting offset for assets/World1/Level3/Enemies.bin
                     0385    22 _level3_OFF_002 =    901   ;; Starting offset for assets/World1/Level3/Spawns.bin
                     038F    23 _level3_OFF_003 =    911   ;; Starting offset for assets/World1/Level3/Teleporter.bin
                     0391    24 _level3_OFF_004 =    913   ;; Starting offset for assets/World1/Level3/HeroSpawn.bin
                             25 
