ASxxxx Assembler V02.00 + NoICE + SDCC mods  (Zilog Z80 / Hitachi HD64180), page 1.
Hexadecimal [16-Bits]



                              1 ;; File src/Compression/level6.s generated using cpct_pack
                              2 ;; Compresor used: zx7b
                              3 ;; Files compressed: [ src/Mapas/Level6.bin assets/World1/Level6/Enemies.bin assets/World1/Level6/Spawns.bin assets/World1/Level6/Teleporter.bin assets/World1/Level6/HeroSpawn.bin ]
                              4 ;; Uncompressed:     915 bytes
                              5 ;; Compressed:       252 bytes
                              6 ;; Space saved:      663 bytes
                              7 ;;
                              8 ;; Data array definition
   0000                       9 _level6::
   0000 58 55 1D 00 35 1C    10    .db  0x58, 0x55, 0x1d, 0x00, 0x35, 0x1c, 0x00, 0x68, 0x75, 0xba, 0x46, 0x00, 0x57, 0xba, 0x67, 0x43
        00 68 75 BA 46 00
        57 BA 67 43
   0010 1D 00 1C 53 D4 10    11    .db  0x1d, 0x00, 0x1c, 0x53, 0xd4, 0x10, 0x2a, 0xb3, 0x00, 0xeb, 0x77, 0x3a, 0x02, 0xe2, 0x02, 0xd6
        2A B3 00 EB 77 3A
        02 E2 02 D6
   0020 20 3B 4C 17 28 3B    12    .db  0x20, 0x3b, 0x4c, 0x17, 0x28, 0x3b, 0x75, 0x13, 0x3b, 0x6a, 0x20, 0xc0, 0x0d, 0x05, 0xf4, 0x1d
        75 13 3B 6A 20 C0
        0D 05 F4 1D
   0030 BB 11 1D 56 FD 65    13    .db  0xbb, 0x11, 0x1d, 0x56, 0xfd, 0x65, 0x08, 0x3b, 0x50, 0x5c, 0xe8, 0x07, 0x14, 0xaa, 0x14, 0x1d
        08 3B 50 5C E8 07
        14 AA 14 1D
   0040 B5 BA CE 61 BA 00    14    .db  0xb5, 0xba, 0xce, 0x61, 0xba, 0x00, 0xba, 0x1d, 0xae, 0x08, 0xa8, 0xcb, 0x1a, 0xa9, 0x83, 0x1d
        BA 1D AE 08 A8 CB
        1A A9 83 1D
   0050 23 00 A6 03 77 02    15    .db  0x23, 0x00, 0xa6, 0x03, 0x77, 0x02, 0x3b, 0x0d, 0x06, 0x0d, 0x0b, 0xe7, 0xc1, 0x0c, 0x14, 0x12
        3B 0D 06 0D 0B E7
        C1 0C 14 12
   0060 95 61 6F C1 50 14    16    .db  0x95, 0x61, 0x6f, 0xc1, 0x50, 0x14, 0x10, 0x59, 0x97, 0x16, 0x50, 0x1b, 0x03, 0x12, 0x1d, 0x1a
        10 59 97 16 50 1B
        03 12 1D 1A
   0070 00 5C FB 85 3B 1D    17    .db  0x00, 0x5c, 0xfb, 0x85, 0x3b, 0x1d, 0x16, 0x3b, 0x95, 0x08, 0x83, 0x1d, 0x9b, 0x07, 0x09, 0xf8
        16 3B 95 08 83 1D
        9B 07 09 F8
   0080 10 BA 17 1D 75 CA    18    .db  0x10, 0xba, 0x17, 0x1d, 0x75, 0xca, 0x09, 0xc4, 0x15, 0xb0, 0x42, 0xef, 0x61, 0x1d, 0x5d, 0x00
        09 C4 15 B0 42 EF
        61 1D 5D 00
   0090 07 1A 1D 00 DF 0E    19    .db  0x07, 0x1a, 0x1d, 0x00, 0xdf, 0x0e, 0x1d, 0x37, 0x30, 0x71, 0x1d, 0x07, 0x13, 0x77, 0xad, 0x6f
        1D 37 30 71 1D 07
        13 77 AD 6F
   00A0 13 59 A9 01 03 06    20    .db  0x13, 0x59, 0xa9, 0x01, 0x03, 0x06, 0xa5, 0x00, 0x03, 0x3b, 0x5b, 0x15, 0x1f, 0x35, 0x16, 0x11
        A5 00 03 3B 5B 15
        1F 35 16 11
   00B0 1D CA 17 10 20 11    21    .db  0x1d, 0xca, 0x17, 0x10, 0x20, 0x11, 0x42, 0x00, 0x72, 0x10, 0x1d, 0x54, 0x07, 0x68, 0x1e, 0x05
        42 00 72 10 1D 54
        07 68 1E 05
   00C0 00 EA 3C 12 1D D7    22    .db  0x00, 0xea, 0x3c, 0x12, 0x1d, 0xd7, 0x11, 0xba, 0x10, 0x13, 0x07, 0xa4, 0x16, 0x06, 0x2b, 0x1e
        11 BA 10 13 07 A4
        16 06 2B 1E
   00D0 1D FE 19 40 00 07    23    .db  0x1d, 0xfe, 0x19, 0x40, 0x00, 0x07, 0x0f, 0x24, 0x1e, 0xee, 0x10, 0x10, 0x1d, 0x32, 0x09, 0x07
        0F 24 1E EE 10 10
        1D 32 09 07
   00E0 EE 00 1A 1B 07 00    24    .db  0xee, 0x00, 0x1a, 0x1b, 0x07, 0x00, 0xca, 0x10, 0x00, 0x3c, 0x1d, 0x08, 0x40, 0x30, 0x5c, 0x80
        CA 10 00 3C 1D 08
        40 30 5C 80
   00F0 14 01 28 14 C8 58    25    .db  0x14, 0x01, 0x28, 0x14, 0xc8, 0x58, 0xc0, 0x0e, 0x1a, 0x0c, 0x00, 0x40
ASxxxx Assembler V02.00 + NoICE + SDCC mods  (Zilog Z80 / Hitachi HD64180), page 2.
Hexadecimal [16-Bits]



        C0 0E 1A 0C 00 40
                             26 ;; Address of the latest byte of the compressed array (for unpacking purposes)
                     00FB    27 _level6_end == . - 1
                             28 
