ASxxxx Assembler V02.00 + NoICE + SDCC mods  (Zilog Z80 / Hitachi HD64180), page 1.
Hexadecimal [16-Bits]



                              1 ;; File src/Compression/level18.s generated using cpct_pack
                              2 ;; Compresor used: zx7b
                              3 ;; Files compressed: [ src/Mapas/Level18.bin assets/World1/Level18/Enemies.bin assets/World1/Level18/Spawns.bin assets/World1/Level18/Teleporter.bin assets/World1/Level18/HeroSpawn.bin ]
                              4 ;; Uncompressed:     915 bytes
                              5 ;; Compressed:       143 bytes
                              6 ;; Space saved:      772 bytes
                              7 ;;
                              8 ;; Data array definition
   0000                       9 _level18::
   0000 58 55 1A 00 CD 14    10    .db  0x58, 0x55, 0x1a, 0x00, 0xcd, 0x14, 0xd1, 0x61, 0x08, 0x44, 0x3b, 0x03, 0x12, 0x3b, 0x4a, 0xa0
        D1 61 08 44 3B 03
        12 3B 4A A0
   0010 63 12 1D B5 12 A0    11    .db  0x63, 0x12, 0x1d, 0xb5, 0x12, 0xa0, 0xb9, 0x49, 0x09, 0x77, 0x54, 0x88, 0xaf, 0xb2, 0x6e, 0x8e
        B9 49 09 77 54 88
        AF B2 6E 8E
   0020 1D 26 09 A8 AB 58    12    .db  0x1d, 0x26, 0x09, 0xa8, 0xab, 0x58, 0x75, 0xd7, 0x56, 0x10, 0x25, 0xc1, 0x89, 0x17, 0x48, 0xc6
        75 D7 56 10 25 C1
        89 17 48 C6
   0030 46 11 1D 0D 43 E2    13    .db  0x46, 0x11, 0x1d, 0x0d, 0x43, 0xe2, 0x3b, 0xe8, 0x12, 0xea, 0x9e, 0x42, 0xab, 0x46, 0xaa, 0x3b
        3B E8 12 EA 9E 42
        AB 46 AA 3B
   0040 AB 1D AE 17 1D 42    14    .db  0xab, 0x1d, 0xae, 0x17, 0x1d, 0x42, 0x17, 0x08, 0xad, 0x08, 0x95, 0x20, 0x05, 0x17, 0xab, 0x45
        17 08 AD 08 95 20
        05 17 AB 45
   0050 8A 86 90 1D 0E 82    15    .db  0x8a, 0x86, 0x90, 0x1d, 0x0e, 0x82, 0x09, 0x16, 0x52, 0x3b, 0x53, 0x10, 0x94, 0x42, 0x3b, 0x5c
        09 16 52 3B 53 10
        94 42 3B 5C
   0060 1D 71 08 37 F5 01    16    .db  0x1d, 0x71, 0x08, 0x37, 0xf5, 0x01, 0x1d, 0x57, 0x15, 0x17, 0x1e, 0x1d, 0x05, 0x08, 0xae, 0x13
        1D 57 15 17 1E 1D
        05 08 AE 13
   0070 00 16 10 1D 1A 6D    17    .db  0x00, 0x16, 0x10, 0x1d, 0x1a, 0x6d, 0x0e, 0x00, 0x0a, 0x06, 0x0e, 0x00, 0x91, 0x1d, 0x0f, 0x24
        0E 00 0A 06 0E 00
        91 1D 0F 24
   0080 18 40 60 2C 01 88    18    .db  0x18, 0x40, 0x60, 0x2c, 0x01, 0x88, 0x44, 0xb0, 0x40, 0xd8, 0x18, 0x1b, 0x60, 0x00, 0x10
        44 B0 40 D8 18 1B
        60 00 10
                             19 ;; Address of the latest byte of the compressed array (for unpacking purposes)
                     008E    20 _level18_end == . - 1
                             21 
