ASxxxx Assembler V02.00 + NoICE + SDCC mods  (Zilog Z80 / Hitachi HD64180), page 1.
Hexadecimal [16-Bits]



                              1 ;; File src/Compression/level7.s generated using cpct_pack
                              2 ;; Compresor used: zx7b
                              3 ;; Files compressed: [ src/Mapas/Level7.bin assets/World1/Level7/Enemies.bin assets/World1/Level7/Spawns.bin assets/World1/Level7/Teleporter.bin assets/World1/Level7/HeroSpawn.bin ]
                              4 ;; Uncompressed:     915 bytes
                              5 ;; Compressed:       219 bytes
                              6 ;; Space saved:      696 bytes
                              7 ;;
                              8 ;; Data array definition
   0000                       9 _level7::
   0000 60 55 1D 00 D5 3D    10    .db  0x60, 0x55, 0x1d, 0x00, 0xd5, 0x3d, 0x1d, 0x7a, 0x88, 0x0e, 0x42, 0x00, 0xd6, 0xd5, 0xab, 0x18
        1D 7A 88 0E 42 00
        D6 D5 AB 18
   0010 42 24 D3 00 D0 1D    11    .db  0x42, 0x24, 0xd3, 0x00, 0xd0, 0x1d, 0x14, 0x57, 0x61, 0x24, 0xe3, 0x00, 0x3a, 0x1c, 0x1d, 0x1d
        14 57 61 24 E3 00
        3A 1C 1D 1D
   0020 92 AA C6 24 B8 00    12    .db  0x92, 0xaa, 0xc6, 0x24, 0xb8, 0x00, 0xa6, 0x3b, 0x8b, 0x12, 0x1d, 0x06, 0x00, 0x47, 0xb4, 0x58
        A6 3B 8B 12 1D 06
        00 47 B4 58
   0030 D1 58 EE 61 3E 2D    13    .db  0xd1, 0x58, 0xee, 0x61, 0x3e, 0x2d, 0xf4, 0x1d, 0x53, 0x3b, 0x0f, 0xd7, 0x11, 0xbe, 0x1d, 0x5e
        F4 1D 53 3B 0F D7
        11 BE 1D 5E
   0040 A4 21 1D 5D 9D 8C    14    .db  0xa4, 0x21, 0x1d, 0x5d, 0x9d, 0x8c, 0x1d, 0x1d, 0xef, 0x56, 0x14, 0x14, 0xab, 0x09, 0x05, 0x75
        1D 1D EF 56 14 14
        AB 09 05 75
   0050 BE 0F 23 B3 AC 06    15    .db  0xbe, 0x0f, 0x23, 0xb3, 0xac, 0x06, 0x2e, 0xd1, 0xac, 0xca, 0xb0, 0x1d, 0x29, 0xc2, 0x84, 0x41
        2E D1 AC CA B0 1D
        29 C2 84 41
   0060 1E 59 2B 13 44 BE    16    .db  0x1e, 0x59, 0x2b, 0x13, 0x44, 0xbe, 0x00, 0xf0, 0x18, 0xea, 0x1d, 0x29, 0xbe, 0x2c, 0x32, 0x14
        00 F0 18 EA 1D 29
        BE 2C 32 14
   0070 BE 1D A1 14 06 16    17    .db  0xbe, 0x1d, 0xa1, 0x14, 0x06, 0x16, 0x46, 0x00, 0xa3, 0x10, 0x1d, 0x6a, 0xd2, 0x00, 0x5c, 0x1d
        46 00 A3 10 1D 6A
        D2 00 5C 1D
   0080 17 1C 19 43 87 30    18    .db  0x17, 0x1c, 0x19, 0x43, 0x87, 0x30, 0x06, 0x86, 0x1d, 0x77, 0x3b, 0x1d, 0x7c, 0xee, 0x05, 0xe0
        06 86 1D 77 3B 1D
        7C EE 05 E0
   0090 5F 7E 0E 21 6F 00    19    .db  0x5f, 0x7e, 0x0e, 0x21, 0x6f, 0x00, 0x03, 0x1d, 0xd7, 0x11, 0x1d, 0xaa, 0x14, 0x02, 0x12, 0x1b
        03 1D D7 11 1D AA
        14 02 12 1B
   00A0 B5 17 1D 95 0D BA    20    .db  0xb5, 0x17, 0x1d, 0x95, 0x0d, 0xba, 0x17, 0x10, 0x11, 0x00, 0xb3, 0x10, 0x1d, 0x4a, 0x23, 0x1c
        17 10 11 00 B3 10
        1D 4A 23 1C
   00B0 1D 17 10 14 10 00    21    .db  0x1d, 0x17, 0x10, 0x14, 0x10, 0x00, 0x87, 0x0e, 0x1a, 0x23, 0x94, 0x1d, 0x54, 0x00, 0x0e, 0x1b
        87 0E 1A 23 94 1D
        54 00 0E 1B
   00C0 21 16 29 00 86 1B    22    .db  0x21, 0x16, 0x29, 0x00, 0x86, 0x1b, 0x00, 0x52, 0x15, 0x1d, 0x0b, 0x08, 0x40, 0x58, 0x38, 0x0c
        00 52 15 1D 0B 08
        40 58 38 0C
   00D0 01 70 20 98 38 A0    23    .db  0x01, 0x70, 0x20, 0x98, 0x38, 0xa0, 0x0b, 0x0c, 0x0c, 0x00, 0x40
        0B 0C 0C 00 40
                             24 ;; Address of the latest byte of the compressed array (for unpacking purposes)
                     00DA    25 _level7_end == . - 1
                             26 
