ASxxxx Assembler V02.00 + NoICE + SDCC mods  (Zilog Z80 / Hitachi HD64180), page 1.
Hexadecimal [16-Bits]



                              1 ;; File src/Compression/level5.s generated using cpct_pack
                              2 ;; Compresor used: zx7b
                              3 ;; Files compressed: [ src/Mapas/Level5.bin assets/World1/Level5/Enemies.bin assets/World1/Level5/Spawns.bin assets/World1/Level5/Teleporter.bin assets/World1/Level5/HeroSpawn.bin ]
                              4 ;; Uncompressed:     915 bytes
                              5 ;; Compressed:       245 bytes
                              6 ;; Space saved:      670 bytes
                              7 ;;
                              8 ;; Data array definition
   0000                       9 _level5::
   0000 58 55 19 00 95 1D    10    .db  0x58, 0x55, 0x19, 0x00, 0x95, 0x1d, 0xe8, 0x00, 0x06, 0x03, 0x3b, 0x6a, 0x14, 0x28, 0x94, 0x17
        E8 00 06 03 3B 6A
        14 28 94 17
   0010 13 4A 12 59 94 13    11    .db  0x13, 0x4a, 0x12, 0x59, 0x94, 0x13, 0x9a, 0x82, 0x05, 0xa6, 0x67, 0x3b, 0xd3, 0x9e, 0x00, 0x39
        9A 82 05 A6 67 3B
        D3 9E 00 39
   0020 15 AB 25 76 1D 17    12    .db  0x15, 0xab, 0x25, 0x76, 0x1d, 0x17, 0x15, 0x57, 0xd3, 0x46, 0x1b, 0x18, 0x1d, 0x3a, 0x13, 0x18
        15 57 D3 46 1B 18
        1D 3A 13 18
   0030 1E 68 B8 13 11 15    13    .db  0x1e, 0x68, 0xb8, 0x13, 0x11, 0x15, 0x1d, 0xba, 0x7d, 0x34, 0x79, 0x4c, 0x1d, 0x5d, 0x1e, 0x43
        1D BA 7D 34 79 4C
        1D 5D 1E 43
   0040 68 76 7C 1E 5B DD    14    .db  0x68, 0x76, 0x7c, 0x1e, 0x5b, 0xdd, 0x05, 0x0c, 0xee, 0x87, 0x8c, 0x8d, 0x63, 0x4d, 0xce, 0x21
        05 0C EE 87 8C 8D
        63 4D CE 21
   0050 BD 25 1D 71 3E 5D    15    .db  0xbd, 0x25, 0x1d, 0x71, 0x3e, 0x5d, 0x00, 0x17, 0x03, 0x1d, 0x25, 0x16, 0x00, 0x1a, 0x1d, 0x5d
        00 17 03 1D 25 16
        00 1A 1D 5D
   0060 3D 5D 3B 5D 00 5D    16    .db  0x3d, 0x5d, 0x3b, 0x5d, 0x00, 0x5d, 0xc9, 0x85, 0x1d, 0x43, 0x10, 0x99, 0x41, 0x1d, 0x62, 0x82
        C9 85 1D 43 10 99
        41 1D 62 82
   0070 21 1F E9 32 1D 69    17    .db  0x21, 0x1f, 0xe9, 0x32, 0x1d, 0x69, 0x3b, 0x9a, 0x06, 0x1d, 0x5a, 0x48, 0xee, 0x87, 0x57, 0x75
        3B 9A 06 1D 5A 48
        EE 87 57 75
   0080 14 1D 34 07 E8 1F    18    .db  0x14, 0x1d, 0x34, 0x07, 0xe8, 0x1f, 0x2e, 0x3b, 0x8e, 0x47, 0x3d, 0xee, 0x1f, 0x53, 0xe9, 0x17
        2E 3B 8E 47 3D EE
        1F 53 E9 17
   0090 3B 6A 12 77 50 57    19    .db  0x3b, 0x6a, 0x12, 0x77, 0x50, 0x57, 0xe2, 0x1d, 0xba, 0x48, 0x4b, 0xbe, 0x00, 0x03, 0x16, 0xa9
        E2 1D BA 48 4B BE
        00 03 16 A9
   00A0 13 1D D4 13 0B A2    20    .db  0x13, 0x1d, 0xd4, 0x13, 0x0b, 0xa2, 0x16, 0x13, 0x14, 0x00, 0x1d, 0x1d, 0x00, 0xba, 0x32, 0x0f
        16 13 14 00 1D 1D
        00 BA 32 0F
   00B0 3E 11 08 1D 3A 0D    21    .db  0x3e, 0x11, 0x08, 0x1d, 0x3a, 0x0d, 0x00, 0xf1, 0x0b, 0xc4, 0x58, 0x70, 0x1d, 0x00, 0x2f, 0xf7
        00 F1 0B C4 58 70
        1D 00 2F F7
   00C0 16 0F 00 31 FD 1E    22    .db  0x16, 0x0f, 0x00, 0x31, 0xfd, 0x1e, 0x9a, 0x12, 0x1d, 0x31, 0x76, 0x2d, 0x1e, 0xdd, 0x10, 0x50
        9A 12 1D 31 76 2D
        1E DD 10 50
   00D0 10 1D 00 D2 1B 10    23    .db  0x10, 0x1d, 0x00, 0xd2, 0x1b, 0x10, 0x54, 0x19, 0x00, 0xa2, 0x0e, 0x1a, 0x00, 0x64, 0x1d, 0x45
        54 19 00 A2 0E 1A
        00 64 1D 45
   00E0 00 1B 00 29 1D 08    24    .db  0x00, 0x1b, 0x00, 0x29, 0x1d, 0x08, 0x68, 0x18, 0x1c, 0xb0, 0x10, 0x01, 0x20, 0x01, 0x5c, 0xc0
        68 18 1C B0 10 01
        20 01 5C C0
   00F0 08 06 0C 06 40       25    .db  0x08, 0x06, 0x0c, 0x06, 0x40
ASxxxx Assembler V02.00 + NoICE + SDCC mods  (Zilog Z80 / Hitachi HD64180), page 2.
Hexadecimal [16-Bits]



                             26 ;; Address of the latest byte of the compressed array (for unpacking purposes)
                     00F4    27 _level5_end == . - 1
                             28 
