ASxxxx Assembler V02.00 + NoICE + SDCC mods  (Zilog Z80 / Hitachi HD64180), page 1.
Hexadecimal [16-Bits]



                              1 ;; File src/Compression/level12.s generated using cpct_pack
                              2 ;; Compresor used: zx7b
                              3 ;; Files compressed: [ src/Mapas/Level12.bin assets/World1/Level12/Enemies.bin assets/World1/Level12/Spawns.bin assets/World1/Level12/Teleporter.bin assets/World1/Level12/HeroSpawn.bin ]
                              4 ;; Uncompressed:     915 bytes
                              5 ;; Compressed:       177 bytes
                              6 ;; Space saved:      738 bytes
                              7 ;;
                              8 ;; Data array definition
   0000                       9 _level12::
   0000 60 55 00 75 51 1D    10    .db  0x60, 0x55, 0x00, 0x75, 0x51, 0x1d, 0x00, 0x94, 0x1c, 0x1d, 0xa0, 0xc1, 0xc9, 0x58, 0xc2, 0x63
        00 94 1C 1D A0 C1
        C9 58 C2 63
   0010 00 71 59 5D 10 14    11    .db  0x00, 0x71, 0x59, 0x5d, 0x10, 0x14, 0x5d, 0x1d, 0x00, 0x1d, 0x6f, 0x20, 0xe2, 0x00, 0x3b, 0xeb
        5D 1D 00 1D 6F 20
        E2 00 3B EB
   0020 1D 9A 15 1C 6A 10    12    .db  0x1d, 0x9a, 0x15, 0x1c, 0x6a, 0x10, 0x11, 0x1d, 0x24, 0x1e, 0x12, 0x1d, 0xf4, 0x09, 0xcb, 0x92
        11 1D 24 1E 12 1D
        F4 09 CB 92
   0030 1D D0 3A C4 14 5D    13    .db  0x1d, 0xd0, 0x3a, 0xc4, 0x14, 0x5d, 0xe9, 0x52, 0xca, 0x61, 0x1d, 0x00, 0x43, 0x1d, 0x29, 0x0e
        E9 52 CA 61 1D 00
        43 1D 29 0E
   0040 1D 0A 01 A0 65 1D    14    .db  0x1d, 0x0a, 0x01, 0xa0, 0x65, 0x1d, 0x35, 0x00, 0x75, 0x1c, 0x05, 0x54, 0x19, 0x0e, 0x1d, 0xc8
        35 00 75 1C 05 54
        19 0E 1D C8
   0050 CA 1D F1 00 00 1A    15    .db  0xca, 0x1d, 0xf1, 0x00, 0x00, 0x1a, 0x0c, 0x04, 0x3c, 0xe8, 0x00, 0xe1, 0x03, 0x08, 0x03, 0x02
        0C 04 3C E8 00 E1
        03 08 03 02
   0060 34 1D 23 08 B8 59    16    .db  0x34, 0x1d, 0x23, 0x08, 0xb8, 0x59, 0xae, 0x22, 0x3b, 0xfa, 0x15, 0x3b, 0xaa, 0x3d, 0xd5, 0x1d
        AE 22 3B FA 15 3B
        AA 3D D5 1D
   0070 13 12 0C 59 74 A0    17    .db  0x13, 0x12, 0x0c, 0x59, 0x74, 0xa0, 0x54, 0xa1, 0x18, 0x3b, 0xa7, 0x36, 0xae, 0x0b, 0x0c, 0x1d
        54 A1 18 3B A7 36
        AE 0B 0C 1D
   0080 04 15 1D 28 1F 1F    18    .db  0x04, 0x15, 0x1d, 0x28, 0x1f, 0x1f, 0x1d, 0x49, 0x09, 0x11, 0x50, 0x00, 0xba, 0x10, 0x08, 0x1d
        1D 49 09 11 50 00
        BA 10 08 1D
   0090 CA 0A 0E 06 00 1A    19    .db  0xca, 0x0a, 0x0e, 0x06, 0x00, 0x1a, 0x0e, 0x1d, 0xb5, 0x00, 0x81, 0x1b, 0x00, 0x1a, 0x14, 0x1d
        0E 1D B5 00 81 1B
        00 1A 14 1D
   00A0 09 68 50 18 B0 34    20    .db  0x09, 0x68, 0x50, 0x18, 0xb0, 0x34, 0x01, 0xb0, 0x38, 0x30, 0x54, 0xa8, 0x1a, 0x07, 0x10, 0x00
        01 B0 38 30 54 A8
        1A 07 10 00
   00B0 30                   21    .db  0x30
                             22 ;; Address of the latest byte of the compressed array (for unpacking purposes)
                     00B0    23 _level12_end == . - 1
                             24 
