ASxxxx Assembler V02.00 + NoICE + SDCC mods  (Zilog Z80 / Hitachi HD64180), page 1.
Hexadecimal [16-Bits]



                              1 ;; File src/Compression/level2.h.s generated using cpct_pack
                              2 ;; Compresor used:   zx7b
                              3 ;; Files compressed: [ src/Mapas/Level2.bin assets/World1/Level2/Spawns.bin ]
                              4 ;; Uncompressed:     910 bytes
                              5 ;; Compressed:       97 bytes
                              6 ;; Space saved:      813 bytes
                              7 ;;
                              8 
                              9 ;; Declaration of the compressed array and
                             10 ;; the address of the latest byte of the compressed array (for unpacking purposes)
                             11 .globl _level2
                             12 .globl _level2_end
                             13 
                             14 ;; Compressed and uncompressed sizes
                     0061    15 _level2_size_z = 97
                     038E    16 _level2_size   = 910
                             17 
                             18 
                             19 ;; Define constants for starting offsets of files in the uncompressed array
                     0000    20 _level2_OFF_000 =      0   ;; Starting offset for src/Mapas/Level2.bin
                     0384    21 _level2_OFF_001 =    900   ;; Starting offset for assets/World1/Level2/Spawns.bin
                             22 
