ASxxxx Assembler V02.00 + NoICE + SDCC mods  (Zilog Z80 / Hitachi HD64180), page 1.
Hexadecimal [16-Bits]



                              1 ;; File src/Compression/level10.s generated using cpct_pack
                              2 ;; Compresor used: zx7b
                              3 ;; Files compressed: [ src/Mapas/Level10.bin assets/World1/Level10/Enemies.bin assets/World1/Level10/Spawns.bin assets/World1/Level10/Teleporter.bin assets/World1/Level10/HeroSpawn.bin ]
                              4 ;; Uncompressed:     915 bytes
                              5 ;; Compressed:       243 bytes
                              6 ;; Space saved:      672 bytes
                              7 ;;
                              8 ;; Data array definition
   0000                       9 _level10::
   0000 56 55 0E 13 1D 00    10    .db  0x56, 0x55, 0x0e, 0x13, 0x1d, 0x00, 0xc3, 0x1c, 0x45, 0x92, 0x0e, 0xf1, 0x20, 0xec, 0x05, 0x1d
        C3 1C 45 92 0E F1
        20 EC 05 1D
   0010 B8 0E 1D 6B 00 3A    11    .db  0xb8, 0x0e, 0x1d, 0x6b, 0x00, 0x3a, 0x03, 0x59, 0x68, 0x15, 0x50, 0x3b, 0x0e, 0xeb, 0x3b, 0xa3
        03 59 68 15 50 3B
        0E EB 3B A3
   0020 16 D2 64 1D 5D 0F    12    .db  0x16, 0xd2, 0x64, 0x1d, 0x5d, 0x0f, 0x1d, 0x4f, 0x17, 0x3b, 0xb5, 0x28, 0xc4, 0x12, 0x1d, 0xac
        1D 4F 17 3B B5 28
        C4 12 1D AC
   0030 17 1D 51 AA DD 6C    13    .db  0x17, 0x1d, 0x51, 0xaa, 0xdd, 0x6c, 0xc9, 0xac, 0x0b, 0x30, 0x1e, 0x1d, 0xa6, 0x36, 0x59, 0xa7
        C9 AC 0B 30 1E 1D
        A6 36 59 A7
   0040 0E 00 1C 5A 05 1D    14    .db  0x0e, 0x00, 0x1c, 0x5a, 0x05, 0x1d, 0x39, 0x0b, 0xe0, 0x00, 0x8e, 0x34, 0x05, 0xaf, 0xc1, 0x2c
        39 0B E0 00 8E 34
        05 AF C1 2C
   0050 18 4D BE 3E 77 27    15    .db  0x18, 0x4d, 0xbe, 0x3e, 0x77, 0x27, 0x16, 0x1d, 0x4a, 0x87, 0x61, 0x03, 0x0c, 0x05, 0xee, 0x59
        16 1D 4A 87 61 03
        0C 05 EE 59
   0060 76 15 FE 56 B3 08    16    .db  0x76, 0x15, 0xfe, 0x56, 0xb3, 0x08, 0xe5, 0x21, 0x44, 0x0d, 0x59, 0x07, 0x20, 0x13, 0x16, 0x1d
        E5 21 44 0D 59 07
        20 13 16 1D
   0070 8D 1E 0F 4A D2 08    17    .db  0x8d, 0x1e, 0x0f, 0x4a, 0xd2, 0x08, 0x02, 0x1d, 0x3d, 0x17, 0x0e, 0x1c, 0x94, 0x3b, 0xd5, 0x00
        02 1D 3D 17 0E 1C
        94 3B D5 00
   0080 D0 18 D4 1D 03 7E    18    .db  0xd0, 0x18, 0xd4, 0x1d, 0x03, 0x7e, 0x00, 0x37, 0x04, 0x57, 0xdd, 0x3b, 0x5c, 0x7f, 0x5c, 0x3b
        00 37 04 57 DD 3B
        5C 7F 5C 3B
   0090 1D 37 0D 0F 05 18    19    .db  0x1d, 0x37, 0x0d, 0x0f, 0x05, 0x18, 0x71, 0xf1, 0x16, 0x1d, 0x5c, 0xda, 0x45, 0x84, 0x6c, 0x38
        71 F1 16 1D 5C DA
        45 84 6C 38
   00A0 1D 5D 19 5C 15 00    20    .db  0x1d, 0x5d, 0x19, 0x5c, 0x15, 0x00, 0xad, 0x65, 0x15, 0x47, 0x00, 0x03, 0x0c, 0xa1, 0x1d, 0x64
        AD 65 15 47 00 03
        0C A1 1D 64
   00B0 D7 4F 4C 44 FD 17    21    .db  0xd7, 0x4f, 0x4c, 0x44, 0xfd, 0x17, 0x07, 0x03, 0x59, 0x2d, 0x46, 0x86, 0x17, 0x39, 0x0a, 0x15
        07 03 59 2D 46 86
        17 39 0A 15
   00C0 1D 46 74 1D EA 16    22    .db  0x1d, 0x46, 0x74, 0x1d, 0xea, 0x16, 0x19, 0x12, 0x5a, 0x10, 0x11, 0x1d, 0x46, 0x64, 0x0e, 0x00
        19 12 5A 10 11 1D
        46 64 0E 00
   00D0 AA 10 44 1D 01 00    23    .db  0xaa, 0x10, 0x44, 0x1d, 0x01, 0x00, 0x86, 0x0e, 0x1a, 0x1c, 0x92, 0x00, 0x1a, 0x1b, 0x00, 0x6a
        86 0E 1A 1C 92 00
        1A 1B 00 6A
   00E0 51 1D 08 38 60 68    24    .db  0x51, 0x1d, 0x08, 0x38, 0x60, 0x68, 0x20, 0x68, 0x01, 0xc0, 0x34, 0xa0, 0x18, 0xb0, 0x03, 0x0f
        20 68 01 C0 34 A0
        18 B0 03 0F
   00F0 0C 00 40             25    .db  0x0c, 0x00, 0x40
ASxxxx Assembler V02.00 + NoICE + SDCC mods  (Zilog Z80 / Hitachi HD64180), page 2.
Hexadecimal [16-Bits]



                             26 ;; Address of the latest byte of the compressed array (for unpacking purposes)
                     00F2    27 _level10_end == . - 1
                             28 
