ASxxxx Assembler V02.00 + NoICE + SDCC mods  (Zilog Z80 / Hitachi HD64180), page 1.
Hexadecimal [16-Bits]



                              1 ;; File src/Compression/level15.s generated using cpct_pack
                              2 ;; Compresor used: zx7b
                              3 ;; Files compressed: [ src/Mapas/Level15.bin assets/World1/Level15/Enemies.bin assets/World1/Level15/Spawns.bin assets/World1/Level15/Teleporter.bin assets/World1/Level15/HeroSpawn.bin ]
                              4 ;; Uncompressed:     915 bytes
                              5 ;; Compressed:       143 bytes
                              6 ;; Space saved:      772 bytes
                              7 ;;
                              8 ;; Data array definition
   0000                       9 _level15::
   0000 56 55 16 00 D3 1C    10    .db  0x56, 0x55, 0x16, 0x00, 0xd3, 0x1c, 0x54, 0x1d, 0x0b, 0x13, 0xe8, 0x5c, 0x26, 0x12, 0x9a, 0x1a
        54 1D 0B 13 E8 5C
        26 12 9A 1A
   0010 AB 00 1C 1D 1B 00    11    .db  0xab, 0x00, 0x1c, 0x1d, 0x1b, 0x00, 0xc1, 0x10, 0x0e, 0x1d, 0xa5, 0x3b, 0x68, 0x2a, 0xf1, 0x42
        C1 10 0E 1D A5 3B
        68 2A F1 42
   0020 1E 15 6A 12 B3 41    12    .db  0x1e, 0x15, 0x6a, 0x12, 0xb3, 0x41, 0x2a, 0x05, 0xae, 0xc4, 0xb1, 0x77, 0x3b, 0x3b, 0x88, 0xec
        2A 05 AE C4 B1 77
        3B 3B 88 EC
   0030 91 21 8E 1D AB 1E    13    .db  0x91, 0x21, 0x8e, 0x1d, 0xab, 0x1e, 0x1d, 0xaf, 0x0e, 0x1d, 0x4a, 0x10, 0x45, 0x1d, 0xa1, 0x12
        1D AF 0E 1D 4A 10
        45 1D A1 12
   0040 58 5A 3C 5D 0B 0C    14    .db  0x58, 0x5a, 0x3c, 0x5d, 0x0b, 0x0c, 0x16, 0x25, 0x12, 0x3a, 0xad, 0x1e, 0x1d, 0x3e, 0x0e, 0x1d
        16 25 12 3A AD 1E
        1D 3E 0E 1D
   0050 6A 14 00 13 14 3C    15    .db  0x6a, 0x14, 0x00, 0x13, 0x14, 0x3c, 0x4f, 0x5e, 0x70, 0x54, 0x3a, 0x37, 0x3c, 0xc1, 0x02, 0x3b
        4F 5E 70 54 3A 37
        3C C1 02 3B
   0060 1F 36 3A 4F 04 30    16    .db  0x1f, 0x36, 0x3a, 0x4f, 0x04, 0x30, 0x01, 0x1b, 0x3d, 0x1e, 0x47, 0x00, 0x10, 0x4c, 0x1c, 0x29
        01 1B 3D 1E 47 00
        10 4C 1C 29
   0070 1B 00 4A 0E 1C 25    17    .db  0x1b, 0x00, 0x4a, 0x0e, 0x1c, 0x25, 0x12, 0x26, 0x00, 0xa6, 0x1b, 0x00, 0x06, 0x1d, 0x06, 0x2c
        12 26 00 A6 1B 00
        06 1D 06 2C
   0080 C8 48 C8 54 01 88    18    .db  0xc8, 0x48, 0xc8, 0x54, 0x01, 0x88, 0x54, 0x40, 0x50, 0x88, 0x0f, 0x0b, 0x20, 0x00, 0x48
        54 40 50 88 0F 0B
        20 00 48
                             19 ;; Address of the latest byte of the compressed array (for unpacking purposes)
                     008E    20 _level15_end == . - 1
                             21 
