ASxxxx Assembler V02.00 + NoICE + SDCC mods  (Zilog Z80 / Hitachi HD64180), page 1.
Hexadecimal [16-Bits]



                              1 ;; File src/Compression/level4.s generated using cpct_pack
                              2 ;; Compresor used: zx7b
                              3 ;; Files compressed: [ src/Mapas/Level4.bin assets/World1/Level4/Enemies.bin assets/World1/Level4/Spawns.bin assets/World1/Level4/Teleporter.bin assets/World1/Level4/HeroSpawn.bin ]
                              4 ;; Uncompressed:     915 bytes
                              5 ;; Compressed:       249 bytes
                              6 ;; Space saved:      666 bytes
                              7 ;;
                              8 ;; Data array definition
   0000                       9 _level4::
   0000 80 55 0E 55 00 AB    10    .db  0x80, 0x55, 0x0e, 0x55, 0x00, 0xab, 0x81, 0x00, 0xec, 0x02, 0x7a, 0xef, 0x8c, 0x77, 0x0b, 0x59
        81 00 EC 02 7A EF
        8C 77 0B 59
   0010 8E 1E 9C 82 3B 75    11    .db  0x8e, 0x1e, 0x9c, 0x82, 0x3b, 0x75, 0x11, 0xa9, 0xc1, 0x09, 0x62, 0x3b, 0xe8, 0x04, 0x12, 0x1d
        11 A9 C1 09 62 3B
        E8 04 12 1D
   0020 A5 80 42 05 1D 6A    12    .db  0xa5, 0x80, 0x42, 0x05, 0x1d, 0x6a, 0x11, 0x07, 0x09, 0x77, 0x0d, 0x08, 0x26, 0x28, 0x03, 0x0b
        11 07 09 77 0D 08
        26 28 03 0B
   0030 0A 59 9D 29 34 07    13    .db  0x0a, 0x59, 0x9d, 0x29, 0x34, 0x07, 0x0c, 0x10, 0x91, 0x12, 0x50, 0x1d, 0xa1, 0xb5, 0x90, 0x11
        0C 10 91 12 50 1D
        A1 B5 90 11
   0040 1D 6A 09 5C 70 1D    14    .db  0x1d, 0x6a, 0x09, 0x5c, 0x70, 0x1d, 0x1d, 0x00, 0x3c, 0xd0, 0x84, 0x15, 0x00, 0xd8, 0x0e, 0x03
        1D 00 3C D0 84 15
        00 D8 0E 03
   0050 A2 01 03 4A 64 0C    15    .db  0xa2, 0x01, 0x03, 0x4a, 0x64, 0x0c, 0x1d, 0x34, 0x00, 0x0e, 0x5a, 0x86, 0xef, 0xb0, 0x00, 0x9a
        1D 34 00 0E 5A 86
        EF B0 00 9A
   0060 1C 5A 0B DA 39 13    16    .db  0x1c, 0x5a, 0x0b, 0xda, 0x39, 0x13, 0x17, 0x1d, 0x00, 0x00, 0xad, 0x70, 0x81, 0x1d, 0x79, 0x3e
        17 1D 00 00 AD 70
        81 1D 79 3E
   0070 16 1D 35 3B BA 79    17    .db  0x16, 0x1d, 0x35, 0x3b, 0xba, 0x79, 0x2e, 0x95, 0xa4, 0x1d, 0x0f, 0x07, 0xae, 0x0d, 0x1d, 0x85
        2E 95 A4 1D 0F 07
        AE 0D 1D 85
   0080 BC 90 00 3E 08 03    18    .db  0xbc, 0x90, 0x00, 0x3e, 0x08, 0x03, 0x3e, 0x04, 0x03, 0x03, 0x1d, 0x09, 0x2d, 0x58, 0x1d, 0x79
        3E 04 03 03 1D 09
        2D 58 1D 79
   0090 FA 12 BC 82 10 17    19    .db  0xfa, 0x12, 0xbc, 0x82, 0x10, 0x17, 0x1d, 0x65, 0x3b, 0x19, 0x00, 0x57, 0x0e, 0x1a, 0x79, 0xca
        1D 65 3B 19 00 57
        0E 1A 79 CA
   00A0 08 28 8F 1D 78 00    20    .db  0x08, 0x28, 0x8f, 0x1d, 0x78, 0x00, 0x1b, 0x53, 0x5a, 0x23, 0xbc, 0x19, 0x6c, 0x07, 0x1d, 0x68
        1B 53 5A 23 BC 19
        6C 07 1D 68
   00B0 10 41 1D 8B 1E 8E    21    .db  0x10, 0x41, 0x1d, 0x8b, 0x1e, 0x8e, 0x59, 0x2b, 0x3e, 0x2e, 0x1b, 0x1d, 0x5d, 0x7e, 0x82, 0x10
        59 2B 3E 2E 1B 1D
        5D 7E 82 10
   00C0 16 1C 15 10 24 11    22    .db  0x16, 0x1c, 0x15, 0x10, 0x24, 0x11, 0x1d, 0x12, 0x1b, 0x1e, 0x94, 0x3b, 0xae, 0x1b, 0x20, 0x28
        1D 12 1B 1E 94 3B
        AE 1B 20 28
   00D0 10 13 1D 25 20 C4    23    .db  0x10, 0x13, 0x1d, 0x25, 0x20, 0xc4, 0x00, 0x70, 0x10, 0x0e, 0x20, 0x49, 0x00, 0x71, 0x0e, 0x1d
        00 70 10 0E 20 49
        00 71 0E 1D
   00E0 94 00 E2 1B 00 28    24    .db  0x94, 0x00, 0xe2, 0x1b, 0x00, 0x28, 0x51, 0x1d, 0x04, 0x40, 0x10, 0x68, 0x38, 0x44, 0x01, 0x80
        51 1D 04 40 10 68
        38 44 01 80
   00F0 68 B0 FF FF 03 02    25    .db  0x68, 0xb0, 0xff, 0xff, 0x03, 0x02, 0x0c, 0x00, 0x40
ASxxxx Assembler V02.00 + NoICE + SDCC mods  (Zilog Z80 / Hitachi HD64180), page 2.
Hexadecimal [16-Bits]



        0C 00 40
                             26 ;; Address of the latest byte of the compressed array (for unpacking purposes)
                     00F8    27 _level4_end == . - 1
                             28 
