ASxxxx Assembler V02.00 + NoICE + SDCC mods  (Zilog Z80 / Hitachi HD64180), page 1.
Hexadecimal [16-Bits]



                              1 ;; File src/Compression/Menu_4.h.s generated using cpct_pack
                              2 ;; Compresor used:   zx7b
                              3 ;; Files compressed: [ src/Sprites/Menu_4.bin ]
                              4 ;; Uncompressed:     1820 bytes
                              5 ;; Compressed:       209 bytes
                              6 ;; Space saved:      1611 bytes
                              7 ;;
                              8 
                              9 ;; Declaration of the compressed array and
                             10 ;; the address of the latest byte of the compressed array (for unpacking purposes)
                             11 .globl _Menu_4
                             12 .globl _Menu_4_end
                             13 
                             14 ;; Compressed and uncompressed sizes
                     00D1    15 _Menu_4_size_z = 209
                     071C    16 _Menu_4_size   = 1820
                             17 
                             18 
