ASxxxx Assembler V02.00 + NoICE + SDCC mods  (Zilog Z80 / Hitachi HD64180), page 1.
Hexadecimal [16-Bits]



                              1 ;; File src/Compression/Menu_1.s generated using cpct_pack
                              2 ;; Compresor used: zx7b
                              3 ;; Files compressed: [ src/Sprites/Menu_1.bin ]
                              4 ;; Uncompressed:     1820 bytes
                              5 ;; Compressed:       261 bytes
                              6 ;; Space saved:      1559 bytes
                              7 ;;
                              8 ;; Data array definition
   0000                       9 _Menu_1::
   0000 58 55 00 0D 50 13    10    .db  0x58, 0x55, 0x00, 0x0d, 0x50, 0x13, 0xc0, 0x55, 0x44, 0x00, 0x8d, 0xa0, 0xdd, 0x12, 0x6c, 0x80
        C0 55 44 00 8D A0
        DD 12 6C 80
   0010 2A 13 42 12 13 F0    11    .db  0x2a, 0x13, 0x42, 0x12, 0x13, 0xf0, 0x61, 0x5d, 0xcc, 0x3a, 0x95, 0xcc, 0x88, 0x20, 0x13, 0xab
        61 5D CC 3A 95 CC
        88 20 13 AB
   0020 27 26 BB 27 3A 00    12    .db  0x27, 0x26, 0xbb, 0x27, 0x3a, 0x00, 0xcc, 0x20, 0x13, 0xcc, 0x00, 0x13, 0xbc, 0xab, 0x13, 0x23
        CC 20 13 CC 00 13
        BC AB 13 23
   0030 15 3A 28 9D 41 76    13    .db  0x15, 0x3a, 0x28, 0x9d, 0x41, 0x76, 0x26, 0x3b, 0x2a, 0xa0, 0xaa, 0x59, 0x13, 0x1d, 0x3f, 0x13
        26 3B 2A A0 AA 59
        13 1D 3F 13
   0040 51 02 00 00 3B 3A    14    .db  0x51, 0x02, 0x00, 0x00, 0x3b, 0x3a, 0x9d, 0x40, 0x13, 0x09, 0x8d, 0x00, 0x13, 0x4f, 0xfa, 0x8d
        9D 40 13 09 8D 00
        13 4F FA 8D
   0050 55 2F 26 75 76 15    15    .db  0x55, 0x2f, 0x26, 0x75, 0x76, 0x15, 0x9e, 0x13, 0x1e, 0x6e, 0x13, 0x50, 0x04, 0xea, 0x4f, 0x88
        9E 13 1E 6E 13 50
        04 EA 4F 88
   0060 39 69 27 13 F5 D5    16    .db  0x39, 0x69, 0x27, 0x13, 0xf5, 0xd5, 0xf7, 0x38, 0x82, 0x3a, 0x72, 0x77, 0x75, 0x62, 0x53, 0x13
        F7 38 82 3A 72 77
        75 62 53 13
   0070 63 44 62 5F 2F 2F    17    .db  0x63, 0x44, 0x62, 0x5f, 0x2f, 0x2f, 0x2a, 0x13, 0xbd, 0x47, 0x13, 0x6a, 0x82, 0x81, 0x3a, 0xf1
        2A 13 BD 47 13 6A
        82 81 3A F1
   0080 13 4E AF 13 0E AF    18    .db  0x13, 0x4e, 0xaf, 0x13, 0x0e, 0xaf, 0xb2, 0x43, 0x80, 0x12, 0x3f, 0x13, 0x1b, 0x44, 0x40, 0x3f
        B2 43 80 12 3F 13
        1B 44 40 3F
   0090 13 06 15 13 B4 82    19    .db  0x13, 0x06, 0x15, 0x13, 0xb4, 0x82, 0x1f, 0x13, 0x2a, 0x3b, 0x52, 0x3f, 0x2a, 0x9e, 0x48, 0x13
        1F 13 2A 3B 52 3F
        2A 9E 48 13
   00A0 30 0A 12 A5 1F 3F    20    .db  0x30, 0x0a, 0x12, 0xa5, 0x1f, 0x3f, 0x63, 0xb2, 0x05, 0x9d, 0x13, 0xba, 0x2f, 0x4f, 0xa5, 0x88
        63 B2 05 9D 13 BA
        2F 4F A5 88
   00B0 61 0A 27 5A 44 15    21    .db  0x61, 0x0a, 0x27, 0x5a, 0x44, 0x15, 0x2a, 0x88, 0xc6, 0x20, 0x08, 0x44, 0x75, 0x9d, 0x1f, 0x12
        2A 88 C6 20 08 44
        75 9D 1F 12
   00C0 88 12 A4 8D 51 DA    22    .db  0x88, 0x12, 0xa4, 0x8d, 0x51, 0xda, 0xb0, 0x37, 0xba, 0x13, 0xa9, 0x00, 0x13, 0x12, 0x15, 0x27
        B0 37 BA 13 A9 00
        13 12 15 27
   00D0 94 1F 13 4A 3A 4E    23    .db  0x94, 0x1f, 0x13, 0x4a, 0x3a, 0x4e, 0x5d, 0x13, 0xa3, 0x76, 0x13, 0x0f, 0x15, 0x13, 0x68, 0x6e
        5D 13 A3 76 13 0F
        15 13 68 6E
   00E0 45 13 89 05 13 12    24    .db  0x45, 0x13, 0x89, 0x05, 0x13, 0x12, 0x8d, 0x13, 0x34, 0x05, 0x13, 0xa2, 0x2a, 0x13, 0x15, 0x00
        8D 13 34 05 13 A2
        2A 13 15 00
   00F0 2F 27 4A 82 2F 13    25    .db  0x2f, 0x27, 0x4a, 0x82, 0x2f, 0x13, 0x52, 0x15, 0x06, 0x13, 0xe5, 0x80, 0x00, 0x44, 0x00, 0x0f
ASxxxx Assembler V02.00 + NoICE + SDCC mods  (Zilog Z80 / Hitachi HD64180), page 2.
Hexadecimal [16-Bits]



        52 15 06 13 E5 80
        00 44 00 0F
   0100 00 AC 00 44 0F       26    .db  0x00, 0xac, 0x00, 0x44, 0x0f
                             27 ;; Address of the latest byte of the compressed array (for unpacking purposes)
                     0104    28 _Menu_1_end == . - 1
                             29 
