ASxxxx Assembler V02.00 + NoICE + SDCC mods  (Zilog Z80 / Hitachi HD64180), page 1.
Hexadecimal [16-Bits]



                              1 ;; File src/Compression/Menu_4.s generated using cpct_pack
                              2 ;; Compresor used: zx7b
                              3 ;; Files compressed: [ src/Sprites/Menu_4.bin ]
                              4 ;; Uncompressed:     1820 bytes
                              5 ;; Compressed:       209 bytes
                              6 ;; Space saved:      1611 bytes
                              7 ;;
                              8 ;; Data array definition
   0000                       9 _Menu_4::
   0000 60 55 00 75 54 15    10    .db  0x60, 0x55, 0x00, 0x75, 0x54, 0x15, 0x12, 0x88, 0x13, 0x17, 0x82, 0x44, 0xcc, 0x65, 0x13, 0x3c
        12 88 13 17 82 44
        CC 65 13 3C
   0010 CC 13 A0 04 9D 14    11    .db  0xcc, 0x13, 0xa0, 0x04, 0x9d, 0x14, 0x13, 0x9d, 0x82, 0x88, 0x13, 0x16, 0x00, 0x13, 0x34, 0xa0
        13 9D 82 88 13 16
        00 13 34 A0
   0020 CF 04 CC 13 28 51    12    .db  0xcf, 0x04, 0xcc, 0x13, 0x28, 0x51, 0x44, 0x00, 0x3f, 0x27, 0x78, 0xed, 0x27, 0xd5, 0x63, 0x4c
        44 00 3F 27 78 ED
        27 D5 63 4C
   0030 44 78 13 F5 80 88    13    .db  0x44, 0x78, 0x13, 0xf5, 0x80, 0x88, 0x13, 0x2a, 0x13, 0x36, 0x82, 0x2f, 0xf8, 0x64, 0xb4, 0x61
        13 2A 13 36 82 2F
        F8 64 B4 61
   0040 1F 14 D5 13 AB 50    14    .db  0x1f, 0x14, 0xd5, 0x13, 0xab, 0x50, 0x13, 0x99, 0x2f, 0x88, 0x20, 0x13, 0x03, 0x98, 0xc6, 0xa0
        13 99 2F 88 20 13
        03 98 C6 A0
   0050 B0 2F 78 6A 3B 57    15    .db  0xb0, 0x2f, 0x78, 0x6a, 0x3b, 0x57, 0x13, 0x53, 0x78, 0x5c, 0x27, 0x3f, 0x4d, 0x85, 0xb1, 0x2f
        13 53 78 5C 27 3F
        4D 85 B1 2F
   0060 13 2A 6E 45 13 03    16    .db  0x13, 0x2a, 0x6e, 0x45, 0x13, 0x03, 0x1f, 0x3f, 0x13, 0x92, 0x3f, 0x2a, 0xc1, 0x3c, 0x76, 0x13
        1F 3F 13 92 3F 2A
        C1 3C 76 13
   0070 35 BA 65 8C 58 13    17    .db  0x35, 0xba, 0x65, 0x8c, 0x58, 0x13, 0x6e, 0x88, 0x3b, 0x9d, 0x13, 0xd5, 0x6e, 0x13, 0x94, 0x9d
        6E 88 3B 9D 13 D5
        6E 13 94 9D
   0080 0A F2 0A 44 13 26    18    .db  0x0a, 0xf2, 0x0a, 0x44, 0x13, 0x26, 0xcc, 0x0a, 0x1f, 0x15, 0x13, 0x03, 0x2a, 0x51, 0x15, 0x13
        CC 0A 1F 15 13 03
        2A 51 15 13
   0090 5A 2F 3F 2A 13 8D    19    .db  0x5a, 0x2f, 0x3f, 0x2a, 0x13, 0x8d, 0x00, 0xdb, 0xac, 0x18, 0x8d, 0x2f, 0x27, 0x65, 0x88, 0x41
        00 DB AC 18 8D 2F
        27 65 88 41
   00A0 13 89 2A 13 6A 15    20    .db  0x13, 0x89, 0x2a, 0x13, 0x6a, 0x15, 0x13, 0x54, 0xa0, 0x00, 0xa3, 0x00, 0x28, 0x17, 0x76, 0x2a
        13 54 A0 00 A3 00
        28 17 76 2A
   00B0 13 A5 1F 13 4A 2F    21    .db  0x13, 0xa5, 0x1f, 0x13, 0x4a, 0x2f, 0x40, 0x13, 0x8b, 0x00, 0x13, 0x28, 0x88, 0x41, 0x13, 0xa9
        40 13 8B 00 13 28
        88 41 13 A9
   00C0 00 12 2A 02 0A 6F    22    .db  0x00, 0x12, 0x2a, 0x02, 0x0a, 0x6f, 0x00, 0x83, 0x00, 0x05, 0x2f, 0x00, 0x0f, 0x4e, 0x00, 0x18
        00 83 00 05 2F 00
        0F 4E 00 18
   00D0 00                   23    .db  0x00
                             24 ;; Address of the latest byte of the compressed array (for unpacking purposes)
                     00D0    25 _Menu_4_end == . - 1
                             26 
