ASxxxx Assembler V02.00 + NoICE + SDCC mods  (Zilog Z80 / Hitachi HD64180), page 1.
Hexadecimal [16-Bits]



                              1 ;; File src/Compression/titleScreen.s generated using cpct_pack
                              2 ;; Compresor used: zx7b
                              3 ;; Files compressed: [ src/Sprites/PRESSA2.bin ]
                              4 ;; Uncompressed:     5280 bytes
                              5 ;; Compressed:       268 bytes
                              6 ;; Space saved:      5012 bytes
                              7 ;;
                              8 ;; Data array definition
   0000                       9 _titleScreen::
   0000 AC AA 00 06 88 05    10    .db  0xac, 0xaa, 0x00, 0x06, 0x88, 0x05, 0xea, 0x18, 0x97, 0xa1, 0x02, 0x4e, 0xef, 0x86, 0x50, 0x0a
        EA 18 97 A1 02 4E
        EF 86 50 0A
   0010 DF 97 14 C7 46 05    11    .db  0xdf, 0x97, 0x14, 0xc7, 0x46, 0x05, 0x77, 0xdc, 0x03, 0x55, 0x27, 0xab, 0x21, 0x3a, 0xbf, 0x46
        77 DC 03 55 27 AB
        21 3A BF 46
   0020 20 C7 A4 05 21 F8    12    .db  0x20, 0xc7, 0xa4, 0x05, 0x21, 0xf8, 0x77, 0x38, 0xde, 0xc6, 0x77, 0x86, 0x57, 0x2c, 0x21, 0xe8
        77 38 DE C6 77 86
        57 2C 21 E8
   0030 27 71 FF 27 95 AB    13    .db  0x27, 0x71, 0xff, 0x27, 0x95, 0xab, 0x21, 0xa2, 0x1a, 0x71, 0x03, 0xcc, 0x97, 0x58, 0x10, 0xd4
        21 A2 1A 71 03 CC
        97 58 10 D4
   0040 56 76 FA AB 61 27    14    .db  0x56, 0x76, 0xfa, 0xab, 0x61, 0x27, 0x83, 0x01, 0x27, 0x06, 0xa0, 0x85, 0x27, 0x1d, 0x7e, 0xc1
        83 01 27 06 A0 85
        27 1D 7E C1
   0050 27 47 57 02 D0 1A    15    .db  0x27, 0x47, 0x57, 0x02, 0xd0, 0x1a, 0x00, 0xa7, 0x27, 0x8b, 0x08, 0x1a, 0xbe, 0xca, 0xfe, 0x27
        00 A7 27 8B 08 1A
        BE CA FE 27
   0060 A3 D4 7E 21 B8 27    16    .db  0xa3, 0xd4, 0x7e, 0x21, 0xb8, 0x27, 0xa9, 0x05, 0xe9, 0xbe, 0xaa, 0xaf, 0x92, 0x0f, 0xac, 0x3f
        A9 05 E9 BE AA AF
        92 0F AC 3F
   0070 02 01 C4 FE 00 4F    17    .db  0x02, 0x01, 0xc4, 0xfe, 0x00, 0x4f, 0x51, 0x55, 0x27, 0x53, 0x59, 0x7f, 0xa7, 0x40, 0xe1, 0x27
        51 55 27 53 59 7F
        A7 40 E1 27
   0080 74 DF 25 45 98 19    18    .db  0x74, 0xdf, 0x25, 0x45, 0x98, 0x19, 0xc6, 0x21, 0x43, 0x5d, 0x8f, 0x09, 0x11, 0xd4, 0xab, 0x02
        C6 21 43 5D 8F 09
        11 D4 AB 02
   0090 58 96 E0 21 27 70    19    .db  0x58, 0x96, 0xe0, 0x21, 0x27, 0x70, 0x04, 0x43, 0x00, 0x0f, 0x5c, 0x74, 0x31, 0xb4, 0x27, 0x0e
        04 43 00 0F 5C 74
        31 B4 27 0E
   00A0 9C 61 D0 89 58 27    20    .db  0x9c, 0x61, 0xd0, 0x89, 0x58, 0x27, 0x78, 0x1f, 0x03, 0x10, 0xd1, 0x09, 0x29, 0x03, 0x0f, 0xba
        78 1F 03 10 D1 09
        29 03 0F BA
   00B0 74 D6 EF 85 11 56    21    .db  0x74, 0xd6, 0xef, 0x85, 0x11, 0x56, 0x80, 0x87, 0xab, 0x27, 0xb5, 0x24, 0x28, 0x3e, 0x56, 0xe2
        80 87 AB 27 B5 24
        28 3E 56 E2
   00C0 ED C2 1A 8E AA 27    22    .db  0xed, 0xc2, 0x1a, 0x8e, 0xaa, 0x27, 0x02, 0x57, 0xab, 0x70, 0x65, 0xc6, 0x84, 0x3f, 0x27, 0xf5
        02 57 AB 70 65 C6
        84 3F 27 F5
   00D0 14 0F 59 73 01 6D    23    .db  0x14, 0x0f, 0x59, 0x73, 0x01, 0x6d, 0xb5, 0x00, 0xae, 0x33, 0xae, 0x7c, 0x00, 0xeb, 0x6c, 0x27
        B5 00 AE 33 AE 7C
        00 EB 6C 27
   00E0 BB 01 4E A0 0D 03    24    .db  0xbb, 0x01, 0x4e, 0xa0, 0x0d, 0x03, 0x2d, 0x54, 0xf7, 0xff, 0x27, 0xa0, 0x11, 0xff, 0x0b, 0x00
        2D 54 F7 FF 27 A0
        11 FF 0B 00
   00F0 BD FF 00 04 AC 57    25    .db  0xbd, 0xff, 0x00, 0x04, 0xac, 0x57, 0xaa, 0x27, 0x2c, 0xff, 0x11, 0x28, 0x03, 0x00, 0x05, 0x0a
ASxxxx Assembler V02.00 + NoICE + SDCC mods  (Zilog Z80 / Hitachi HD64180), page 2.
Hexadecimal [16-Bits]



        AA 27 2C FF 11 28
        03 00 05 0A
   0100 FD FF 02 04 92 55    26    .db  0xfd, 0xff, 0x02, 0x04, 0x92, 0x55, 0xab, 0x00, 0x24, 0x82, 0x80, 0x00
        AB 00 24 82 80 00
                             27 ;; Address of the latest byte of the compressed array (for unpacking purposes)
                     010B    28 _titleScreen_end == . - 1
                             29 
