ASxxxx Assembler V02.00 + NoICE + SDCC mods  (Zilog Z80 / Hitachi HD64180), page 1.
Hexadecimal [16-Bits]



                              1 ;; File src/Compression/titleScreen.h.s generated using cpct_pack
                              2 ;; Compresor used:   zx7b
                              3 ;; Files compressed: [ src/Sprites/PRESSA2.bin ]
                              4 ;; Uncompressed:     5280 bytes
                              5 ;; Compressed:       268 bytes
                              6 ;; Space saved:      5012 bytes
                              7 ;;
                              8 
                              9 ;; Declaration of the compressed array and
                             10 ;; the address of the latest byte of the compressed array (for unpacking purposes)
                             11 .globl _titleScreen
                             12 .globl _titleScreen_end
                             13 
                             14 ;; Compressed and uncompressed sizes
                     010C    15 _titleScreen_size_z = 268
                     14A0    16 _titleScreen_size   = 5280
                             17 
                             18 
