ASxxxx Assembler V02.00 + NoICE + SDCC mods  (Zilog Z80 / Hitachi HD64180), page 1.
Hexadecimal [16-Bits]



                              1 ;;;
                              2 ;;; File generated by cpct_aks2c CPCtelera script
                              3 ;;; Souce file of this conversion: assets/Music/bso2chan.aks
                              4 ;;; Generation time: mar oct 30 12:13:22 CET 2018
                              5 ;;;
                              6 
                              7 ;;; Set absolute memory addressing
                              8 .area __song_ingame (ABS)
   0040                       9 .org 0x0040
                             10 
                             11 ;;; Music data start (223 bytes)
                             12 ;;;
   0040                      13 _song_ingame::
   0040 41 54 31 30 01 40    14 .db 0x41, 0x54, 0x31, 0x30, 0x01, 0x40, 0x42, 0x0f, 0x02, 0x06, 0x1b, 0x00, 0x50, 0x00, 0x59, 0x00
        42 0F 02 06 1B 00
        50 00 59 00
   0050 00 00 00 00 00 00    15 .db 0x00, 0x00, 0x00, 0x00, 0x00, 0x00, 0x0d, 0x52, 0x00, 0x01, 0x00, 0x20, 0x1c, 0x18, 0x18, 0x14
        0D 52 00 01 00 20
        1C 18 18 14
   0060 10 0C 08 04 0D 52    16 .db 0x10, 0x0c, 0x08, 0x04, 0x0d, 0x52, 0x00, 0x68, 0x00, 0x00, 0x00, 0x77, 0x00, 0x00, 0x78, 0x00
        00 68 00 00 00 77
        00 00 78 00
   0070 C9 00 CE 00 01 6D    17 .db 0xc9, 0x00, 0xce, 0x00, 0x01, 0x6d, 0x00, 0x00, 0xb4, 0xe0, 0x00, 0x00, 0x01, 0x02, 0x79, 0x02
        00 00 B4 E0 00 00
        01 02 79 02
   0080 7B 08 83 08 7B 02    18 .db 0x7b, 0x08, 0x83, 0x08, 0x7b, 0x02, 0x79, 0x02, 0x75, 0x08, 0x83, 0x08, 0x75, 0x02, 0x79, 0x02
        79 02 75 08 83 08
        75 02 79 02
   0090 7B 02 83 02 89 02    19 .db 0x7b, 0x02, 0x83, 0x02, 0x89, 0x02, 0x85, 0x02, 0x83, 0x08, 0x75, 0x75, 0x02, 0x7b, 0x02, 0x75
        85 02 83 08 75 75
        02 7B 02 75
   00A0 75 02 7F 7F 08 75    20 .db 0x75, 0x02, 0x7f, 0x7f, 0x08, 0x75, 0x75, 0x02, 0x7b, 0x02, 0x75, 0x75, 0x02, 0x83, 0x83, 0x08
        75 02 7B 02 75 75
        02 83 83 08
   00B0 83 83 02 7B 02 83    21 .db 0x83, 0x83, 0x02, 0x7b, 0x02, 0x83, 0x83, 0x02, 0x89, 0x89, 0x08, 0x89, 0x02, 0x83, 0x02, 0x85
        83 02 89 89 08 89
        02 83 02 85
   00C0 02 7F 02 7B 08 7B    22 .db 0x02, 0x7f, 0x02, 0x7b, 0x08, 0x7b, 0x02, 0x79, 0x00, 0x42, 0x80, 0x00, 0x00, 0x00, 0xb4, 0xe0
        02 79 00 42 80 00
        00 00 B4 E0
   00D0 00 00 01 02 79 02    23 .db 0x00, 0x00, 0x01, 0x02, 0x79, 0x02, 0x7b, 0x08, 0x83, 0x08, 0x7b, 0x02, 0x79, 0x02, 0x75, 0x08
        7B 08 83 08 7B 02
        79 02 75 08
   00E0 83 08 75 02 79 02    24 .db 0x83, 0x08, 0x75, 0x02, 0x79, 0x02, 0x7b, 0x02, 0x83, 0x02, 0x89, 0x02, 0x85, 0x02, 0x83, 0x08
        7B 02 83 02 89 02
        85 02 83 08
   00F0 75 75 02 7B 02 75    25 .db 0x75, 0x75, 0x02, 0x7b, 0x02, 0x75, 0x75, 0x02, 0x7f, 0x7f, 0x08, 0x75, 0x75, 0x02, 0x7b, 0x02
        75 02 7F 7F 08 75
        75 02 7B 02
   0100 75 75 02 83 83 08    26 .db 0x75, 0x75, 0x02, 0x83, 0x83, 0x08, 0x83, 0x83, 0x02, 0x7b, 0x02, 0x83, 0x83, 0x02, 0x89, 0x89
        83 83 02 7B 02 83
        83 02 89 89
   0110 08 89 02 83 02 85    27 .db 0x08, 0x89, 0x02, 0x83, 0x02, 0x85, 0x02, 0x7f, 0x02, 0x7b, 0x08, 0x7b, 0x02, 0x79, 0x00
        02 7F 02 7B 08 7B
        02 79 00
