ASxxxx Assembler V02.00 + NoICE + SDCC mods  (Zilog Z80 / Hitachi HD64180), page 1.
Hexadecimal [16-Bits]



                              1 ;;;
                              2 ;;; File generated by cpct_aks2c CPCtelera script
                              3 ;;; Souce file of this conversion: assets/Music/sfx.aks
                              4 ;;; Generation time: mar oct 30 12:13:17 CET 2018
                              5 ;;;
                              6 
                              7 ;;; Set absolute memory addressing
                              8 .area __sfx (ABS)
   011F                       9 .org 0x11f
                             10 
                             11 ;;; Music data start (86 bytes)
                             12 ;;;
   011F                      13 _sfx::
   011F 41 54 31 30 01 40    14 .db 0x41, 0x54, 0x31, 0x30, 0x01, 0x40, 0x42, 0x0f, 0x02, 0xff, 0x34, 0x00, 0x31, 0x01, 0x3a, 0x01
        42 0F 02 FF 34 00
        31 01 3A 01
   012F 54 01 00 00 00 00    15 .db 0x54, 0x01, 0x00, 0x00, 0x00, 0x00, 0x00, 0x00, 0x0d, 0x33, 0x01, 0x01, 0x00, 0x22, 0x2e, 0x16
        00 00 0D 33 01 01
        00 22 2E 16
   013F 2E 1C 3A 2D 2E 29    16 .db 0x2e, 0x1c, 0x3a, 0x2d, 0x2e, 0x29, 0x1e, 0x2e, 0x26, 0x24, 0x22, 0x29, 0x1e, 0x29, 0x26, 0x2b
        1E 2E 26 24 22 29
        1E 29 26 2B
   014F 16 2B 0D 33 01 01    17 .db 0x16, 0x2b, 0x0d, 0x33, 0x01, 0x01, 0x00, 0x30, 0x24, 0x20, 0x18, 0x1c, 0x08, 0x0d, 0x33, 0x01
        00 30 24 20 18 1C
        08 0D 33 01
   015F 40 00 00 00 6F 01    18 .db 0x40, 0x00, 0x00, 0x00, 0x6f, 0x01, 0x00, 0x70, 0x01, 0x70, 0x01, 0x70, 0x01, 0x01, 0x65, 0x01
        00 70 01 70 01 70
        01 01 65 01
   016F 00 42 80 00 00 00    19 .db 0x00, 0x42, 0x80, 0x00, 0x00, 0x00
