                              1 ;--------------------------------------------------------
                              2 ; File Created by SDCC : free open source ANSI-C Compiler
                              3 ; Version 3.6.8 #9946 (Linux)
                              4 ;--------------------------------------------------------
                              5 	.module Mapa
                              6 	.optsdcc -mz80
                              7 	
                              8 ;--------------------------------------------------------
                              9 ; Public variables in this module
                             10 ;--------------------------------------------------------
                             11 	.globl _nivel1
                             12 ;--------------------------------------------------------
                             13 ; special function registers
                             14 ;--------------------------------------------------------
                             15 ;--------------------------------------------------------
                             16 ; ram data
                             17 ;--------------------------------------------------------
                             18 	.area _DATA
                             19 ;--------------------------------------------------------
                             20 ; ram data
                             21 ;--------------------------------------------------------
                             22 	.area _INITIALIZED
                             23 ;--------------------------------------------------------
                             24 ; absolute external ram data
                             25 ;--------------------------------------------------------
                             26 	.area _DABS (ABS)
                             27 ;--------------------------------------------------------
                             28 ; global & static initialisations
                             29 ;--------------------------------------------------------
                             30 	.area _HOME
                             31 	.area _GSINIT
                             32 	.area _GSFINAL
                             33 	.area _GSINIT
                             34 ;--------------------------------------------------------
                             35 ; Home
                             36 ;--------------------------------------------------------
                             37 	.area _HOME
                             38 	.area _HOME
                             39 ;--------------------------------------------------------
                             40 ; code
                             41 ;--------------------------------------------------------
                             42 	.area _CODE
                             43 	.area _CODE
   0000                      44 _nivel1:
   0000 01                   45 	.db #0x01	; 1
   0001 02                   46 	.db #0x02	; 2
   0002 02                   47 	.db #0x02	; 2
   0003 02                   48 	.db #0x02	; 2
   0004 02                   49 	.db #0x02	; 2
   0005 02                   50 	.db #0x02	; 2
   0006 02                   51 	.db #0x02	; 2
   0007 02                   52 	.db #0x02	; 2
   0008 02                   53 	.db #0x02	; 2
   0009 02                   54 	.db #0x02	; 2
   000A 02                   55 	.db #0x02	; 2
   000B 02                   56 	.db #0x02	; 2
   000C 02                   57 	.db #0x02	; 2
   000D 02                   58 	.db #0x02	; 2
   000E 02                   59 	.db #0x02	; 2
   000F 02                   60 	.db #0x02	; 2
   0010 02                   61 	.db #0x02	; 2
   0011 02                   62 	.db #0x02	; 2
   0012 02                   63 	.db #0x02	; 2
   0013 02                   64 	.db #0x02	; 2
   0014 02                   65 	.db #0x02	; 2
   0015 02                   66 	.db #0x02	; 2
   0016 02                   67 	.db #0x02	; 2
   0017 02                   68 	.db #0x02	; 2
   0018 02                   69 	.db #0x02	; 2
   0019 02                   70 	.db #0x02	; 2
   001A 02                   71 	.db #0x02	; 2
   001B 02                   72 	.db #0x02	; 2
   001C 02                   73 	.db #0x02	; 2
   001D 03                   74 	.db #0x03	; 3
   001E 00                   75 	.db #0x00	; 0
   001F 01                   76 	.db #0x01	; 1
   0020 02                   77 	.db #0x02	; 2
   0021 02                   78 	.db #0x02	; 2
   0022 02                   79 	.db #0x02	; 2
   0023 02                   80 	.db #0x02	; 2
   0024 02                   81 	.db #0x02	; 2
   0025 02                   82 	.db #0x02	; 2
   0026 02                   83 	.db #0x02	; 2
   0027 02                   84 	.db #0x02	; 2
   0028 02                   85 	.db #0x02	; 2
   0029 02                   86 	.db #0x02	; 2
   002A 02                   87 	.db #0x02	; 2
   002B 02                   88 	.db #0x02	; 2
   002C 02                   89 	.db #0x02	; 2
   002D 02                   90 	.db #0x02	; 2
   002E 02                   91 	.db #0x02	; 2
   002F 02                   92 	.db #0x02	; 2
   0030 02                   93 	.db #0x02	; 2
   0031 02                   94 	.db #0x02	; 2
   0032 02                   95 	.db #0x02	; 2
   0033 02                   96 	.db #0x02	; 2
   0034 02                   97 	.db #0x02	; 2
   0035 02                   98 	.db #0x02	; 2
   0036 02                   99 	.db #0x02	; 2
   0037 02                  100 	.db #0x02	; 2
   0038 02                  101 	.db #0x02	; 2
   0039 02                  102 	.db #0x02	; 2
   003A 01                  103 	.db #0x01	; 1
   003B 00                  104 	.db #0x00	; 0
   003C 00                  105 	.db #0x00	; 0
   003D 00                  106 	.db #0x00	; 0
   003E 00                  107 	.db #0x00	; 0
   003F 02                  108 	.db #0x02	; 2
   0040 02                  109 	.db #0x02	; 2
   0041 02                  110 	.db #0x02	; 2
   0042 02                  111 	.db #0x02	; 2
   0043 02                  112 	.db #0x02	; 2
   0044 02                  113 	.db #0x02	; 2
   0045 02                  114 	.db #0x02	; 2
   0046 02                  115 	.db #0x02	; 2
   0047 02                  116 	.db #0x02	; 2
   0048 02                  117 	.db #0x02	; 2
   0049 02                  118 	.db #0x02	; 2
   004A 02                  119 	.db #0x02	; 2
   004B 02                  120 	.db #0x02	; 2
   004C 02                  121 	.db #0x02	; 2
   004D 02                  122 	.db #0x02	; 2
   004E 02                  123 	.db #0x02	; 2
   004F 02                  124 	.db #0x02	; 2
   0050 02                  125 	.db #0x02	; 2
   0051 02                  126 	.db #0x02	; 2
   0052 02                  127 	.db #0x02	; 2
   0053 02                  128 	.db #0x02	; 2
   0054 02                  129 	.db #0x02	; 2
   0055 02                  130 	.db #0x02	; 2
   0056 02                  131 	.db #0x02	; 2
   0057 02                  132 	.db #0x02	; 2
   0058 00                  133 	.db #0x00	; 0
   0059 00                  134 	.db #0x00	; 0
   005A 00                  135 	.db #0x00	; 0
   005B 00                  136 	.db #0x00	; 0
   005C 00                  137 	.db #0x00	; 0
   005D 02                  138 	.db #0x02	; 2
   005E 02                  139 	.db #0x02	; 2
   005F 02                  140 	.db #0x02	; 2
   0060 02                  141 	.db #0x02	; 2
   0061 02                  142 	.db #0x02	; 2
   0062 02                  143 	.db #0x02	; 2
   0063 02                  144 	.db #0x02	; 2
   0064 02                  145 	.db #0x02	; 2
   0065 02                  146 	.db #0x02	; 2
   0066 02                  147 	.db #0x02	; 2
   0067 02                  148 	.db #0x02	; 2
   0068 02                  149 	.db #0x02	; 2
   0069 02                  150 	.db #0x02	; 2
   006A 02                  151 	.db #0x02	; 2
   006B 02                  152 	.db #0x02	; 2
   006C 02                  153 	.db #0x02	; 2
   006D 02                  154 	.db #0x02	; 2
   006E 02                  155 	.db #0x02	; 2
   006F 02                  156 	.db #0x02	; 2
   0070 02                  157 	.db #0x02	; 2
   0071 02                  158 	.db #0x02	; 2
   0072 02                  159 	.db #0x02	; 2
   0073 02                  160 	.db #0x02	; 2
   0074 02                  161 	.db #0x02	; 2
   0075 02                  162 	.db #0x02	; 2
   0076 00                  163 	.db #0x00	; 0
   0077 00                  164 	.db #0x00	; 0
   0078 00                  165 	.db #0x00	; 0
   0079 00                  166 	.db #0x00	; 0
   007A 00                  167 	.db #0x00	; 0
   007B 02                  168 	.db #0x02	; 2
   007C 02                  169 	.db #0x02	; 2
   007D 02                  170 	.db #0x02	; 2
   007E 02                  171 	.db #0x02	; 2
   007F 02                  172 	.db #0x02	; 2
   0080 02                  173 	.db #0x02	; 2
   0081 02                  174 	.db #0x02	; 2
   0082 02                  175 	.db #0x02	; 2
   0083 02                  176 	.db #0x02	; 2
   0084 02                  177 	.db #0x02	; 2
   0085 02                  178 	.db #0x02	; 2
   0086 02                  179 	.db #0x02	; 2
   0087 02                  180 	.db #0x02	; 2
   0088 02                  181 	.db #0x02	; 2
   0089 02                  182 	.db #0x02	; 2
   008A 02                  183 	.db #0x02	; 2
   008B 02                  184 	.db #0x02	; 2
   008C 02                  185 	.db #0x02	; 2
   008D 02                  186 	.db #0x02	; 2
   008E 02                  187 	.db #0x02	; 2
   008F 02                  188 	.db #0x02	; 2
   0090 02                  189 	.db #0x02	; 2
   0091 02                  190 	.db #0x02	; 2
   0092 02                  191 	.db #0x02	; 2
   0093 02                  192 	.db #0x02	; 2
   0094 00                  193 	.db #0x00	; 0
   0095 00                  194 	.db #0x00	; 0
   0096 00                  195 	.db #0x00	; 0
   0097 00                  196 	.db #0x00	; 0
   0098 00                  197 	.db #0x00	; 0
   0099 02                  198 	.db #0x02	; 2
   009A 02                  199 	.db #0x02	; 2
   009B 02                  200 	.db #0x02	; 2
   009C 02                  201 	.db #0x02	; 2
   009D 02                  202 	.db #0x02	; 2
   009E 02                  203 	.db #0x02	; 2
   009F 02                  204 	.db #0x02	; 2
   00A0 02                  205 	.db #0x02	; 2
   00A1 02                  206 	.db #0x02	; 2
   00A2 02                  207 	.db #0x02	; 2
   00A3 02                  208 	.db #0x02	; 2
   00A4 02                  209 	.db #0x02	; 2
   00A5 02                  210 	.db #0x02	; 2
   00A6 02                  211 	.db #0x02	; 2
   00A7 02                  212 	.db #0x02	; 2
   00A8 02                  213 	.db #0x02	; 2
   00A9 02                  214 	.db #0x02	; 2
   00AA 02                  215 	.db #0x02	; 2
   00AB 02                  216 	.db #0x02	; 2
   00AC 02                  217 	.db #0x02	; 2
   00AD 02                  218 	.db #0x02	; 2
   00AE 02                  219 	.db #0x02	; 2
   00AF 02                  220 	.db #0x02	; 2
   00B0 02                  221 	.db #0x02	; 2
   00B1 02                  222 	.db #0x02	; 2
   00B2 00                  223 	.db #0x00	; 0
   00B3 00                  224 	.db #0x00	; 0
   00B4 00                  225 	.db #0x00	; 0
   00B5 00                  226 	.db #0x00	; 0
   00B6 00                  227 	.db #0x00	; 0
   00B7 02                  228 	.db #0x02	; 2
   00B8 02                  229 	.db #0x02	; 2
   00B9 02                  230 	.db #0x02	; 2
   00BA 02                  231 	.db #0x02	; 2
   00BB 02                  232 	.db #0x02	; 2
   00BC 02                  233 	.db #0x02	; 2
   00BD 02                  234 	.db #0x02	; 2
   00BE 02                  235 	.db #0x02	; 2
   00BF 02                  236 	.db #0x02	; 2
   00C0 02                  237 	.db #0x02	; 2
   00C1 02                  238 	.db #0x02	; 2
   00C2 02                  239 	.db #0x02	; 2
   00C3 02                  240 	.db #0x02	; 2
   00C4 02                  241 	.db #0x02	; 2
   00C5 02                  242 	.db #0x02	; 2
   00C6 02                  243 	.db #0x02	; 2
   00C7 02                  244 	.db #0x02	; 2
   00C8 02                  245 	.db #0x02	; 2
   00C9 02                  246 	.db #0x02	; 2
   00CA 02                  247 	.db #0x02	; 2
   00CB 02                  248 	.db #0x02	; 2
   00CC 02                  249 	.db #0x02	; 2
   00CD 02                  250 	.db #0x02	; 2
   00CE 02                  251 	.db #0x02	; 2
   00CF 02                  252 	.db #0x02	; 2
   00D0 00                  253 	.db #0x00	; 0
   00D1 00                  254 	.db #0x00	; 0
   00D2 00                  255 	.db #0x00	; 0
   00D3 00                  256 	.db #0x00	; 0
   00D4 00                  257 	.db #0x00	; 0
   00D5 02                  258 	.db #0x02	; 2
   00D6 02                  259 	.db #0x02	; 2
   00D7 00                  260 	.db #0x00	; 0
   00D8 02                  261 	.db #0x02	; 2
   00D9 02                  262 	.db #0x02	; 2
   00DA 00                  263 	.db #0x00	; 0
   00DB 02                  264 	.db #0x02	; 2
   00DC 02                  265 	.db #0x02	; 2
   00DD 00                  266 	.db #0x00	; 0
   00DE 02                  267 	.db #0x02	; 2
   00DF 02                  268 	.db #0x02	; 2
   00E0 00                  269 	.db #0x00	; 0
   00E1 02                  270 	.db #0x02	; 2
   00E2 02                  271 	.db #0x02	; 2
   00E3 00                  272 	.db #0x00	; 0
   00E4 02                  273 	.db #0x02	; 2
   00E5 02                  274 	.db #0x02	; 2
   00E6 00                  275 	.db #0x00	; 0
   00E7 02                  276 	.db #0x02	; 2
   00E8 02                  277 	.db #0x02	; 2
   00E9 00                  278 	.db #0x00	; 0
   00EA 02                  279 	.db #0x02	; 2
   00EB 02                  280 	.db #0x02	; 2
   00EC 02                  281 	.db #0x02	; 2
   00ED 03                  282 	.db #0x03	; 3
   00EE 00                  283 	.db #0x00	; 0
   00EF 00                  284 	.db #0x00	; 0
   00F0 00                  285 	.db #0x00	; 0
   00F1 00                  286 	.db #0x00	; 0
   00F2 00                  287 	.db #0x00	; 0
   00F3 02                  288 	.db #0x02	; 2
   00F4 02                  289 	.db #0x02	; 2
   00F5 00                  290 	.db #0x00	; 0
   00F6 02                  291 	.db #0x02	; 2
   00F7 02                  292 	.db #0x02	; 2
   00F8 00                  293 	.db #0x00	; 0
   00F9 02                  294 	.db #0x02	; 2
   00FA 02                  295 	.db #0x02	; 2
   00FB 00                  296 	.db #0x00	; 0
   00FC 02                  297 	.db #0x02	; 2
   00FD 02                  298 	.db #0x02	; 2
   00FE 00                  299 	.db #0x00	; 0
   00FF 02                  300 	.db #0x02	; 2
   0100 02                  301 	.db #0x02	; 2
   0101 00                  302 	.db #0x00	; 0
   0102 02                  303 	.db #0x02	; 2
   0103 02                  304 	.db #0x02	; 2
   0104 00                  305 	.db #0x00	; 0
   0105 02                  306 	.db #0x02	; 2
   0106 02                  307 	.db #0x02	; 2
   0107 00                  308 	.db #0x00	; 0
   0108 02                  309 	.db #0x02	; 2
   0109 02                  310 	.db #0x02	; 2
   010A 02                  311 	.db #0x02	; 2
   010B 03                  312 	.db #0x03	; 3
   010C 00                  313 	.db #0x00	; 0
   010D 00                  314 	.db #0x00	; 0
   010E 00                  315 	.db #0x00	; 0
   010F 00                  316 	.db #0x00	; 0
   0110 00                  317 	.db #0x00	; 0
   0111 02                  318 	.db #0x02	; 2
   0112 02                  319 	.db #0x02	; 2
   0113 00                  320 	.db #0x00	; 0
   0114 02                  321 	.db #0x02	; 2
   0115 02                  322 	.db #0x02	; 2
   0116 00                  323 	.db #0x00	; 0
   0117 02                  324 	.db #0x02	; 2
   0118 02                  325 	.db #0x02	; 2
   0119 00                  326 	.db #0x00	; 0
   011A 02                  327 	.db #0x02	; 2
   011B 02                  328 	.db #0x02	; 2
   011C 00                  329 	.db #0x00	; 0
   011D 02                  330 	.db #0x02	; 2
   011E 02                  331 	.db #0x02	; 2
   011F 00                  332 	.db #0x00	; 0
   0120 02                  333 	.db #0x02	; 2
   0121 02                  334 	.db #0x02	; 2
   0122 00                  335 	.db #0x00	; 0
   0123 02                  336 	.db #0x02	; 2
   0124 02                  337 	.db #0x02	; 2
   0125 00                  338 	.db #0x00	; 0
   0126 02                  339 	.db #0x02	; 2
   0127 02                  340 	.db #0x02	; 2
   0128 02                  341 	.db #0x02	; 2
   0129 00                  342 	.db #0x00	; 0
   012A 00                  343 	.db #0x00	; 0
   012B 00                  344 	.db #0x00	; 0
   012C 00                  345 	.db #0x00	; 0
   012D 00                  346 	.db #0x00	; 0
   012E 00                  347 	.db #0x00	; 0
   012F 02                  348 	.db #0x02	; 2
   0130 02                  349 	.db #0x02	; 2
   0131 00                  350 	.db #0x00	; 0
   0132 02                  351 	.db #0x02	; 2
   0133 02                  352 	.db #0x02	; 2
   0134 00                  353 	.db #0x00	; 0
   0135 02                  354 	.db #0x02	; 2
   0136 02                  355 	.db #0x02	; 2
   0137 00                  356 	.db #0x00	; 0
   0138 02                  357 	.db #0x02	; 2
   0139 02                  358 	.db #0x02	; 2
   013A 00                  359 	.db #0x00	; 0
   013B 02                  360 	.db #0x02	; 2
   013C 02                  361 	.db #0x02	; 2
   013D 00                  362 	.db #0x00	; 0
   013E 02                  363 	.db #0x02	; 2
   013F 02                  364 	.db #0x02	; 2
   0140 00                  365 	.db #0x00	; 0
   0141 02                  366 	.db #0x02	; 2
   0142 02                  367 	.db #0x02	; 2
   0143 00                  368 	.db #0x00	; 0
   0144 02                  369 	.db #0x02	; 2
   0145 02                  370 	.db #0x02	; 2
   0146 02                  371 	.db #0x02	; 2
   0147 00                  372 	.db #0x00	; 0
   0148 00                  373 	.db #0x00	; 0
   0149 00                  374 	.db #0x00	; 0
   014A 00                  375 	.db #0x00	; 0
   014B 00                  376 	.db #0x00	; 0
   014C 00                  377 	.db #0x00	; 0
   014D 02                  378 	.db #0x02	; 2
   014E 02                  379 	.db #0x02	; 2
   014F 00                  380 	.db #0x00	; 0
   0150 02                  381 	.db #0x02	; 2
   0151 02                  382 	.db #0x02	; 2
   0152 00                  383 	.db #0x00	; 0
   0153 02                  384 	.db #0x02	; 2
   0154 02                  385 	.db #0x02	; 2
   0155 00                  386 	.db #0x00	; 0
   0156 02                  387 	.db #0x02	; 2
   0157 02                  388 	.db #0x02	; 2
   0158 00                  389 	.db #0x00	; 0
   0159 02                  390 	.db #0x02	; 2
   015A 02                  391 	.db #0x02	; 2
   015B 00                  392 	.db #0x00	; 0
   015C 02                  393 	.db #0x02	; 2
   015D 02                  394 	.db #0x02	; 2
   015E 00                  395 	.db #0x00	; 0
   015F 02                  396 	.db #0x02	; 2
   0160 02                  397 	.db #0x02	; 2
   0161 00                  398 	.db #0x00	; 0
   0162 02                  399 	.db #0x02	; 2
   0163 02                  400 	.db #0x02	; 2
   0164 02                  401 	.db #0x02	; 2
   0165 00                  402 	.db #0x00	; 0
   0166 00                  403 	.db #0x00	; 0
   0167 00                  404 	.db #0x00	; 0
   0168 00                  405 	.db #0x00	; 0
   0169 00                  406 	.db #0x00	; 0
   016A 00                  407 	.db #0x00	; 0
   016B 02                  408 	.db #0x02	; 2
   016C 02                  409 	.db #0x02	; 2
   016D 00                  410 	.db #0x00	; 0
   016E 02                  411 	.db #0x02	; 2
   016F 02                  412 	.db #0x02	; 2
   0170 00                  413 	.db #0x00	; 0
   0171 02                  414 	.db #0x02	; 2
   0172 02                  415 	.db #0x02	; 2
   0173 00                  416 	.db #0x00	; 0
   0174 02                  417 	.db #0x02	; 2
   0175 02                  418 	.db #0x02	; 2
   0176 00                  419 	.db #0x00	; 0
   0177 02                  420 	.db #0x02	; 2
   0178 02                  421 	.db #0x02	; 2
   0179 00                  422 	.db #0x00	; 0
   017A 02                  423 	.db #0x02	; 2
   017B 02                  424 	.db #0x02	; 2
   017C 00                  425 	.db #0x00	; 0
   017D 02                  426 	.db #0x02	; 2
   017E 02                  427 	.db #0x02	; 2
   017F 00                  428 	.db #0x00	; 0
   0180 02                  429 	.db #0x02	; 2
   0181 02                  430 	.db #0x02	; 2
   0182 02                  431 	.db #0x02	; 2
   0183 00                  432 	.db #0x00	; 0
   0184 00                  433 	.db #0x00	; 0
   0185 00                  434 	.db #0x00	; 0
   0186 00                  435 	.db #0x00	; 0
   0187 00                  436 	.db #0x00	; 0
   0188 00                  437 	.db #0x00	; 0
   0189 02                  438 	.db #0x02	; 2
   018A 02                  439 	.db #0x02	; 2
   018B 00                  440 	.db #0x00	; 0
   018C 02                  441 	.db #0x02	; 2
   018D 02                  442 	.db #0x02	; 2
   018E 00                  443 	.db #0x00	; 0
   018F 02                  444 	.db #0x02	; 2
   0190 02                  445 	.db #0x02	; 2
   0191 00                  446 	.db #0x00	; 0
   0192 02                  447 	.db #0x02	; 2
   0193 02                  448 	.db #0x02	; 2
   0194 00                  449 	.db #0x00	; 0
   0195 02                  450 	.db #0x02	; 2
   0196 02                  451 	.db #0x02	; 2
   0197 00                  452 	.db #0x00	; 0
   0198 02                  453 	.db #0x02	; 2
   0199 02                  454 	.db #0x02	; 2
   019A 00                  455 	.db #0x00	; 0
   019B 02                  456 	.db #0x02	; 2
   019C 02                  457 	.db #0x02	; 2
   019D 00                  458 	.db #0x00	; 0
   019E 02                  459 	.db #0x02	; 2
   019F 02                  460 	.db #0x02	; 2
   01A0 02                  461 	.db #0x02	; 2
   01A1 00                  462 	.db #0x00	; 0
   01A2 00                  463 	.db #0x00	; 0
   01A3 00                  464 	.db #0x00	; 0
   01A4 00                  465 	.db #0x00	; 0
   01A5 00                  466 	.db #0x00	; 0
   01A6 00                  467 	.db #0x00	; 0
   01A7 02                  468 	.db #0x02	; 2
   01A8 02                  469 	.db #0x02	; 2
   01A9 00                  470 	.db #0x00	; 0
   01AA 02                  471 	.db #0x02	; 2
   01AB 02                  472 	.db #0x02	; 2
   01AC 00                  473 	.db #0x00	; 0
   01AD 02                  474 	.db #0x02	; 2
   01AE 02                  475 	.db #0x02	; 2
   01AF 00                  476 	.db #0x00	; 0
   01B0 02                  477 	.db #0x02	; 2
   01B1 02                  478 	.db #0x02	; 2
   01B2 00                  479 	.db #0x00	; 0
   01B3 02                  480 	.db #0x02	; 2
   01B4 02                  481 	.db #0x02	; 2
   01B5 00                  482 	.db #0x00	; 0
   01B6 02                  483 	.db #0x02	; 2
   01B7 02                  484 	.db #0x02	; 2
   01B8 00                  485 	.db #0x00	; 0
   01B9 02                  486 	.db #0x02	; 2
   01BA 02                  487 	.db #0x02	; 2
   01BB 00                  488 	.db #0x00	; 0
   01BC 02                  489 	.db #0x02	; 2
   01BD 02                  490 	.db #0x02	; 2
   01BE 02                  491 	.db #0x02	; 2
   01BF 00                  492 	.db #0x00	; 0
   01C0 00                  493 	.db #0x00	; 0
   01C1 00                  494 	.db #0x00	; 0
   01C2 00                  495 	.db #0x00	; 0
   01C3 00                  496 	.db #0x00	; 0
   01C4 00                  497 	.db #0x00	; 0
   01C5 02                  498 	.db #0x02	; 2
   01C6 02                  499 	.db #0x02	; 2
   01C7 00                  500 	.db #0x00	; 0
   01C8 02                  501 	.db #0x02	; 2
   01C9 02                  502 	.db #0x02	; 2
   01CA 00                  503 	.db #0x00	; 0
   01CB 02                  504 	.db #0x02	; 2
   01CC 02                  505 	.db #0x02	; 2
   01CD 00                  506 	.db #0x00	; 0
   01CE 02                  507 	.db #0x02	; 2
   01CF 02                  508 	.db #0x02	; 2
   01D0 00                  509 	.db #0x00	; 0
   01D1 02                  510 	.db #0x02	; 2
   01D2 02                  511 	.db #0x02	; 2
   01D3 00                  512 	.db #0x00	; 0
   01D4 02                  513 	.db #0x02	; 2
   01D5 02                  514 	.db #0x02	; 2
   01D6 00                  515 	.db #0x00	; 0
   01D7 02                  516 	.db #0x02	; 2
   01D8 02                  517 	.db #0x02	; 2
   01D9 00                  518 	.db #0x00	; 0
   01DA 02                  519 	.db #0x02	; 2
   01DB 02                  520 	.db #0x02	; 2
   01DC 02                  521 	.db #0x02	; 2
   01DD 00                  522 	.db #0x00	; 0
   01DE 00                  523 	.db #0x00	; 0
   01DF 00                  524 	.db #0x00	; 0
   01E0 00                  525 	.db #0x00	; 0
   01E1 00                  526 	.db #0x00	; 0
   01E2 00                  527 	.db #0x00	; 0
   01E3 02                  528 	.db #0x02	; 2
   01E4 02                  529 	.db #0x02	; 2
   01E5 00                  530 	.db #0x00	; 0
   01E6 02                  531 	.db #0x02	; 2
   01E7 02                  532 	.db #0x02	; 2
   01E8 00                  533 	.db #0x00	; 0
   01E9 02                  534 	.db #0x02	; 2
   01EA 02                  535 	.db #0x02	; 2
   01EB 00                  536 	.db #0x00	; 0
   01EC 02                  537 	.db #0x02	; 2
   01ED 02                  538 	.db #0x02	; 2
   01EE 00                  539 	.db #0x00	; 0
   01EF 02                  540 	.db #0x02	; 2
   01F0 02                  541 	.db #0x02	; 2
   01F1 00                  542 	.db #0x00	; 0
   01F2 02                  543 	.db #0x02	; 2
   01F3 02                  544 	.db #0x02	; 2
   01F4 00                  545 	.db #0x00	; 0
   01F5 02                  546 	.db #0x02	; 2
   01F6 02                  547 	.db #0x02	; 2
   01F7 00                  548 	.db #0x00	; 0
   01F8 02                  549 	.db #0x02	; 2
   01F9 02                  550 	.db #0x02	; 2
   01FA 02                  551 	.db #0x02	; 2
   01FB 00                  552 	.db #0x00	; 0
   01FC 00                  553 	.db #0x00	; 0
   01FD 00                  554 	.db #0x00	; 0
   01FE 00                  555 	.db #0x00	; 0
   01FF 00                  556 	.db #0x00	; 0
   0200 00                  557 	.db #0x00	; 0
   0201 02                  558 	.db #0x02	; 2
   0202 02                  559 	.db #0x02	; 2
   0203 00                  560 	.db #0x00	; 0
   0204 02                  561 	.db #0x02	; 2
   0205 02                  562 	.db #0x02	; 2
   0206 00                  563 	.db #0x00	; 0
   0207 02                  564 	.db #0x02	; 2
   0208 02                  565 	.db #0x02	; 2
   0209 00                  566 	.db #0x00	; 0
   020A 02                  567 	.db #0x02	; 2
   020B 02                  568 	.db #0x02	; 2
   020C 00                  569 	.db #0x00	; 0
   020D 02                  570 	.db #0x02	; 2
   020E 02                  571 	.db #0x02	; 2
   020F 00                  572 	.db #0x00	; 0
   0210 02                  573 	.db #0x02	; 2
   0211 02                  574 	.db #0x02	; 2
   0212 00                  575 	.db #0x00	; 0
   0213 02                  576 	.db #0x02	; 2
   0214 02                  577 	.db #0x02	; 2
   0215 00                  578 	.db #0x00	; 0
   0216 02                  579 	.db #0x02	; 2
   0217 02                  580 	.db #0x02	; 2
   0218 02                  581 	.db #0x02	; 2
   0219 00                  582 	.db #0x00	; 0
   021A 00                  583 	.db #0x00	; 0
   021B 00                  584 	.db #0x00	; 0
   021C 00                  585 	.db #0x00	; 0
   021D 00                  586 	.db #0x00	; 0
   021E 00                  587 	.db #0x00	; 0
   021F 02                  588 	.db #0x02	; 2
   0220 02                  589 	.db #0x02	; 2
   0221 00                  590 	.db #0x00	; 0
   0222 02                  591 	.db #0x02	; 2
   0223 02                  592 	.db #0x02	; 2
   0224 00                  593 	.db #0x00	; 0
   0225 02                  594 	.db #0x02	; 2
   0226 02                  595 	.db #0x02	; 2
   0227 00                  596 	.db #0x00	; 0
   0228 02                  597 	.db #0x02	; 2
   0229 02                  598 	.db #0x02	; 2
   022A 00                  599 	.db #0x00	; 0
   022B 02                  600 	.db #0x02	; 2
   022C 02                  601 	.db #0x02	; 2
   022D 00                  602 	.db #0x00	; 0
   022E 02                  603 	.db #0x02	; 2
   022F 02                  604 	.db #0x02	; 2
   0230 00                  605 	.db #0x00	; 0
   0231 02                  606 	.db #0x02	; 2
   0232 02                  607 	.db #0x02	; 2
   0233 00                  608 	.db #0x00	; 0
   0234 02                  609 	.db #0x02	; 2
   0235 02                  610 	.db #0x02	; 2
   0236 02                  611 	.db #0x02	; 2
   0237 00                  612 	.db #0x00	; 0
   0238 00                  613 	.db #0x00	; 0
   0239 00                  614 	.db #0x00	; 0
   023A 00                  615 	.db #0x00	; 0
   023B 00                  616 	.db #0x00	; 0
   023C 00                  617 	.db #0x00	; 0
   023D 02                  618 	.db #0x02	; 2
   023E 02                  619 	.db #0x02	; 2
   023F 00                  620 	.db #0x00	; 0
   0240 02                  621 	.db #0x02	; 2
   0241 02                  622 	.db #0x02	; 2
   0242 00                  623 	.db #0x00	; 0
   0243 02                  624 	.db #0x02	; 2
   0244 02                  625 	.db #0x02	; 2
   0245 00                  626 	.db #0x00	; 0
   0246 02                  627 	.db #0x02	; 2
   0247 02                  628 	.db #0x02	; 2
   0248 00                  629 	.db #0x00	; 0
   0249 02                  630 	.db #0x02	; 2
   024A 02                  631 	.db #0x02	; 2
   024B 00                  632 	.db #0x00	; 0
   024C 02                  633 	.db #0x02	; 2
   024D 02                  634 	.db #0x02	; 2
   024E 00                  635 	.db #0x00	; 0
   024F 02                  636 	.db #0x02	; 2
   0250 02                  637 	.db #0x02	; 2
   0251 00                  638 	.db #0x00	; 0
   0252 02                  639 	.db #0x02	; 2
   0253 02                  640 	.db #0x02	; 2
   0254 02                  641 	.db #0x02	; 2
   0255 00                  642 	.db #0x00	; 0
   0256 00                  643 	.db #0x00	; 0
   0257 00                  644 	.db #0x00	; 0
   0258 00                  645 	.db #0x00	; 0
   0259 00                  646 	.db #0x00	; 0
   025A 00                  647 	.db #0x00	; 0
   025B 02                  648 	.db #0x02	; 2
   025C 02                  649 	.db #0x02	; 2
   025D 00                  650 	.db #0x00	; 0
   025E 02                  651 	.db #0x02	; 2
   025F 02                  652 	.db #0x02	; 2
   0260 00                  653 	.db #0x00	; 0
   0261 02                  654 	.db #0x02	; 2
   0262 02                  655 	.db #0x02	; 2
   0263 00                  656 	.db #0x00	; 0
   0264 02                  657 	.db #0x02	; 2
   0265 02                  658 	.db #0x02	; 2
   0266 00                  659 	.db #0x00	; 0
   0267 02                  660 	.db #0x02	; 2
   0268 02                  661 	.db #0x02	; 2
   0269 00                  662 	.db #0x00	; 0
   026A 02                  663 	.db #0x02	; 2
   026B 02                  664 	.db #0x02	; 2
   026C 00                  665 	.db #0x00	; 0
   026D 02                  666 	.db #0x02	; 2
   026E 02                  667 	.db #0x02	; 2
   026F 00                  668 	.db #0x00	; 0
   0270 02                  669 	.db #0x02	; 2
   0271 02                  670 	.db #0x02	; 2
   0272 02                  671 	.db #0x02	; 2
   0273 00                  672 	.db #0x00	; 0
   0274 00                  673 	.db #0x00	; 0
   0275 00                  674 	.db #0x00	; 0
   0276 00                  675 	.db #0x00	; 0
   0277 00                  676 	.db #0x00	; 0
   0278 00                  677 	.db #0x00	; 0
   0279 00                  678 	.db #0x00	; 0
   027A 02                  679 	.db #0x02	; 2
   027B 00                  680 	.db #0x00	; 0
   027C 02                  681 	.db #0x02	; 2
   027D 02                  682 	.db #0x02	; 2
   027E 00                  683 	.db #0x00	; 0
   027F 02                  684 	.db #0x02	; 2
   0280 02                  685 	.db #0x02	; 2
   0281 00                  686 	.db #0x00	; 0
   0282 02                  687 	.db #0x02	; 2
   0283 02                  688 	.db #0x02	; 2
   0284 00                  689 	.db #0x00	; 0
   0285 02                  690 	.db #0x02	; 2
   0286 02                  691 	.db #0x02	; 2
   0287 00                  692 	.db #0x00	; 0
   0288 02                  693 	.db #0x02	; 2
   0289 02                  694 	.db #0x02	; 2
   028A 00                  695 	.db #0x00	; 0
   028B 02                  696 	.db #0x02	; 2
   028C 02                  697 	.db #0x02	; 2
   028D 00                  698 	.db #0x00	; 0
   028E 02                  699 	.db #0x02	; 2
   028F 02                  700 	.db #0x02	; 2
   0290 02                  701 	.db #0x02	; 2
   0291 00                  702 	.db #0x00	; 0
   0292 00                  703 	.db #0x00	; 0
   0293 00                  704 	.db #0x00	; 0
   0294 00                  705 	.db #0x00	; 0
   0295 00                  706 	.db #0x00	; 0
   0296 00                  707 	.db #0x00	; 0
   0297 00                  708 	.db #0x00	; 0
   0298 02                  709 	.db #0x02	; 2
   0299 00                  710 	.db #0x00	; 0
   029A 02                  711 	.db #0x02	; 2
   029B 02                  712 	.db #0x02	; 2
   029C 00                  713 	.db #0x00	; 0
   029D 02                  714 	.db #0x02	; 2
   029E 02                  715 	.db #0x02	; 2
   029F 00                  716 	.db #0x00	; 0
   02A0 02                  717 	.db #0x02	; 2
   02A1 02                  718 	.db #0x02	; 2
   02A2 00                  719 	.db #0x00	; 0
   02A3 02                  720 	.db #0x02	; 2
   02A4 02                  721 	.db #0x02	; 2
   02A5 00                  722 	.db #0x00	; 0
   02A6 02                  723 	.db #0x02	; 2
   02A7 02                  724 	.db #0x02	; 2
   02A8 00                  725 	.db #0x00	; 0
   02A9 02                  726 	.db #0x02	; 2
   02AA 02                  727 	.db #0x02	; 2
   02AB 00                  728 	.db #0x00	; 0
   02AC 02                  729 	.db #0x02	; 2
   02AD 02                  730 	.db #0x02	; 2
   02AE 02                  731 	.db #0x02	; 2
   02AF 00                  732 	.db #0x00	; 0
   02B0 00                  733 	.db #0x00	; 0
   02B1 00                  734 	.db #0x00	; 0
   02B2 00                  735 	.db #0x00	; 0
   02B3 00                  736 	.db #0x00	; 0
   02B4 00                  737 	.db #0x00	; 0
   02B5 02                  738 	.db #0x02	; 2
   02B6 02                  739 	.db #0x02	; 2
   02B7 02                  740 	.db #0x02	; 2
   02B8 02                  741 	.db #0x02	; 2
   02B9 02                  742 	.db #0x02	; 2
   02BA 02                  743 	.db #0x02	; 2
   02BB 02                  744 	.db #0x02	; 2
   02BC 02                  745 	.db #0x02	; 2
   02BD 02                  746 	.db #0x02	; 2
   02BE 02                  747 	.db #0x02	; 2
   02BF 02                  748 	.db #0x02	; 2
   02C0 02                  749 	.db #0x02	; 2
   02C1 02                  750 	.db #0x02	; 2
   02C2 02                  751 	.db #0x02	; 2
   02C3 02                  752 	.db #0x02	; 2
   02C4 02                  753 	.db #0x02	; 2
   02C5 02                  754 	.db #0x02	; 2
   02C6 02                  755 	.db #0x02	; 2
   02C7 02                  756 	.db #0x02	; 2
   02C8 02                  757 	.db #0x02	; 2
   02C9 02                  758 	.db #0x02	; 2
   02CA 02                  759 	.db #0x02	; 2
   02CB 02                  760 	.db #0x02	; 2
   02CC 02                  761 	.db #0x02	; 2
   02CD 00                  762 	.db #0x00	; 0
   02CE 00                  763 	.db #0x00	; 0
   02CF 00                  764 	.db #0x00	; 0
   02D0 00                  765 	.db #0x00	; 0
   02D1 00                  766 	.db #0x00	; 0
   02D2 00                  767 	.db #0x00	; 0
   02D3 02                  768 	.db #0x02	; 2
   02D4 02                  769 	.db #0x02	; 2
   02D5 02                  770 	.db #0x02	; 2
   02D6 02                  771 	.db #0x02	; 2
   02D7 02                  772 	.db #0x02	; 2
   02D8 02                  773 	.db #0x02	; 2
   02D9 02                  774 	.db #0x02	; 2
   02DA 02                  775 	.db #0x02	; 2
   02DB 02                  776 	.db #0x02	; 2
   02DC 02                  777 	.db #0x02	; 2
   02DD 02                  778 	.db #0x02	; 2
   02DE 02                  779 	.db #0x02	; 2
   02DF 02                  780 	.db #0x02	; 2
   02E0 02                  781 	.db #0x02	; 2
   02E1 02                  782 	.db #0x02	; 2
   02E2 02                  783 	.db #0x02	; 2
   02E3 02                  784 	.db #0x02	; 2
   02E4 02                  785 	.db #0x02	; 2
   02E5 02                  786 	.db #0x02	; 2
   02E6 02                  787 	.db #0x02	; 2
   02E7 02                  788 	.db #0x02	; 2
   02E8 02                  789 	.db #0x02	; 2
   02E9 02                  790 	.db #0x02	; 2
   02EA 02                  791 	.db #0x02	; 2
   02EB 00                  792 	.db #0x00	; 0
   02EC 00                  793 	.db #0x00	; 0
   02ED 00                  794 	.db #0x00	; 0
   02EE 00                  795 	.db #0x00	; 0
   02EF 00                  796 	.db #0x00	; 0
   02F0 00                  797 	.db #0x00	; 0
   02F1 02                  798 	.db #0x02	; 2
   02F2 02                  799 	.db #0x02	; 2
   02F3 02                  800 	.db #0x02	; 2
   02F4 02                  801 	.db #0x02	; 2
   02F5 02                  802 	.db #0x02	; 2
   02F6 02                  803 	.db #0x02	; 2
   02F7 02                  804 	.db #0x02	; 2
   02F8 02                  805 	.db #0x02	; 2
   02F9 02                  806 	.db #0x02	; 2
   02FA 02                  807 	.db #0x02	; 2
   02FB 02                  808 	.db #0x02	; 2
   02FC 02                  809 	.db #0x02	; 2
   02FD 02                  810 	.db #0x02	; 2
   02FE 02                  811 	.db #0x02	; 2
   02FF 02                  812 	.db #0x02	; 2
   0300 02                  813 	.db #0x02	; 2
   0301 02                  814 	.db #0x02	; 2
   0302 02                  815 	.db #0x02	; 2
   0303 02                  816 	.db #0x02	; 2
   0304 02                  817 	.db #0x02	; 2
   0305 02                  818 	.db #0x02	; 2
   0306 02                  819 	.db #0x02	; 2
   0307 02                  820 	.db #0x02	; 2
   0308 02                  821 	.db #0x02	; 2
   0309 00                  822 	.db #0x00	; 0
   030A 00                  823 	.db #0x00	; 0
   030B 00                  824 	.db #0x00	; 0
   030C 00                  825 	.db #0x00	; 0
   030D 00                  826 	.db #0x00	; 0
   030E 00                  827 	.db #0x00	; 0
   030F 02                  828 	.db #0x02	; 2
   0310 02                  829 	.db #0x02	; 2
   0311 02                  830 	.db #0x02	; 2
   0312 02                  831 	.db #0x02	; 2
   0313 02                  832 	.db #0x02	; 2
   0314 02                  833 	.db #0x02	; 2
   0315 02                  834 	.db #0x02	; 2
   0316 02                  835 	.db #0x02	; 2
   0317 02                  836 	.db #0x02	; 2
   0318 02                  837 	.db #0x02	; 2
   0319 02                  838 	.db #0x02	; 2
   031A 02                  839 	.db #0x02	; 2
   031B 02                  840 	.db #0x02	; 2
   031C 02                  841 	.db #0x02	; 2
   031D 02                  842 	.db #0x02	; 2
   031E 02                  843 	.db #0x02	; 2
   031F 02                  844 	.db #0x02	; 2
   0320 02                  845 	.db #0x02	; 2
   0321 02                  846 	.db #0x02	; 2
   0322 02                  847 	.db #0x02	; 2
   0323 02                  848 	.db #0x02	; 2
   0324 02                  849 	.db #0x02	; 2
   0325 02                  850 	.db #0x02	; 2
   0326 02                  851 	.db #0x02	; 2
   0327 00                  852 	.db #0x00	; 0
   0328 00                  853 	.db #0x00	; 0
   0329 00                  854 	.db #0x00	; 0
   032A 00                  855 	.db #0x00	; 0
   032B 00                  856 	.db #0x00	; 0
   032C 02                  857 	.db #0x02	; 2
   032D 02                  858 	.db #0x02	; 2
   032E 02                  859 	.db #0x02	; 2
   032F 02                  860 	.db #0x02	; 2
   0330 02                  861 	.db #0x02	; 2
   0331 02                  862 	.db #0x02	; 2
   0332 02                  863 	.db #0x02	; 2
   0333 02                  864 	.db #0x02	; 2
   0334 02                  865 	.db #0x02	; 2
   0335 02                  866 	.db #0x02	; 2
   0336 02                  867 	.db #0x02	; 2
   0337 02                  868 	.db #0x02	; 2
   0338 02                  869 	.db #0x02	; 2
   0339 02                  870 	.db #0x02	; 2
   033A 02                  871 	.db #0x02	; 2
   033B 02                  872 	.db #0x02	; 2
   033C 02                  873 	.db #0x02	; 2
   033D 02                  874 	.db #0x02	; 2
   033E 02                  875 	.db #0x02	; 2
   033F 02                  876 	.db #0x02	; 2
   0340 02                  877 	.db #0x02	; 2
   0341 02                  878 	.db #0x02	; 2
   0342 02                  879 	.db #0x02	; 2
   0343 02                  880 	.db #0x02	; 2
   0344 02                  881 	.db #0x02	; 2
   0345 04                  882 	.db #0x04	; 4
   0346 00                  883 	.db #0x00	; 0
   0347 00                  884 	.db #0x00	; 0
   0348 00                  885 	.db #0x00	; 0
   0349 02                  886 	.db #0x02	; 2
   034A 02                  887 	.db #0x02	; 2
   034B 02                  888 	.db #0x02	; 2
   034C 02                  889 	.db #0x02	; 2
   034D 02                  890 	.db #0x02	; 2
   034E 02                  891 	.db #0x02	; 2
   034F 02                  892 	.db #0x02	; 2
   0350 02                  893 	.db #0x02	; 2
   0351 02                  894 	.db #0x02	; 2
   0352 02                  895 	.db #0x02	; 2
   0353 02                  896 	.db #0x02	; 2
   0354 02                  897 	.db #0x02	; 2
   0355 02                  898 	.db #0x02	; 2
   0356 02                  899 	.db #0x02	; 2
   0357 02                  900 	.db #0x02	; 2
   0358 02                  901 	.db #0x02	; 2
   0359 02                  902 	.db #0x02	; 2
   035A 02                  903 	.db #0x02	; 2
   035B 02                  904 	.db #0x02	; 2
   035C 02                  905 	.db #0x02	; 2
   035D 02                  906 	.db #0x02	; 2
   035E 02                  907 	.db #0x02	; 2
   035F 02                  908 	.db #0x02	; 2
   0360 02                  909 	.db #0x02	; 2
   0361 02                  910 	.db #0x02	; 2
   0362 02                  911 	.db #0x02	; 2
   0363 02                  912 	.db #0x02	; 2
   0364 05                  913 	.db #0x05	; 5
   0365 00                  914 	.db #0x00	; 0
   0366 04                  915 	.db #0x04	; 4
   0367 02                  916 	.db #0x02	; 2
   0368 02                  917 	.db #0x02	; 2
   0369 02                  918 	.db #0x02	; 2
   036A 02                  919 	.db #0x02	; 2
   036B 02                  920 	.db #0x02	; 2
   036C 02                  921 	.db #0x02	; 2
   036D 02                  922 	.db #0x02	; 2
   036E 02                  923 	.db #0x02	; 2
   036F 02                  924 	.db #0x02	; 2
   0370 02                  925 	.db #0x02	; 2
   0371 02                  926 	.db #0x02	; 2
   0372 02                  927 	.db #0x02	; 2
   0373 02                  928 	.db #0x02	; 2
   0374 02                  929 	.db #0x02	; 2
   0375 02                  930 	.db #0x02	; 2
   0376 02                  931 	.db #0x02	; 2
   0377 02                  932 	.db #0x02	; 2
   0378 02                  933 	.db #0x02	; 2
   0379 02                  934 	.db #0x02	; 2
   037A 02                  935 	.db #0x02	; 2
   037B 02                  936 	.db #0x02	; 2
   037C 02                  937 	.db #0x02	; 2
   037D 02                  938 	.db #0x02	; 2
   037E 02                  939 	.db #0x02	; 2
   037F 02                  940 	.db #0x02	; 2
   0380 02                  941 	.db #0x02	; 2
   0381 02                  942 	.db #0x02	; 2
   0382 02                  943 	.db #0x02	; 2
   0383 05                  944 	.db #0x05	; 5
                            945 	.area _INITIALIZER
                            946 	.area _CABS (ABS)
