                              1 ;--------------------------------------------------------
                              2 ; File Created by SDCC : free open source ANSI-C Compiler
                              3 ; Version 3.6.8 #9946 (Linux)
                              4 ;--------------------------------------------------------
                              5 	.module font_levels
                              6 	.optsdcc -mz80
                              7 	
                              8 ;--------------------------------------------------------
                              9 ; Public variables in this module
                             10 ;--------------------------------------------------------
                             11 	.globl _sp_font_levels_13
                             12 	.globl _sp_font_levels_12
                             13 	.globl _sp_font_levels_11
                             14 	.globl _sp_font_levels_10
                             15 	.globl _sp_font_levels_09
                             16 	.globl _sp_font_levels_08
                             17 	.globl _sp_font_levels_07
                             18 	.globl _sp_font_levels_06
                             19 	.globl _sp_font_levels_05
                             20 	.globl _sp_font_levels_04
                             21 	.globl _sp_font_levels_03
                             22 	.globl _sp_font_levels_02
                             23 	.globl _sp_font_levels_01
                             24 	.globl _sp_font_levels_00
                             25 ;--------------------------------------------------------
                             26 ; special function registers
                             27 ;--------------------------------------------------------
                             28 ;--------------------------------------------------------
                             29 ; ram data
                             30 ;--------------------------------------------------------
                             31 	.area _DATA
                             32 ;--------------------------------------------------------
                             33 ; ram data
                             34 ;--------------------------------------------------------
                             35 	.area _INITIALIZED
                             36 ;--------------------------------------------------------
                             37 ; absolute external ram data
                             38 ;--------------------------------------------------------
                             39 	.area _DABS (ABS)
                             40 ;--------------------------------------------------------
                             41 ; global & static initialisations
                             42 ;--------------------------------------------------------
                             43 	.area _HOME
                             44 	.area _GSINIT
                             45 	.area _GSFINAL
                             46 	.area _GSINIT
                             47 ;--------------------------------------------------------
                             48 ; Home
                             49 ;--------------------------------------------------------
                             50 	.area _HOME
                             51 	.area _HOME
                             52 ;--------------------------------------------------------
                             53 ; code
                             54 ;--------------------------------------------------------
                             55 	.area _CODE
                             56 	.area _CODE
   0000                      57 _sp_font_levels_00:
   0000 CC                   58 	.db #0xcc	; 204
   0001 CC                   59 	.db #0xcc	; 204
   0002 F0                   60 	.db #0xf0	; 240
   0003 F0                   61 	.db #0xf0	; 240
   0004 CC                   62 	.db #0xcc	; 204
   0005 CC                   63 	.db #0xcc	; 204
   0006 F0                   64 	.db #0xf0	; 240
   0007 F0                   65 	.db #0xf0	; 240
   0008 CC                   66 	.db #0xcc	; 204
   0009 CC                   67 	.db #0xcc	; 204
   000A F0                   68 	.db #0xf0	; 240
   000B F0                   69 	.db #0xf0	; 240
   000C CC                   70 	.db #0xcc	; 204
   000D CC                   71 	.db #0xcc	; 204
   000E F0                   72 	.db #0xf0	; 240
   000F F0                   73 	.db #0xf0	; 240
   0010 CC                   74 	.db #0xcc	; 204
   0011 CC                   75 	.db #0xcc	; 204
   0012 F0                   76 	.db #0xf0	; 240
   0013 F0                   77 	.db #0xf0	; 240
   0014 CC                   78 	.db #0xcc	; 204
   0015 CC                   79 	.db #0xcc	; 204
   0016 CC                   80 	.db #0xcc	; 204
   0017 CC                   81 	.db #0xcc	; 204
   0018 CC                   82 	.db #0xcc	; 204
   0019 CC                   83 	.db #0xcc	; 204
   001A CC                   84 	.db #0xcc	; 204
   001B CC                   85 	.db #0xcc	; 204
   001C CC                   86 	.db #0xcc	; 204
   001D CC                   87 	.db #0xcc	; 204
   001E CC                   88 	.db #0xcc	; 204
   001F CC                   89 	.db #0xcc	; 204
   0020                      90 _sp_font_levels_01:
   0020 CC                   91 	.db #0xcc	; 204
   0021 CC                   92 	.db #0xcc	; 204
   0022 CC                   93 	.db #0xcc	; 204
   0023 CC                   94 	.db #0xcc	; 204
   0024 CC                   95 	.db #0xcc	; 204
   0025 CC                   96 	.db #0xcc	; 204
   0026 CC                   97 	.db #0xcc	; 204
   0027 CC                   98 	.db #0xcc	; 204
   0028 CC                   99 	.db #0xcc	; 204
   0029 CC                  100 	.db #0xcc	; 204
   002A F0                  101 	.db #0xf0	; 240
   002B F0                  102 	.db #0xf0	; 240
   002C CC                  103 	.db #0xcc	; 204
   002D CC                  104 	.db #0xcc	; 204
   002E CC                  105 	.db #0xcc	; 204
   002F D8                  106 	.db #0xd8	; 216
   0030 CC                  107 	.db #0xcc	; 204
   0031 CC                  108 	.db #0xcc	; 204
   0032 CC                  109 	.db #0xcc	; 204
   0033 D8                  110 	.db #0xd8	; 216
   0034 CC                  111 	.db #0xcc	; 204
   0035 CC                  112 	.db #0xcc	; 204
   0036 F0                  113 	.db #0xf0	; 240
   0037 F0                  114 	.db #0xf0	; 240
   0038 CC                  115 	.db #0xcc	; 204
   0039 CC                  116 	.db #0xcc	; 204
   003A CC                  117 	.db #0xcc	; 204
   003B CC                  118 	.db #0xcc	; 204
   003C CC                  119 	.db #0xcc	; 204
   003D CC                  120 	.db #0xcc	; 204
   003E CC                  121 	.db #0xcc	; 204
   003F CC                  122 	.db #0xcc	; 204
   0040                     123 _sp_font_levels_02:
   0040 CC                  124 	.db #0xcc	; 204
   0041 D8                  125 	.db #0xd8	; 216
   0042 E4                  126 	.db #0xe4	; 228
   0043 CC                  127 	.db #0xcc	; 204
   0044 CC                  128 	.db #0xcc	; 204
   0045 D8                  129 	.db #0xd8	; 216
   0046 E4                  130 	.db #0xe4	; 228
   0047 CC                  131 	.db #0xcc	; 204
   0048 CC                  132 	.db #0xcc	; 204
   0049 D8                  133 	.db #0xd8	; 216
   004A E4                  134 	.db #0xe4	; 228
   004B CC                  135 	.db #0xcc	; 204
   004C CC                  136 	.db #0xcc	; 204
   004D D8                  137 	.db #0xd8	; 216
   004E E4                  138 	.db #0xe4	; 228
   004F CC                  139 	.db #0xcc	; 204
   0050 CC                  140 	.db #0xcc	; 204
   0051 CC                  141 	.db #0xcc	; 204
   0052 E4                  142 	.db #0xe4	; 228
   0053 CC                  143 	.db #0xcc	; 204
   0054 E4                  144 	.db #0xe4	; 228
   0055 CC                  145 	.db #0xcc	; 204
   0056 CC                  146 	.db #0xcc	; 204
   0057 D8                  147 	.db #0xd8	; 216
   0058 E4                  148 	.db #0xe4	; 228
   0059 CC                  149 	.db #0xcc	; 204
   005A CC                  150 	.db #0xcc	; 204
   005B D8                  151 	.db #0xd8	; 216
   005C F0                  152 	.db #0xf0	; 240
   005D CC                  153 	.db #0xcc	; 204
   005E CC                  154 	.db #0xcc	; 204
   005F F0                  155 	.db #0xf0	; 240
   0060                     156 _sp_font_levels_03:
   0060 F0                  157 	.db #0xf0	; 240
   0061 CC                  158 	.db #0xcc	; 204
   0062 CC                  159 	.db #0xcc	; 204
   0063 F0                  160 	.db #0xf0	; 240
   0064 E4                  161 	.db #0xe4	; 228
   0065 F0                  162 	.db #0xf0	; 240
   0066 F0                  163 	.db #0xf0	; 240
   0067 D8                  164 	.db #0xd8	; 216
   0068 D8                  165 	.db #0xd8	; 216
   0069 F0                  166 	.db #0xf0	; 240
   006A E4                  167 	.db #0xe4	; 228
   006B E4                  168 	.db #0xe4	; 228
   006C D8                  169 	.db #0xd8	; 216
   006D F0                  170 	.db #0xf0	; 240
   006E D8                  171 	.db #0xd8	; 216
   006F E4                  172 	.db #0xe4	; 228
   0070 D8                  173 	.db #0xd8	; 216
   0071 E4                  174 	.db #0xe4	; 228
   0072 F0                  175 	.db #0xf0	; 240
   0073 E4                  176 	.db #0xe4	; 228
   0074 D8                  177 	.db #0xd8	; 216
   0075 D8                  178 	.db #0xd8	; 216
   0076 F0                  179 	.db #0xf0	; 240
   0077 E4                  180 	.db #0xe4	; 228
   0078 E4                  181 	.db #0xe4	; 228
   0079 F0                  182 	.db #0xf0	; 240
   007A F0                  183 	.db #0xf0	; 240
   007B D8                  184 	.db #0xd8	; 216
   007C F0                  185 	.db #0xf0	; 240
   007D CC                  186 	.db #0xcc	; 204
   007E CC                  187 	.db #0xcc	; 204
   007F F0                  188 	.db #0xf0	; 240
   0080                     189 _sp_font_levels_04:
   0080 F0                  190 	.db #0xf0	; 240
   0081 CC                  191 	.db #0xcc	; 204
   0082 F0                  192 	.db #0xf0	; 240
   0083 F0                  193 	.db #0xf0	; 240
   0084 E4                  194 	.db #0xe4	; 228
   0085 E4                  195 	.db #0xe4	; 228
   0086 F0                  196 	.db #0xf0	; 240
   0087 F0                  197 	.db #0xf0	; 240
   0088 F0                  198 	.db #0xf0	; 240
   0089 E4                  199 	.db #0xe4	; 228
   008A F0                  200 	.db #0xf0	; 240
   008B F0                  201 	.db #0xf0	; 240
   008C F0                  202 	.db #0xf0	; 240
   008D E4                  203 	.db #0xe4	; 228
   008E F0                  204 	.db #0xf0	; 240
   008F F0                  205 	.db #0xf0	; 240
   0090 F0                  206 	.db #0xf0	; 240
   0091 E4                  207 	.db #0xe4	; 228
   0092 F0                  208 	.db #0xf0	; 240
   0093 F0                  209 	.db #0xf0	; 240
   0094 F0                  210 	.db #0xf0	; 240
   0095 E4                  211 	.db #0xe4	; 228
   0096 F0                  212 	.db #0xf0	; 240
   0097 F0                  213 	.db #0xf0	; 240
   0098 F0                  214 	.db #0xf0	; 240
   0099 E4                  215 	.db #0xe4	; 228
   009A F0                  216 	.db #0xf0	; 240
   009B F0                  217 	.db #0xf0	; 240
   009C CC                  218 	.db #0xcc	; 204
   009D CC                  219 	.db #0xcc	; 204
   009E CC                  220 	.db #0xcc	; 204
   009F CC                  221 	.db #0xcc	; 204
   00A0                     222 _sp_font_levels_05:
   00A0 E4                  223 	.db #0xe4	; 228
   00A1 CC                  224 	.db #0xcc	; 204
   00A2 CC                  225 	.db #0xcc	; 204
   00A3 D8                  226 	.db #0xd8	; 216
   00A4 D8                  227 	.db #0xd8	; 216
   00A5 F0                  228 	.db #0xf0	; 240
   00A6 F0                  229 	.db #0xf0	; 240
   00A7 E4                  230 	.db #0xe4	; 228
   00A8 F0                  231 	.db #0xf0	; 240
   00A9 F0                  232 	.db #0xf0	; 240
   00AA F0                  233 	.db #0xf0	; 240
   00AB E4                  234 	.db #0xe4	; 228
   00AC F0                  235 	.db #0xf0	; 240
   00AD F0                  236 	.db #0xf0	; 240
   00AE E4                  237 	.db #0xe4	; 228
   00AF D8                  238 	.db #0xd8	; 216
   00B0 F0                  239 	.db #0xf0	; 240
   00B1 E4                  240 	.db #0xe4	; 228
   00B2 D8                  241 	.db #0xd8	; 216
   00B3 F0                  242 	.db #0xf0	; 240
   00B4 E4                  243 	.db #0xe4	; 228
   00B5 D8                  244 	.db #0xd8	; 216
   00B6 F0                  245 	.db #0xf0	; 240
   00B7 F0                  246 	.db #0xf0	; 240
   00B8 D8                  247 	.db #0xd8	; 216
   00B9 F0                  248 	.db #0xf0	; 240
   00BA F0                  249 	.db #0xf0	; 240
   00BB E4                  250 	.db #0xe4	; 228
   00BC CC                  251 	.db #0xcc	; 204
   00BD CC                  252 	.db #0xcc	; 204
   00BE CC                  253 	.db #0xcc	; 204
   00BF CC                  254 	.db #0xcc	; 204
   00C0                     255 _sp_font_levels_06:
   00C0 E4                  256 	.db #0xe4	; 228
   00C1 CC                  257 	.db #0xcc	; 204
   00C2 CC                  258 	.db #0xcc	; 204
   00C3 D8                  259 	.db #0xd8	; 216
   00C4 D8                  260 	.db #0xd8	; 216
   00C5 F0                  261 	.db #0xf0	; 240
   00C6 F0                  262 	.db #0xf0	; 240
   00C7 E4                  263 	.db #0xe4	; 228
   00C8 D8                  264 	.db #0xd8	; 216
   00C9 F0                  265 	.db #0xf0	; 240
   00CA F0                  266 	.db #0xf0	; 240
   00CB E4                  267 	.db #0xe4	; 228
   00CC F0                  268 	.db #0xf0	; 240
   00CD F0                  269 	.db #0xf0	; 240
   00CE CC                  270 	.db #0xcc	; 204
   00CF D8                  271 	.db #0xd8	; 216
   00D0 F0                  272 	.db #0xf0	; 240
   00D1 F0                  273 	.db #0xf0	; 240
   00D2 F0                  274 	.db #0xf0	; 240
   00D3 E4                  275 	.db #0xe4	; 228
   00D4 D8                  276 	.db #0xd8	; 216
   00D5 F0                  277 	.db #0xf0	; 240
   00D6 F0                  278 	.db #0xf0	; 240
   00D7 E4                  279 	.db #0xe4	; 228
   00D8 D8                  280 	.db #0xd8	; 216
   00D9 F0                  281 	.db #0xf0	; 240
   00DA F0                  282 	.db #0xf0	; 240
   00DB E4                  283 	.db #0xe4	; 228
   00DC E4                  284 	.db #0xe4	; 228
   00DD CC                  285 	.db #0xcc	; 204
   00DE CC                  286 	.db #0xcc	; 204
   00DF D8                  287 	.db #0xd8	; 216
   00E0                     288 _sp_font_levels_07:
   00E0 F0                  289 	.db #0xf0	; 240
   00E1 F0                  290 	.db #0xf0	; 240
   00E2 CC                  291 	.db #0xcc	; 204
   00E3 D8                  292 	.db #0xd8	; 216
   00E4 F0                  293 	.db #0xf0	; 240
   00E5 E4                  294 	.db #0xe4	; 228
   00E6 F0                  295 	.db #0xf0	; 240
   00E7 D8                  296 	.db #0xd8	; 216
   00E8 F0                  297 	.db #0xf0	; 240
   00E9 D8                  298 	.db #0xd8	; 216
   00EA F0                  299 	.db #0xf0	; 240
   00EB D8                  300 	.db #0xd8	; 216
   00EC E4                  301 	.db #0xe4	; 228
   00ED F0                  302 	.db #0xf0	; 240
   00EE F0                  303 	.db #0xf0	; 240
   00EF D8                  304 	.db #0xd8	; 216
   00F0 D8                  305 	.db #0xd8	; 216
   00F1 F0                  306 	.db #0xf0	; 240
   00F2 F0                  307 	.db #0xf0	; 240
   00F3 D8                  308 	.db #0xd8	; 216
   00F4 CC                  309 	.db #0xcc	; 204
   00F5 CC                  310 	.db #0xcc	; 204
   00F6 CC                  311 	.db #0xcc	; 204
   00F7 CC                  312 	.db #0xcc	; 204
   00F8 F0                  313 	.db #0xf0	; 240
   00F9 F0                  314 	.db #0xf0	; 240
   00FA F0                  315 	.db #0xf0	; 240
   00FB D8                  316 	.db #0xd8	; 216
   00FC F0                  317 	.db #0xf0	; 240
   00FD F0                  318 	.db #0xf0	; 240
   00FE E4                  319 	.db #0xe4	; 228
   00FF CC                  320 	.db #0xcc	; 204
   0100                     321 _sp_font_levels_08:
   0100 CC                  322 	.db #0xcc	; 204
   0101 CC                  323 	.db #0xcc	; 204
   0102 CC                  324 	.db #0xcc	; 204
   0103 CC                  325 	.db #0xcc	; 204
   0104 D8                  326 	.db #0xd8	; 216
   0105 F0                  327 	.db #0xf0	; 240
   0106 F0                  328 	.db #0xf0	; 240
   0107 E4                  329 	.db #0xe4	; 228
   0108 D8                  330 	.db #0xd8	; 216
   0109 F0                  331 	.db #0xf0	; 240
   010A F0                  332 	.db #0xf0	; 240
   010B F0                  333 	.db #0xf0	; 240
   010C CC                  334 	.db #0xcc	; 204
   010D CC                  335 	.db #0xcc	; 204
   010E CC                  336 	.db #0xcc	; 204
   010F D8                  337 	.db #0xd8	; 216
   0110 F0                  338 	.db #0xf0	; 240
   0111 F0                  339 	.db #0xf0	; 240
   0112 F0                  340 	.db #0xf0	; 240
   0113 E4                  341 	.db #0xe4	; 228
   0114 D8                  342 	.db #0xd8	; 216
   0115 F0                  343 	.db #0xf0	; 240
   0116 F0                  344 	.db #0xf0	; 240
   0117 E4                  345 	.db #0xe4	; 228
   0118 D8                  346 	.db #0xd8	; 216
   0119 F0                  347 	.db #0xf0	; 240
   011A F0                  348 	.db #0xf0	; 240
   011B E4                  349 	.db #0xe4	; 228
   011C E4                  350 	.db #0xe4	; 228
   011D CC                  351 	.db #0xcc	; 204
   011E CC                  352 	.db #0xcc	; 204
   011F D8                  353 	.db #0xd8	; 216
   0120                     354 _sp_font_levels_09:
   0120 E4                  355 	.db #0xe4	; 228
   0121 CC                  356 	.db #0xcc	; 204
   0122 CC                  357 	.db #0xcc	; 204
   0123 D8                  358 	.db #0xd8	; 216
   0124 D8                  359 	.db #0xd8	; 216
   0125 F0                  360 	.db #0xf0	; 240
   0126 F0                  361 	.db #0xf0	; 240
   0127 E4                  362 	.db #0xe4	; 228
   0128 D8                  363 	.db #0xd8	; 216
   0129 F0                  364 	.db #0xf0	; 240
   012A F0                  365 	.db #0xf0	; 240
   012B F0                  366 	.db #0xf0	; 240
   012C CC                  367 	.db #0xcc	; 204
   012D CC                  368 	.db #0xcc	; 204
   012E CC                  369 	.db #0xcc	; 204
   012F D8                  370 	.db #0xd8	; 216
   0130 D8                  371 	.db #0xd8	; 216
   0131 F0                  372 	.db #0xf0	; 240
   0132 F0                  373 	.db #0xf0	; 240
   0133 E4                  374 	.db #0xe4	; 228
   0134 D8                  375 	.db #0xd8	; 216
   0135 F0                  376 	.db #0xf0	; 240
   0136 F0                  377 	.db #0xf0	; 240
   0137 E4                  378 	.db #0xe4	; 228
   0138 D8                  379 	.db #0xd8	; 216
   0139 F0                  380 	.db #0xf0	; 240
   013A F0                  381 	.db #0xf0	; 240
   013B E4                  382 	.db #0xe4	; 228
   013C E4                  383 	.db #0xe4	; 228
   013D CC                  384 	.db #0xcc	; 204
   013E CC                  385 	.db #0xcc	; 204
   013F D8                  386 	.db #0xd8	; 216
   0140                     387 _sp_font_levels_10:
   0140 CC                  388 	.db #0xcc	; 204
   0141 CC                  389 	.db #0xcc	; 204
   0142 CC                  390 	.db #0xcc	; 204
   0143 CC                  391 	.db #0xcc	; 204
   0144 D8                  392 	.db #0xd8	; 216
   0145 F0                  393 	.db #0xf0	; 240
   0146 F0                  394 	.db #0xf0	; 240
   0147 E4                  395 	.db #0xe4	; 228
   0148 F0                  396 	.db #0xf0	; 240
   0149 F0                  397 	.db #0xf0	; 240
   014A F0                  398 	.db #0xf0	; 240
   014B D8                  399 	.db #0xd8	; 216
   014C F0                  400 	.db #0xf0	; 240
   014D F0                  401 	.db #0xf0	; 240
   014E E4                  402 	.db #0xe4	; 228
   014F F0                  403 	.db #0xf0	; 240
   0150 F0                  404 	.db #0xf0	; 240
   0151 F0                  405 	.db #0xf0	; 240
   0152 D8                  406 	.db #0xd8	; 216
   0153 F0                  407 	.db #0xf0	; 240
   0154 F0                  408 	.db #0xf0	; 240
   0155 E4                  409 	.db #0xe4	; 228
   0156 F0                  410 	.db #0xf0	; 240
   0157 F0                  411 	.db #0xf0	; 240
   0158 F0                  412 	.db #0xf0	; 240
   0159 E4                  413 	.db #0xe4	; 228
   015A F0                  414 	.db #0xf0	; 240
   015B F0                  415 	.db #0xf0	; 240
   015C F0                  416 	.db #0xf0	; 240
   015D CC                  417 	.db #0xcc	; 204
   015E D8                  418 	.db #0xd8	; 216
   015F F0                  419 	.db #0xf0	; 240
   0160                     420 _sp_font_levels_11:
   0160 E4                  421 	.db #0xe4	; 228
   0161 CC                  422 	.db #0xcc	; 204
   0162 CC                  423 	.db #0xcc	; 204
   0163 D8                  424 	.db #0xd8	; 216
   0164 D8                  425 	.db #0xd8	; 216
   0165 F0                  426 	.db #0xf0	; 240
   0166 F0                  427 	.db #0xf0	; 240
   0167 E4                  428 	.db #0xe4	; 228
   0168 D8                  429 	.db #0xd8	; 216
   0169 F0                  430 	.db #0xf0	; 240
   016A F0                  431 	.db #0xf0	; 240
   016B E4                  432 	.db #0xe4	; 228
   016C E4                  433 	.db #0xe4	; 228
   016D CC                  434 	.db #0xcc	; 204
   016E CC                  435 	.db #0xcc	; 204
   016F D8                  436 	.db #0xd8	; 216
   0170 D8                  437 	.db #0xd8	; 216
   0171 F0                  438 	.db #0xf0	; 240
   0172 F0                  439 	.db #0xf0	; 240
   0173 E4                  440 	.db #0xe4	; 228
   0174 D8                  441 	.db #0xd8	; 216
   0175 F0                  442 	.db #0xf0	; 240
   0176 F0                  443 	.db #0xf0	; 240
   0177 E4                  444 	.db #0xe4	; 228
   0178 D8                  445 	.db #0xd8	; 216
   0179 F0                  446 	.db #0xf0	; 240
   017A F0                  447 	.db #0xf0	; 240
   017B E4                  448 	.db #0xe4	; 228
   017C E4                  449 	.db #0xe4	; 228
   017D CC                  450 	.db #0xcc	; 204
   017E CC                  451 	.db #0xcc	; 204
   017F D8                  452 	.db #0xd8	; 216
   0180                     453 _sp_font_levels_12:
   0180 E4                  454 	.db #0xe4	; 228
   0181 CC                  455 	.db #0xcc	; 204
   0182 CC                  456 	.db #0xcc	; 204
   0183 D8                  457 	.db #0xd8	; 216
   0184 D8                  458 	.db #0xd8	; 216
   0185 F0                  459 	.db #0xf0	; 240
   0186 F0                  460 	.db #0xf0	; 240
   0187 E4                  461 	.db #0xe4	; 228
   0188 D8                  462 	.db #0xd8	; 216
   0189 F0                  463 	.db #0xf0	; 240
   018A F0                  464 	.db #0xf0	; 240
   018B E4                  465 	.db #0xe4	; 228
   018C D8                  466 	.db #0xd8	; 216
   018D F0                  467 	.db #0xf0	; 240
   018E F0                  468 	.db #0xf0	; 240
   018F E4                  469 	.db #0xe4	; 228
   0190 E4                  470 	.db #0xe4	; 228
   0191 CC                  471 	.db #0xcc	; 204
   0192 CC                  472 	.db #0xcc	; 204
   0193 CC                  473 	.db #0xcc	; 204
   0194 F0                  474 	.db #0xf0	; 240
   0195 F0                  475 	.db #0xf0	; 240
   0196 F0                  476 	.db #0xf0	; 240
   0197 E4                  477 	.db #0xe4	; 228
   0198 D8                  478 	.db #0xd8	; 216
   0199 F0                  479 	.db #0xf0	; 240
   019A F0                  480 	.db #0xf0	; 240
   019B E4                  481 	.db #0xe4	; 228
   019C E4                  482 	.db #0xe4	; 228
   019D CC                  483 	.db #0xcc	; 204
   019E CC                  484 	.db #0xcc	; 204
   019F D8                  485 	.db #0xd8	; 216
   01A0                     486 _sp_font_levels_13:
   01A0 F0                  487 	.db #0xf0	; 240
   01A1 F0                  488 	.db #0xf0	; 240
   01A2 F0                  489 	.db #0xf0	; 240
   01A3 F0                  490 	.db #0xf0	; 240
   01A4 F0                  491 	.db #0xf0	; 240
   01A5 F0                  492 	.db #0xf0	; 240
   01A6 F0                  493 	.db #0xf0	; 240
   01A7 F0                  494 	.db #0xf0	; 240
   01A8 F0                  495 	.db #0xf0	; 240
   01A9 F0                  496 	.db #0xf0	; 240
   01AA F0                  497 	.db #0xf0	; 240
   01AB F0                  498 	.db #0xf0	; 240
   01AC F0                  499 	.db #0xf0	; 240
   01AD F0                  500 	.db #0xf0	; 240
   01AE F0                  501 	.db #0xf0	; 240
   01AF F0                  502 	.db #0xf0	; 240
   01B0 F0                  503 	.db #0xf0	; 240
   01B1 F0                  504 	.db #0xf0	; 240
   01B2 F0                  505 	.db #0xf0	; 240
   01B3 F0                  506 	.db #0xf0	; 240
   01B4 F0                  507 	.db #0xf0	; 240
   01B5 F0                  508 	.db #0xf0	; 240
   01B6 F0                  509 	.db #0xf0	; 240
   01B7 F0                  510 	.db #0xf0	; 240
   01B8 F0                  511 	.db #0xf0	; 240
   01B9 F0                  512 	.db #0xf0	; 240
   01BA F0                  513 	.db #0xf0	; 240
   01BB F0                  514 	.db #0xf0	; 240
   01BC F0                  515 	.db #0xf0	; 240
   01BD F0                  516 	.db #0xf0	; 240
   01BE F0                  517 	.db #0xf0	; 240
   01BF F0                  518 	.db #0xf0	; 240
                            519 	.area _INITIALIZER
                            520 	.area _CABS (ABS)
