                              1 ;--------------------------------------------------------
                              2 ; File Created by SDCC : free open source ANSI-C Compiler
                              3 ; Version 3.6.8 #9946 (Linux)
                              4 ;--------------------------------------------------------
                              5 	.module mage_shot
                              6 	.optsdcc -mz80
                              7 	
                              8 ;--------------------------------------------------------
                              9 ; Public variables in this module
                             10 ;--------------------------------------------------------
                             11 	.globl _sp_shot_7
                             12 	.globl _sp_shot_6
                             13 	.globl _sp_shot_5
                             14 	.globl _sp_shot_4
                             15 	.globl _sp_shot_3
                             16 	.globl _sp_shot_2
                             17 	.globl _sp_shot_1
                             18 	.globl _sp_shot_0
                             19 ;--------------------------------------------------------
                             20 ; special function registers
                             21 ;--------------------------------------------------------
                             22 ;--------------------------------------------------------
                             23 ; ram data
                             24 ;--------------------------------------------------------
                             25 	.area _DATA
                             26 ;--------------------------------------------------------
                             27 ; ram data
                             28 ;--------------------------------------------------------
                             29 	.area _INITIALIZED
                             30 ;--------------------------------------------------------
                             31 ; absolute external ram data
                             32 ;--------------------------------------------------------
                             33 	.area _DABS (ABS)
                             34 ;--------------------------------------------------------
                             35 ; global & static initialisations
                             36 ;--------------------------------------------------------
                             37 	.area _HOME
                             38 	.area _GSINIT
                             39 	.area _GSFINAL
                             40 	.area _GSINIT
                             41 ;--------------------------------------------------------
                             42 ; Home
                             43 ;--------------------------------------------------------
                             44 	.area _HOME
                             45 	.area _HOME
                             46 ;--------------------------------------------------------
                             47 ; code
                             48 ;--------------------------------------------------------
                             49 	.area _CODE
                             50 	.area _CODE
   0000                      51 _sp_shot_0:
   0000 E4                   52 	.db #0xe4	; 228
   0001 D8                   53 	.db #0xd8	; 216
   0002 DC                   54 	.db #0xdc	; 220
   0003 EC                   55 	.db #0xec	; 236
   0004 DC                   56 	.db #0xdc	; 220
   0005 EC                   57 	.db #0xec	; 236
   0006 E4                   58 	.db #0xe4	; 228
   0007 D8                   59 	.db #0xd8	; 216
   0008                      60 _sp_shot_1:
   0008 4E                   61 	.db #0x4e	; 78	'N'
   0009 07                   62 	.db #0x07	; 7
   000A 53                   63 	.db #0x53	; 83	'S'
   000B EC                   64 	.db #0xec	; 236
   000C DC                   65 	.db #0xdc	; 220
   000D A3                   66 	.db #0xa3	; 163
   000E 0B                   67 	.db #0x0b	; 11
   000F 8D                   68 	.db #0x8d	; 141
   0010                      69 _sp_shot_2:
   0010 56                   70 	.db #0x56	; 86	'V'
   0011 46                   71 	.db #0x46	; 70	'F'
   0012 E6                   72 	.db #0xe6	; 230
   0013 F6                   73 	.db #0xf6	; 246
   0014 AD                   74 	.db #0xad	; 173
   0015 46                   75 	.db #0x46	; 70	'F'
   0016 89                   76 	.db #0x89	; 137
   0017 D9                   77 	.db #0xd9	; 217
   0018                      78 _sp_shot_3:
   0018 0B                   79 	.db #0x0b	; 11
   0019 8D                   80 	.db #0x8d	; 141
   001A 8D                   81 	.db #0x8d	; 141
   001B 0B                   82 	.db #0x0b	; 11
   001C 56                   83 	.db #0x56	; 86	'V'
   001D E6                   84 	.db #0xe6	; 230
   001E 0B                   85 	.db #0x0b	; 11
   001F 8D                   86 	.db #0x8d	; 141
   0020                      87 _sp_shot_4:
   0020 00                   88 	.db #0x00	; 0
   0021 00                   89 	.db #0x00	; 0
   0022 44                   90 	.db #0x44	; 68	'D'
   0023 56                   91 	.db #0x56	; 86	'V'
   0024 44                   92 	.db #0x44	; 68	'D'
   0025 56                   93 	.db #0x56	; 86	'V'
   0026 00                   94 	.db #0x00	; 0
   0027 00                   95 	.db #0x00	; 0
   0028                      96 _sp_shot_5:
   0028 00                   97 	.db #0x00	; 0
   0029 00                   98 	.db #0x00	; 0
   002A A7                   99 	.db #0xa7	; 167
   002B 00                  100 	.db #0x00	; 0
   002C A7                  101 	.db #0xa7	; 167
   002D 00                  102 	.db #0x00	; 0
   002E 00                  103 	.db #0x00	; 0
   002F 00                  104 	.db #0x00	; 0
   0030                     105 _sp_shot_6:
   0030 00                  106 	.db #0x00	; 0
   0031 00                  107 	.db #0x00	; 0
   0032 00                  108 	.db #0x00	; 0
   0033 00                  109 	.db #0x00	; 0
   0034 00                  110 	.db #0x00	; 0
   0035 00                  111 	.db #0x00	; 0
   0036 00                  112 	.db #0x00	; 0
   0037 00                  113 	.db #0x00	; 0
   0038                     114 _sp_shot_7:
   0038 00                  115 	.db #0x00	; 0
   0039 00                  116 	.db #0x00	; 0
   003A 00                  117 	.db #0x00	; 0
   003B 00                  118 	.db #0x00	; 0
   003C 00                  119 	.db #0x00	; 0
   003D 00                  120 	.db #0x00	; 0
   003E 00                  121 	.db #0x00	; 0
   003F 00                  122 	.db #0x00	; 0
                            123 	.area _INITIALIZER
                            124 	.area _CABS (ABS)
