                              1 ;--------------------------------------------------------
                              2 ; File Created by SDCC : free open source ANSI-C Compiler
                              3 ; Version 3.6.8 #9946 (Linux)
                              4 ;--------------------------------------------------------
                              5 	.module Mapabyn
                              6 	.optsdcc -mz80
                              7 	
                              8 ;--------------------------------------------------------
                              9 ; Public variables in this module
                             10 ;--------------------------------------------------------
                             11 	.globl _g_5
                             12 	.globl _g_4
                             13 	.globl _g_3
                             14 	.globl _g_2
                             15 	.globl _g_1
                             16 	.globl _g_0
                             17 ;--------------------------------------------------------
                             18 ; special function registers
                             19 ;--------------------------------------------------------
                             20 ;--------------------------------------------------------
                             21 ; ram data
                             22 ;--------------------------------------------------------
                             23 	.area _DATA
                             24 ;--------------------------------------------------------
                             25 ; ram data
                             26 ;--------------------------------------------------------
                             27 	.area _INITIALIZED
                             28 ;--------------------------------------------------------
                             29 ; absolute external ram data
                             30 ;--------------------------------------------------------
                             31 	.area _DABS (ABS)
                             32 ;--------------------------------------------------------
                             33 ; global & static initialisations
                             34 ;--------------------------------------------------------
                             35 	.area _HOME
                             36 	.area _GSINIT
                             37 	.area _GSFINAL
                             38 	.area _GSINIT
                             39 ;--------------------------------------------------------
                             40 ; Home
                             41 ;--------------------------------------------------------
                             42 	.area _HOME
                             43 	.area _HOME
                             44 ;--------------------------------------------------------
                             45 ; code
                             46 ;--------------------------------------------------------
                             47 	.area _CODE
                             48 	.area _CODE
   0000                      49 _g_0:
   0000 00                   50 	.db #0x00	; 0
   0001 55                   51 	.db #0x55	; 85	'U'
   0002 AA                   52 	.db #0xaa	; 170
   0003 00                   53 	.db #0x00	; 0
   0004 00                   54 	.db #0x00	; 0
   0005 AA                   55 	.db #0xaa	; 170
   0006 55                   56 	.db #0x55	; 85	'U'
   0007 00                   57 	.db #0x00	; 0
   0008 00                   58 	.db #0x00	; 0
   0009 55                   59 	.db #0x55	; 85	'U'
   000A AA                   60 	.db #0xaa	; 170
   000B 00                   61 	.db #0x00	; 0
   000C 00                   62 	.db #0x00	; 0
   000D AA                   63 	.db #0xaa	; 170
   000E 55                   64 	.db #0x55	; 85	'U'
   000F 00                   65 	.db #0x00	; 0
   0010 00                   66 	.db #0x00	; 0
   0011 55                   67 	.db #0x55	; 85	'U'
   0012 AA                   68 	.db #0xaa	; 170
   0013 00                   69 	.db #0x00	; 0
   0014 00                   70 	.db #0x00	; 0
   0015 AA                   71 	.db #0xaa	; 170
   0016 55                   72 	.db #0x55	; 85	'U'
   0017 00                   73 	.db #0x00	; 0
   0018 00                   74 	.db #0x00	; 0
   0019 55                   75 	.db #0x55	; 85	'U'
   001A AA                   76 	.db #0xaa	; 170
   001B 00                   77 	.db #0x00	; 0
   001C 00                   78 	.db #0x00	; 0
   001D AA                   79 	.db #0xaa	; 170
   001E 55                   80 	.db #0x55	; 85	'U'
   001F 00                   81 	.db #0x00	; 0
   0020                      82 _g_1:
   0020 00                   83 	.db #0x00	; 0
   0021 00                   84 	.db #0x00	; 0
   0022 00                   85 	.db #0x00	; 0
   0023 00                   86 	.db #0x00	; 0
   0024 00                   87 	.db #0x00	; 0
   0025 00                   88 	.db #0x00	; 0
   0026 00                   89 	.db #0x00	; 0
   0027 00                   90 	.db #0x00	; 0
   0028 00                   91 	.db #0x00	; 0
   0029 55                   92 	.db #0x55	; 85	'U'
   002A FF                   93 	.db #0xff	; 255
   002B FF                   94 	.db #0xff	; 255
   002C 00                   95 	.db #0x00	; 0
   002D 00                   96 	.db #0x00	; 0
   002E 00                   97 	.db #0x00	; 0
   002F 00                   98 	.db #0x00	; 0
   0030 00                   99 	.db #0x00	; 0
   0031 55                  100 	.db #0x55	; 85	'U'
   0032 AA                  101 	.db #0xaa	; 170
   0033 00                  102 	.db #0x00	; 0
   0034 00                  103 	.db #0x00	; 0
   0035 AA                  104 	.db #0xaa	; 170
   0036 55                  105 	.db #0x55	; 85	'U'
   0037 00                  106 	.db #0x00	; 0
   0038 00                  107 	.db #0x00	; 0
   0039 55                  108 	.db #0x55	; 85	'U'
   003A AA                  109 	.db #0xaa	; 170
   003B 00                  110 	.db #0x00	; 0
   003C FF                  111 	.db #0xff	; 255
   003D FF                  112 	.db #0xff	; 255
   003E 55                  113 	.db #0x55	; 85	'U'
   003F 00                  114 	.db #0x00	; 0
   0040                     115 _g_2:
   0040 00                  116 	.db #0x00	; 0
   0041 00                  117 	.db #0x00	; 0
   0042 00                  118 	.db #0x00	; 0
   0043 00                  119 	.db #0x00	; 0
   0044 00                  120 	.db #0x00	; 0
   0045 00                  121 	.db #0x00	; 0
   0046 00                  122 	.db #0x00	; 0
   0047 00                  123 	.db #0x00	; 0
   0048 FF                  124 	.db #0xff	; 255
   0049 FF                  125 	.db #0xff	; 255
   004A FF                  126 	.db #0xff	; 255
   004B FF                  127 	.db #0xff	; 255
   004C 00                  128 	.db #0x00	; 0
   004D 00                  129 	.db #0x00	; 0
   004E 00                  130 	.db #0x00	; 0
   004F 00                  131 	.db #0x00	; 0
   0050 00                  132 	.db #0x00	; 0
   0051 00                  133 	.db #0x00	; 0
   0052 00                  134 	.db #0x00	; 0
   0053 00                  135 	.db #0x00	; 0
   0054 00                  136 	.db #0x00	; 0
   0055 00                  137 	.db #0x00	; 0
   0056 00                  138 	.db #0x00	; 0
   0057 00                  139 	.db #0x00	; 0
   0058 00                  140 	.db #0x00	; 0
   0059 00                  141 	.db #0x00	; 0
   005A 00                  142 	.db #0x00	; 0
   005B 00                  143 	.db #0x00	; 0
   005C FF                  144 	.db #0xff	; 255
   005D FF                  145 	.db #0xff	; 255
   005E FF                  146 	.db #0xff	; 255
   005F FF                  147 	.db #0xff	; 255
   0060                     148 _g_3:
   0060 00                  149 	.db #0x00	; 0
   0061 00                  150 	.db #0x00	; 0
   0062 00                  151 	.db #0x00	; 0
   0063 00                  152 	.db #0x00	; 0
   0064 00                  153 	.db #0x00	; 0
   0065 00                  154 	.db #0x00	; 0
   0066 00                  155 	.db #0x00	; 0
   0067 00                  156 	.db #0x00	; 0
   0068 FF                  157 	.db #0xff	; 255
   0069 FF                  158 	.db #0xff	; 255
   006A AA                  159 	.db #0xaa	; 170
   006B 00                  160 	.db #0x00	; 0
   006C 00                  161 	.db #0x00	; 0
   006D 00                  162 	.db #0x00	; 0
   006E 00                  163 	.db #0x00	; 0
   006F 00                  164 	.db #0x00	; 0
   0070 00                  165 	.db #0x00	; 0
   0071 55                  166 	.db #0x55	; 85	'U'
   0072 AA                  167 	.db #0xaa	; 170
   0073 00                  168 	.db #0x00	; 0
   0074 00                  169 	.db #0x00	; 0
   0075 AA                  170 	.db #0xaa	; 170
   0076 55                  171 	.db #0x55	; 85	'U'
   0077 00                  172 	.db #0x00	; 0
   0078 00                  173 	.db #0x00	; 0
   0079 55                  174 	.db #0x55	; 85	'U'
   007A AA                  175 	.db #0xaa	; 170
   007B 00                  176 	.db #0x00	; 0
   007C 00                  177 	.db #0x00	; 0
   007D AA                  178 	.db #0xaa	; 170
   007E FF                  179 	.db #0xff	; 255
   007F FF                  180 	.db #0xff	; 255
   0080                     181 _g_4:
   0080 00                  182 	.db #0x00	; 0
   0081 55                  183 	.db #0x55	; 85	'U'
   0082 AA                  184 	.db #0xaa	; 170
   0083 00                  185 	.db #0x00	; 0
   0084 00                  186 	.db #0x00	; 0
   0085 AA                  187 	.db #0xaa	; 170
   0086 55                  188 	.db #0x55	; 85	'U'
   0087 00                  189 	.db #0x00	; 0
   0088 00                  190 	.db #0x00	; 0
   0089 55                  191 	.db #0x55	; 85	'U'
   008A FF                  192 	.db #0xff	; 255
   008B FF                  193 	.db #0xff	; 255
   008C 00                  194 	.db #0x00	; 0
   008D AA                  195 	.db #0xaa	; 170
   008E 55                  196 	.db #0x55	; 85	'U'
   008F 00                  197 	.db #0x00	; 0
   0090 00                  198 	.db #0x00	; 0
   0091 00                  199 	.db #0x00	; 0
   0092 00                  200 	.db #0x00	; 0
   0093 00                  201 	.db #0x00	; 0
   0094 00                  202 	.db #0x00	; 0
   0095 00                  203 	.db #0x00	; 0
   0096 00                  204 	.db #0x00	; 0
   0097 00                  205 	.db #0x00	; 0
   0098 00                  206 	.db #0x00	; 0
   0099 00                  207 	.db #0x00	; 0
   009A 00                  208 	.db #0x00	; 0
   009B 00                  209 	.db #0x00	; 0
   009C FF                  210 	.db #0xff	; 255
   009D FF                  211 	.db #0xff	; 255
   009E 55                  212 	.db #0x55	; 85	'U'
   009F 00                  213 	.db #0x00	; 0
   00A0                     214 _g_5:
   00A0 00                  215 	.db #0x00	; 0
   00A1 55                  216 	.db #0x55	; 85	'U'
   00A2 AA                  217 	.db #0xaa	; 170
   00A3 00                  218 	.db #0x00	; 0
   00A4 00                  219 	.db #0x00	; 0
   00A5 AA                  220 	.db #0xaa	; 170
   00A6 55                  221 	.db #0x55	; 85	'U'
   00A7 00                  222 	.db #0x00	; 0
   00A8 FF                  223 	.db #0xff	; 255
   00A9 FF                  224 	.db #0xff	; 255
   00AA AA                  225 	.db #0xaa	; 170
   00AB 00                  226 	.db #0x00	; 0
   00AC 00                  227 	.db #0x00	; 0
   00AD AA                  228 	.db #0xaa	; 170
   00AE 55                  229 	.db #0x55	; 85	'U'
   00AF 00                  230 	.db #0x00	; 0
   00B0 00                  231 	.db #0x00	; 0
   00B1 00                  232 	.db #0x00	; 0
   00B2 00                  233 	.db #0x00	; 0
   00B3 00                  234 	.db #0x00	; 0
   00B4 00                  235 	.db #0x00	; 0
   00B5 00                  236 	.db #0x00	; 0
   00B6 00                  237 	.db #0x00	; 0
   00B7 00                  238 	.db #0x00	; 0
   00B8 00                  239 	.db #0x00	; 0
   00B9 00                  240 	.db #0x00	; 0
   00BA 00                  241 	.db #0x00	; 0
   00BB 00                  242 	.db #0x00	; 0
   00BC 00                  243 	.db #0x00	; 0
   00BD AA                  244 	.db #0xaa	; 170
   00BE FF                  245 	.db #0xff	; 255
   00BF FF                  246 	.db #0xff	; 255
                            247 	.area _INITIALIZER
                            248 	.area _CABS (ABS)
