                              1 ;--------------------------------------------------------
                              2 ; File Created by SDCC : free open source ANSI-C Compiler
                              3 ; Version 3.6.8 #9946 (Linux)
                              4 ;--------------------------------------------------------
                              5 	.module p1
                              6 	.optsdcc -mz80
                              7 	
                              8 ;--------------------------------------------------------
                              9 ; Public variables in this module
                             10 ;--------------------------------------------------------
                             11 	.globl _sp_hero_15
                             12 	.globl _sp_hero_14
                             13 	.globl _sp_hero_13
                             14 	.globl _sp_hero_12
                             15 	.globl _sp_hero_11
                             16 	.globl _sp_hero_10
                             17 	.globl _sp_hero_09
                             18 	.globl _sp_hero_08
                             19 	.globl _sp_hero_07
                             20 	.globl _sp_hero_06
                             21 	.globl _sp_hero_05
                             22 	.globl _sp_hero_04
                             23 	.globl _sp_hero_03
                             24 	.globl _sp_hero_02
                             25 	.globl _sp_hero_01
                             26 	.globl _sp_hero_00
                             27 ;--------------------------------------------------------
                             28 ; special function registers
                             29 ;--------------------------------------------------------
                             30 ;--------------------------------------------------------
                             31 ; ram data
                             32 ;--------------------------------------------------------
                             33 	.area _DATA
                             34 ;--------------------------------------------------------
                             35 ; ram data
                             36 ;--------------------------------------------------------
                             37 	.area _INITIALIZED
                             38 ;--------------------------------------------------------
                             39 ; absolute external ram data
                             40 ;--------------------------------------------------------
                             41 	.area _DABS (ABS)
                             42 ;--------------------------------------------------------
                             43 ; global & static initialisations
                             44 ;--------------------------------------------------------
                             45 	.area _HOME
                             46 	.area _GSINIT
                             47 	.area _GSFINAL
                             48 	.area _GSINIT
                             49 ;--------------------------------------------------------
                             50 ; Home
                             51 ;--------------------------------------------------------
                             52 	.area _HOME
                             53 	.area _HOME
                             54 ;--------------------------------------------------------
                             55 ; code
                             56 ;--------------------------------------------------------
                             57 	.area _CODE
                             58 	.area _CODE
   0000                      59 _sp_hero_00:
   0000 F0                   60 	.db #0xf0	; 240
   0001 CC                   61 	.db #0xcc	; 204
   0002 C8                   62 	.db #0xc8	; 200
   0003 F0                   63 	.db #0xf0	; 240
   0004 E4                   64 	.db #0xe4	; 228
   0005 CC                   65 	.db #0xcc	; 204
   0006 CC                   66 	.db #0xcc	; 204
   0007 D0                   67 	.db #0xd0	; 208
   0008 E4                   68 	.db #0xe4	; 228
   0009 CC                   69 	.db #0xcc	; 204
   000A CC                   70 	.db #0xcc	; 204
   000B D0                   71 	.db #0xd0	; 208
   000C E4                   72 	.db #0xe4	; 228
   000D 89                   73 	.db #0x89	; 137
   000E CC                   74 	.db #0xcc	; 204
   000F D0                   75 	.db #0xd0	; 208
   0010 46                   76 	.db #0x46	; 70	'F'
   0011 89                   77 	.db #0x89	; 137
   0012 46                   78 	.db #0x46	; 70	'F'
   0013 42                   79 	.db #0x42	; 66	'B'
   0014 EC                   80 	.db #0xec	; 236
   0015 03                   81 	.db #0x03	; 3
   0016 03                   82 	.db #0x03	; 3
   0017 E8                   83 	.db #0xe8	; 232
   0018 A1                   84 	.db #0xa1	; 161
   0019 03                   85 	.db #0x03	; 3
   001A 03                   86 	.db #0x03	; 3
   001B D0                   87 	.db #0xd0	; 208
   001C A1                   88 	.db #0xa1	; 161
   001D 03                   89 	.db #0x03	; 3
   001E 03                   90 	.db #0x03	; 3
   001F D0                   91 	.db #0xd0	; 208
   0020                      92 _sp_hero_01:
   0020 F0                   93 	.db #0xf0	; 240
   0021 CC                   94 	.db #0xcc	; 204
   0022 C8                   95 	.db #0xc8	; 200
   0023 F0                   96 	.db #0xf0	; 240
   0024 E4                   97 	.db #0xe4	; 228
   0025 CC                   98 	.db #0xcc	; 204
   0026 CC                   99 	.db #0xcc	; 204
   0027 D0                  100 	.db #0xd0	; 208
   0028 F4                  101 	.db #0xf4	; 244
   0029 CC                  102 	.db #0xcc	; 204
   002A CC                  103 	.db #0xcc	; 204
   002B D0                  104 	.db #0xd0	; 208
   002C F4                  105 	.db #0xf4	; 244
   002D EC                  106 	.db #0xec	; 236
   002E CC                  107 	.db #0xcc	; 204
   002F D0                  108 	.db #0xd0	; 208
   0030 A1                  109 	.db #0xa1	; 161
   0031 03                  110 	.db #0x03	; 3
   0032 CC                  111 	.db #0xcc	; 204
   0033 D0                  112 	.db #0xd0	; 208
   0034 F0                  113 	.db #0xf0	; 240
   0035 56                  114 	.db #0x56	; 86	'V'
   0036 46                  115 	.db #0x46	; 70	'F'
   0037 D0                  116 	.db #0xd0	; 208
   0038 F0                  117 	.db #0xf0	; 240
   0039 03                  118 	.db #0x03	; 3
   003A 42                  119 	.db #0x42	; 66	'B'
   003B F0                  120 	.db #0xf0	; 240
   003C A1                  121 	.db #0xa1	; 161
   003D 03                  122 	.db #0x03	; 3
   003E 03                  123 	.db #0x03	; 3
   003F D0                  124 	.db #0xd0	; 208
   0040                     125 _sp_hero_02:
   0040 F0                  126 	.db #0xf0	; 240
   0041 CC                  127 	.db #0xcc	; 204
   0042 C8                  128 	.db #0xc8	; 200
   0043 F0                  129 	.db #0xf0	; 240
   0044 E4                  130 	.db #0xe4	; 228
   0045 CC                  131 	.db #0xcc	; 204
   0046 CC                  132 	.db #0xcc	; 204
   0047 D0                  133 	.db #0xd0	; 208
   0048 E4                  134 	.db #0xe4	; 228
   0049 CC                  135 	.db #0xcc	; 204
   004A DC                  136 	.db #0xdc	; 220
   004B D0                  137 	.db #0xd0	; 208
   004C E4                  138 	.db #0xe4	; 228
   004D CC                  139 	.db #0xcc	; 204
   004E FC                  140 	.db #0xfc	; 252
   004F D0                  141 	.db #0xd0	; 208
   0050 E4                  142 	.db #0xe4	; 228
   0051 89                  143 	.db #0x89	; 137
   0052 03                  144 	.db #0x03	; 3
   0053 D0                  145 	.db #0xd0	; 208
   0054 E4                  146 	.db #0xe4	; 228
   0055 56                  147 	.db #0x56	; 86	'V'
   0056 42                  148 	.db #0x42	; 66	'B'
   0057 F0                  149 	.db #0xf0	; 240
   0058 F0                  150 	.db #0xf0	; 240
   0059 03                  151 	.db #0x03	; 3
   005A 42                  152 	.db #0x42	; 66	'B'
   005B F0                  153 	.db #0xf0	; 240
   005C A1                  154 	.db #0xa1	; 161
   005D 03                  155 	.db #0x03	; 3
   005E 03                  156 	.db #0x03	; 3
   005F D0                  157 	.db #0xd0	; 208
   0060                     158 _sp_hero_03:
   0060 F0                  159 	.db #0xf0	; 240
   0061 CC                  160 	.db #0xcc	; 204
   0062 C8                  161 	.db #0xc8	; 200
   0063 F0                  162 	.db #0xf0	; 240
   0064 E4                  163 	.db #0xe4	; 228
   0065 CC                  164 	.db #0xcc	; 204
   0066 CC                  165 	.db #0xcc	; 204
   0067 D0                  166 	.db #0xd0	; 208
   0068 E4                  167 	.db #0xe4	; 228
   0069 FC                  168 	.db #0xfc	; 252
   006A CC                  169 	.db #0xcc	; 204
   006B D0                  170 	.db #0xd0	; 208
   006C 46                  171 	.db #0x46	; 70	'F'
   006D FC                  172 	.db #0xfc	; 252
   006E EC                  173 	.db #0xec	; 236
   006F 42                  174 	.db #0x42	; 66	'B'
   0070 46                  175 	.db #0x46	; 70	'F'
   0071 03                  176 	.db #0x03	; 3
   0072 46                  177 	.db #0x46	; 70	'F'
   0073 42                  178 	.db #0x42	; 66	'B'
   0074 A9                  179 	.db #0xa9	; 169
   0075 89                  180 	.db #0x89	; 137
   0076 46                  181 	.db #0x46	; 70	'F'
   0077 E8                  182 	.db #0xe8	; 232
   0078 A1                  183 	.db #0xa1	; 161
   0079 03                  184 	.db #0x03	; 3
   007A 03                  185 	.db #0x03	; 3
   007B D0                  186 	.db #0xd0	; 208
   007C A1                  187 	.db #0xa1	; 161
   007D 03                  188 	.db #0x03	; 3
   007E 03                  189 	.db #0x03	; 3
   007F D0                  190 	.db #0xd0	; 208
   0080                     191 _sp_hero_04:
   0080 F0                  192 	.db #0xf0	; 240
   0081 F3                  193 	.db #0xf3	; 243
   0082 F3                  194 	.db #0xf3	; 243
   0083 C0                  195 	.db #0xc0	; 192
   0084 F1                  196 	.db #0xf1	; 241
   0085 FC                  197 	.db #0xfc	; 252
   0086 FC                  198 	.db #0xfc	; 252
   0087 E2                  199 	.db #0xe2	; 226
   0088 F1                  200 	.db #0xf1	; 241
   0089 AD                  201 	.db #0xad	; 173
   008A 5E                  202 	.db #0x5e	; 94
   008B E2                  203 	.db #0xe2	; 226
   008C F1                  204 	.db #0xf1	; 241
   008D AD                  205 	.db #0xad	; 173
   008E 5E                  206 	.db #0x5e	; 94
   008F E2                  207 	.db #0xe2	; 226
   0090 F1                  208 	.db #0xf1	; 241
   0091 FC                  209 	.db #0xfc	; 252
   0092 FC                  210 	.db #0xfc	; 252
   0093 E2                  211 	.db #0xe2	; 226
   0094 F4                  212 	.db #0xf4	; 244
   0095 5B                  213 	.db #0x5b	; 91
   0096 A7                  214 	.db #0xa7	; 167
   0097 E8                  215 	.db #0xe8	; 232
   0098 A5                  216 	.db #0xa5	; 165
   0099 F3                  217 	.db #0xf3	; 243
   009A F3                  218 	.db #0xf3	; 243
   009B 4A                  219 	.db #0x4a	; 74	'J'
   009C F4                  220 	.db #0xf4	; 244
   009D 5E                  221 	.db #0x5e	; 94
   009E AD                  222 	.db #0xad	; 173
   009F E8                  223 	.db #0xe8	; 232
   00A0                     224 _sp_hero_05:
   00A0 F0                  225 	.db #0xf0	; 240
   00A1 F1                  226 	.db #0xf1	; 241
   00A2 F3                  227 	.db #0xf3	; 243
   00A3 C0                  228 	.db #0xc0	; 192
   00A4 F0                  229 	.db #0xf0	; 240
   00A5 F3                  230 	.db #0xf3	; 243
   00A6 FC                  231 	.db #0xfc	; 252
   00A7 E8                  232 	.db #0xe8	; 232
   00A8 F1                  233 	.db #0xf1	; 241
   00A9 5B                  234 	.db #0x5b	; 91
   00AA FC                  235 	.db #0xfc	; 252
   00AB E8                  236 	.db #0xe8	; 232
   00AC F1                  237 	.db #0xf1	; 241
   00AD F3                  238 	.db #0xf3	; 243
   00AE FC                  239 	.db #0xfc	; 252
   00AF E8                  240 	.db #0xe8	; 232
   00B0 F1                  241 	.db #0xf1	; 241
   00B1 F6                  242 	.db #0xf6	; 246
   00B2 FC                  243 	.db #0xfc	; 252
   00B3 C0                  244 	.db #0xc0	; 192
   00B4 F1                  245 	.db #0xf1	; 241
   00B5 FC                  246 	.db #0xfc	; 252
   00B6 F3                  247 	.db #0xf3	; 243
   00B7 D0                  248 	.db #0xd0	; 208
   00B8 F0                  249 	.db #0xf0	; 240
   00B9 AD                  250 	.db #0xad	; 173
   00BA F9                  251 	.db #0xf9	; 249
   00BB E2                  252 	.db #0xe2	; 226
   00BC F4                  253 	.db #0xf4	; 244
   00BD 5E                  254 	.db #0x5e	; 94
   00BE 5E                  255 	.db #0x5e	; 94
   00BF E8                  256 	.db #0xe8	; 232
   00C0                     257 _sp_hero_06:
   00C0 F0                  258 	.db #0xf0	; 240
   00C1 F3                  259 	.db #0xf3	; 243
   00C2 E2                  260 	.db #0xe2	; 226
   00C3 D0                  261 	.db #0xd0	; 208
   00C4 F4                  262 	.db #0xf4	; 244
   00C5 FC                  263 	.db #0xfc	; 252
   00C6 F3                  264 	.db #0xf3	; 243
   00C7 C0                  265 	.db #0xc0	; 192
   00C8 F4                  266 	.db #0xf4	; 244
   00C9 FC                  267 	.db #0xfc	; 252
   00CA A7                  268 	.db #0xa7	; 167
   00CB E2                  269 	.db #0xe2	; 226
   00CC F4                  270 	.db #0xf4	; 244
   00CD FC                  271 	.db #0xfc	; 252
   00CE F3                  272 	.db #0xf3	; 243
   00CF E2                  273 	.db #0xe2	; 226
   00D0 F0                  274 	.db #0xf0	; 240
   00D1 FC                  275 	.db #0xfc	; 252
   00D2 F9                  276 	.db #0xf9	; 249
   00D3 E2                  277 	.db #0xe2	; 226
   00D4 F0                  278 	.db #0xf0	; 240
   00D5 F3                  279 	.db #0xf3	; 243
   00D6 FC                  280 	.db #0xfc	; 252
   00D7 E2                  281 	.db #0xe2	; 226
   00D8 F1                  282 	.db #0xf1	; 241
   00D9 F6                  283 	.db #0xf6	; 246
   00DA 5E                  284 	.db #0x5e	; 94
   00DB C0                  285 	.db #0xc0	; 192
   00DC F4                  286 	.db #0xf4	; 244
   00DD AD                  287 	.db #0xad	; 173
   00DE AD                  288 	.db #0xad	; 173
   00DF E8                  289 	.db #0xe8	; 232
   00E0                     290 _sp_hero_07:
   00E0 F0                  291 	.db #0xf0	; 240
   00E1 F3                  292 	.db #0xf3	; 243
   00E2 F3                  293 	.db #0xf3	; 243
   00E3 C0                  294 	.db #0xc0	; 192
   00E4 F1                  295 	.db #0xf1	; 241
   00E5 A7                  296 	.db #0xa7	; 167
   00E6 5B                  297 	.db #0x5b	; 91
   00E7 E2                  298 	.db #0xe2	; 226
   00E8 F1                  299 	.db #0xf1	; 241
   00E9 A7                  300 	.db #0xa7	; 167
   00EA 5B                  301 	.db #0x5b	; 91
   00EB E2                  302 	.db #0xe2	; 226
   00EC F4                  303 	.db #0xf4	; 244
   00ED A7                  304 	.db #0xa7	; 167
   00EE 5B                  305 	.db #0x5b	; 91
   00EF E8                  306 	.db #0xe8	; 232
   00F0 F4                  307 	.db #0xf4	; 244
   00F1 A7                  308 	.db #0xa7	; 167
   00F2 5B                  309 	.db #0x5b	; 91
   00F3 E8                  310 	.db #0xe8	; 232
   00F4 F4                  311 	.db #0xf4	; 244
   00F5 AD                  312 	.db #0xad	; 173
   00F6 5E                  313 	.db #0x5e	; 94
   00F7 E8                  314 	.db #0xe8	; 232
   00F8 A5                  315 	.db #0xa5	; 165
   00F9 FC                  316 	.db #0xfc	; 252
   00FA FC                  317 	.db #0xfc	; 252
   00FB 4A                  318 	.db #0x4a	; 74	'J'
   00FC F4                  319 	.db #0xf4	; 244
   00FD 5E                  320 	.db #0x5e	; 94
   00FE AD                  321 	.db #0xad	; 173
   00FF E8                  322 	.db #0xe8	; 232
   0100                     323 _sp_hero_08:
   0100 F0                  324 	.db #0xf0	; 240
   0101 C5                  325 	.db #0xc5	; 197
   0102 CA                  326 	.db #0xca	; 202
   0103 D0                  327 	.db #0xd0	; 208
   0104 F0                  328 	.db #0xf0	; 240
   0105 C5                  329 	.db #0xc5	; 197
   0106 CA                  330 	.db #0xca	; 202
   0107 D0                  331 	.db #0xd0	; 208
   0108 E0                  332 	.db #0xe0	; 224
   0109 CF                  333 	.db #0xcf	; 207
   010A CF                  334 	.db #0xcf	; 207
   010B C0                  335 	.db #0xc0	; 192
   010C E0                  336 	.db #0xe0	; 224
   010D CF                  337 	.db #0xcf	; 207
   010E CF                  338 	.db #0xcf	; 207
   010F C0                  339 	.db #0xc0	; 192
   0110 E0                  340 	.db #0xe0	; 224
   0111 CF                  341 	.db #0xcf	; 207
   0112 CF                  342 	.db #0xcf	; 207
   0113 C0                  343 	.db #0xc0	; 192
   0114 E5                  344 	.db #0xe5	; 229
   0115 CF                  345 	.db #0xcf	; 207
   0116 CF                  346 	.db #0xcf	; 207
   0117 CA                  347 	.db #0xca	; 202
   0118 E0                  348 	.db #0xe0	; 224
   0119 C0                  349 	.db #0xc0	; 192
   011A C0                  350 	.db #0xc0	; 192
   011B C0                  351 	.db #0xc0	; 192
   011C B5                  352 	.db #0xb5	; 181
   011D 3F                  353 	.db #0x3f	; 63
   011E 3F                  354 	.db #0x3f	; 63
   011F 6A                  355 	.db #0x6a	; 106	'j'
   0120                     356 _sp_hero_09:
   0120 F0                  357 	.db #0xf0	; 240
   0121 C0                  358 	.db #0xc0	; 192
   0122 CA                  359 	.db #0xca	; 202
   0123 F0                  360 	.db #0xf0	; 240
   0124 E0                  361 	.db #0xe0	; 224
   0125 6F                  362 	.db #0x6f	; 111	'o'
   0126 CA                  363 	.db #0xca	; 202
   0127 F0                  364 	.db #0xf0	; 240
   0128 E0                  365 	.db #0xe0	; 224
   0129 C5                  366 	.db #0xc5	; 197
   012A CF                  367 	.db #0xcf	; 207
   012B D0                  368 	.db #0xd0	; 208
   012C E0                  369 	.db #0xe0	; 224
   012D C0                  370 	.db #0xc0	; 192
   012E C5                  371 	.db #0xc5	; 197
   012F D0                  372 	.db #0xd0	; 208
   0130 F0                  373 	.db #0xf0	; 240
   0131 C0                  374 	.db #0xc0	; 192
   0132 C5                  375 	.db #0xc5	; 197
   0133 D0                  376 	.db #0xd0	; 208
   0134 F0                  377 	.db #0xf0	; 240
   0135 E0                  378 	.db #0xe0	; 224
   0136 C5                  379 	.db #0xc5	; 197
   0137 CA                  380 	.db #0xca	; 202
   0138 F0                  381 	.db #0xf0	; 240
   0139 6A                  382 	.db #0x6a	; 106	'j'
   013A C0                  383 	.db #0xc0	; 192
   013B C0                  384 	.db #0xc0	; 192
   013C B5                  385 	.db #0xb5	; 181
   013D 6A                  386 	.db #0x6a	; 106	'j'
   013E C0                  387 	.db #0xc0	; 192
   013F 6A                  388 	.db #0x6a	; 106	'j'
   0140                     389 _sp_hero_10:
   0140 F0                  390 	.db #0xf0	; 240
   0141 E5                  391 	.db #0xe5	; 229
   0142 C0                  392 	.db #0xc0	; 192
   0143 D0                  393 	.db #0xd0	; 208
   0144 F0                  394 	.db #0xf0	; 240
   0145 E5                  395 	.db #0xe5	; 229
   0146 9F                  396 	.db #0x9f	; 159
   0147 C0                  397 	.db #0xc0	; 192
   0148 F0                  398 	.db #0xf0	; 240
   0149 CF                  399 	.db #0xcf	; 207
   014A CA                  400 	.db #0xca	; 202
   014B C0                  401 	.db #0xc0	; 192
   014C F0                  402 	.db #0xf0	; 240
   014D CA                  403 	.db #0xca	; 202
   014E C0                  404 	.db #0xc0	; 192
   014F C0                  405 	.db #0xc0	; 192
   0150 F0                  406 	.db #0xf0	; 240
   0151 CA                  407 	.db #0xca	; 202
   0152 C0                  408 	.db #0xc0	; 192
   0153 D0                  409 	.db #0xd0	; 208
   0154 E5                  410 	.db #0xe5	; 229
   0155 CA                  411 	.db #0xca	; 202
   0156 C0                  412 	.db #0xc0	; 192
   0157 F0                  413 	.db #0xf0	; 240
   0158 E0                  414 	.db #0xe0	; 224
   0159 C0                  415 	.db #0xc0	; 192
   015A 95                  416 	.db #0x95	; 149
   015B D0                  417 	.db #0xd0	; 208
   015C B5                  418 	.db #0xb5	; 181
   015D C0                  419 	.db #0xc0	; 192
   015E 95                  420 	.db #0x95	; 149
   015F 6A                  421 	.db #0x6a	; 106	'j'
   0160                     422 _sp_hero_11:
   0160 F0                  423 	.db #0xf0	; 240
   0161 CA                  424 	.db #0xca	; 202
   0162 C5                  425 	.db #0xc5	; 197
   0163 D0                  426 	.db #0xd0	; 208
   0164 F0                  427 	.db #0xf0	; 240
   0165 6A                  428 	.db #0x6a	; 106	'j'
   0166 95                  429 	.db #0x95	; 149
   0167 D0                  430 	.db #0xd0	; 208
   0168 E5                  431 	.db #0xe5	; 229
   0169 C0                  432 	.db #0xc0	; 192
   016A C0                  433 	.db #0xc0	; 192
   016B CA                  434 	.db #0xca	; 202
   016C E5                  435 	.db #0xe5	; 229
   016D C0                  436 	.db #0xc0	; 192
   016E C0                  437 	.db #0xc0	; 192
   016F CA                  438 	.db #0xca	; 202
   0170 E0                  439 	.db #0xe0	; 224
   0171 C0                  440 	.db #0xc0	; 192
   0172 C0                  441 	.db #0xc0	; 192
   0173 C0                  442 	.db #0xc0	; 192
   0174 E0                  443 	.db #0xe0	; 224
   0175 C0                  444 	.db #0xc0	; 192
   0176 C0                  445 	.db #0xc0	; 192
   0177 C0                  446 	.db #0xc0	; 192
   0178 E0                  447 	.db #0xe0	; 224
   0179 6A                  448 	.db #0x6a	; 106	'j'
   017A 95                  449 	.db #0x95	; 149
   017B C0                  450 	.db #0xc0	; 192
   017C B5                  451 	.db #0xb5	; 181
   017D 6A                  452 	.db #0x6a	; 106	'j'
   017E 95                  453 	.db #0x95	; 149
   017F 6A                  454 	.db #0x6a	; 106	'j'
   0180                     455 _sp_hero_12:
   0180 E4                  456 	.db #0xe4	; 228
   0181 D8                  457 	.db #0xd8	; 216
   0182 E4                  458 	.db #0xe4	; 228
   0183 D8                  459 	.db #0xd8	; 216
   0184 D9                  460 	.db #0xd9	; 217
   0185 EC                  461 	.db #0xec	; 236
   0186 DC                  462 	.db #0xdc	; 220
   0187 EC                  463 	.db #0xec	; 236
   0188 8D                  464 	.db #0x8d	; 141
   0189 F6                  465 	.db #0xf6	; 246
   018A FC                  466 	.db #0xfc	; 252
   018B EC                  467 	.db #0xec	; 236
   018C 8D                  468 	.db #0x8d	; 141
   018D F6                  469 	.db #0xf6	; 246
   018E FC                  470 	.db #0xfc	; 252
   018F EC                  471 	.db #0xec	; 236
   0190 8D                  472 	.db #0x8d	; 141
   0191 5E                  473 	.db #0x5e	; 94
   0192 FC                  474 	.db #0xfc	; 252
   0193 EC                  475 	.db #0xec	; 236
   0194 E4                  476 	.db #0xe4	; 228
   0195 5B                  477 	.db #0x5b	; 91
   0196 FC                  478 	.db #0xfc	; 252
   0197 D8                  479 	.db #0xd8	; 216
   0198 F0                  480 	.db #0xf0	; 240
   0199 8D                  481 	.db #0x8d	; 141
   019A E6                  482 	.db #0xe6	; 230
   019B F0                  483 	.db #0xf0	; 240
   019C F0                  484 	.db #0xf0	; 240
   019D E4                  485 	.db #0xe4	; 228
   019E D8                  486 	.db #0xd8	; 216
   019F F0                  487 	.db #0xf0	; 240
   01A0                     488 _sp_hero_13:
   01A0 E4                  489 	.db #0xe4	; 228
   01A1 D8                  490 	.db #0xd8	; 216
   01A2 E4                  491 	.db #0xe4	; 228
   01A3 D8                  492 	.db #0xd8	; 216
   01A4 C8                  493 	.db #0xc8	; 200
   01A5 C4                  494 	.db #0xc4	; 196
   01A6 C8                  495 	.db #0xc8	; 200
   01A7 C4                  496 	.db #0xc4	; 196
   01A8 99                  497 	.db #0x99	; 153
   01A9 C0                  498 	.db #0xc0	; 192
   01AA C0                  499 	.db #0xc0	; 192
   01AB C4                  500 	.db #0xc4	; 196
   01AC 99                  501 	.db #0x99	; 153
   01AD C0                  502 	.db #0xc0	; 192
   01AE C0                  503 	.db #0xc0	; 192
   01AF C4                  504 	.db #0xc4	; 196
   01B0 99                  505 	.db #0x99	; 153
   01B1 62                  506 	.db #0x62	; 98	'b'
   01B2 C0                  507 	.db #0xc0	; 192
   01B3 C4                  508 	.db #0xc4	; 196
   01B4 E4                  509 	.db #0xe4	; 228
   01B5 62                  510 	.db #0x62	; 98	'b'
   01B6 C0                  511 	.db #0xc0	; 192
   01B7 D8                  512 	.db #0xd8	; 216
   01B8 F0                  513 	.db #0xf0	; 240
   01B9 99                  514 	.db #0x99	; 153
   01BA C4                  515 	.db #0xc4	; 196
   01BB F0                  516 	.db #0xf0	; 240
   01BC F0                  517 	.db #0xf0	; 240
   01BD E4                  518 	.db #0xe4	; 228
   01BE D8                  519 	.db #0xd8	; 216
   01BF F0                  520 	.db #0xf0	; 240
   01C0                     521 _sp_hero_14:
   01C0 F0                  522 	.db #0xf0	; 240
   01C1 F0                  523 	.db #0xf0	; 240
   01C2 F0                  524 	.db #0xf0	; 240
   01C3 F0                  525 	.db #0xf0	; 240
   01C4 F0                  526 	.db #0xf0	; 240
   01C5 F0                  527 	.db #0xf0	; 240
   01C6 F0                  528 	.db #0xf0	; 240
   01C7 F0                  529 	.db #0xf0	; 240
   01C8 F0                  530 	.db #0xf0	; 240
   01C9 F0                  531 	.db #0xf0	; 240
   01CA F0                  532 	.db #0xf0	; 240
   01CB F0                  533 	.db #0xf0	; 240
   01CC F0                  534 	.db #0xf0	; 240
   01CD F0                  535 	.db #0xf0	; 240
   01CE F0                  536 	.db #0xf0	; 240
   01CF F0                  537 	.db #0xf0	; 240
   01D0 F0                  538 	.db #0xf0	; 240
   01D1 F0                  539 	.db #0xf0	; 240
   01D2 F0                  540 	.db #0xf0	; 240
   01D3 F0                  541 	.db #0xf0	; 240
   01D4 F0                  542 	.db #0xf0	; 240
   01D5 F0                  543 	.db #0xf0	; 240
   01D6 F0                  544 	.db #0xf0	; 240
   01D7 F0                  545 	.db #0xf0	; 240
   01D8 F0                  546 	.db #0xf0	; 240
   01D9 F0                  547 	.db #0xf0	; 240
   01DA F0                  548 	.db #0xf0	; 240
   01DB F0                  549 	.db #0xf0	; 240
   01DC F0                  550 	.db #0xf0	; 240
   01DD F0                  551 	.db #0xf0	; 240
   01DE F0                  552 	.db #0xf0	; 240
   01DF F0                  553 	.db #0xf0	; 240
   01E0                     554 _sp_hero_15:
   01E0 F0                  555 	.db #0xf0	; 240
   01E1 F0                  556 	.db #0xf0	; 240
   01E2 F0                  557 	.db #0xf0	; 240
   01E3 F0                  558 	.db #0xf0	; 240
   01E4 F0                  559 	.db #0xf0	; 240
   01E5 F0                  560 	.db #0xf0	; 240
   01E6 F0                  561 	.db #0xf0	; 240
   01E7 F0                  562 	.db #0xf0	; 240
   01E8 F0                  563 	.db #0xf0	; 240
   01E9 F0                  564 	.db #0xf0	; 240
   01EA F0                  565 	.db #0xf0	; 240
   01EB F0                  566 	.db #0xf0	; 240
   01EC F0                  567 	.db #0xf0	; 240
   01ED F0                  568 	.db #0xf0	; 240
   01EE F0                  569 	.db #0xf0	; 240
   01EF F0                  570 	.db #0xf0	; 240
   01F0 F0                  571 	.db #0xf0	; 240
   01F1 F0                  572 	.db #0xf0	; 240
   01F2 F0                  573 	.db #0xf0	; 240
   01F3 F0                  574 	.db #0xf0	; 240
   01F4 F0                  575 	.db #0xf0	; 240
   01F5 F0                  576 	.db #0xf0	; 240
   01F6 F0                  577 	.db #0xf0	; 240
   01F7 F0                  578 	.db #0xf0	; 240
   01F8 F0                  579 	.db #0xf0	; 240
   01F9 F0                  580 	.db #0xf0	; 240
   01FA F0                  581 	.db #0xf0	; 240
   01FB F0                  582 	.db #0xf0	; 240
   01FC F0                  583 	.db #0xf0	; 240
   01FD F0                  584 	.db #0xf0	; 240
   01FE F0                  585 	.db #0xf0	; 240
   01FF F0                  586 	.db #0xf0	; 240
                            587 	.area _INITIALIZER
                            588 	.area _CABS (ABS)
