                              1 ;--------------------------------------------------------
                              2 ; File Created by SDCC : free open source ANSI-C Compiler
                              3 ; Version 3.6.8 #9946 (Linux)
                              4 ;--------------------------------------------------------
                              5 	.module Tileset
                              6 	.optsdcc -mz80
                              7 	
                              8 ;--------------------------------------------------------
                              9 ; Public variables in this module
                             10 ;--------------------------------------------------------
                             11 	.globl _g_63
                             12 	.globl _g_62
                             13 	.globl _g_61
                             14 	.globl _g_60
                             15 	.globl _g_59
                             16 	.globl _g_58
                             17 	.globl _g_57
                             18 	.globl _g_56
                             19 	.globl _g_55
                             20 	.globl _g_54
                             21 	.globl _g_53
                             22 	.globl _g_52
                             23 	.globl _g_51
                             24 	.globl _g_50
                             25 	.globl _g_49
                             26 	.globl _g_48
                             27 	.globl _g_47
                             28 	.globl _g_46
                             29 	.globl _g_45
                             30 	.globl _g_44
                             31 	.globl _g_43
                             32 	.globl _g_42
                             33 	.globl _g_41
                             34 	.globl _g_40
                             35 	.globl _g_39
                             36 	.globl _g_38
                             37 	.globl _g_37
                             38 	.globl _g_36
                             39 	.globl _g_35
                             40 	.globl _g_34
                             41 	.globl _g_33
                             42 	.globl _g_32
                             43 	.globl _g_31
                             44 	.globl _g_30
                             45 	.globl _g_29
                             46 	.globl _g_28
                             47 	.globl _g_27
                             48 	.globl _g_26
                             49 	.globl _g_25
                             50 	.globl _g_24
                             51 	.globl _g_23
                             52 	.globl _g_22
                             53 	.globl _g_21
                             54 	.globl _g_20
                             55 	.globl _g_19
                             56 	.globl _g_18
                             57 	.globl _g_17
                             58 	.globl _g_16
                             59 	.globl _g_15
                             60 	.globl _g_14
                             61 	.globl _g_13
                             62 	.globl _g_12
                             63 	.globl _g_11
                             64 	.globl _g_10
                             65 	.globl _g_09
                             66 	.globl _g_08
                             67 	.globl _g_07
                             68 	.globl _g_06
                             69 	.globl _g_05
                             70 	.globl _g_04
                             71 	.globl _g_03
                             72 	.globl _g_02
                             73 	.globl _g_01
                             74 	.globl _g_00
                             75 	.globl _tileset
                             76 ;--------------------------------------------------------
                             77 ; special function registers
                             78 ;--------------------------------------------------------
                             79 ;--------------------------------------------------------
                             80 ; ram data
                             81 ;--------------------------------------------------------
                             82 	.area _DATA
                             83 ;--------------------------------------------------------
                             84 ; ram data
                             85 ;--------------------------------------------------------
                             86 	.area _INITIALIZED
                             87 ;--------------------------------------------------------
                             88 ; absolute external ram data
                             89 ;--------------------------------------------------------
                             90 	.area _DABS (ABS)
                             91 ;--------------------------------------------------------
                             92 ; global & static initialisations
                             93 ;--------------------------------------------------------
                             94 	.area _HOME
                             95 	.area _GSINIT
                             96 	.area _GSFINAL
                             97 	.area _GSINIT
                             98 ;--------------------------------------------------------
                             99 ; Home
                            100 ;--------------------------------------------------------
                            101 	.area _HOME
                            102 	.area _HOME
                            103 ;--------------------------------------------------------
                            104 ; code
                            105 ;--------------------------------------------------------
                            106 	.area _CODE
                            107 	.area _CODE
   0000                     108 _tileset:
   0000r80r00               109 	.dw _g_00
   0002r88r00               110 	.dw _g_01
   0004r90r00               111 	.dw _g_02
   0006r98r00               112 	.dw _g_03
   0008rA0r00               113 	.dw _g_04
   000ArA8r00               114 	.dw _g_05
   000CrB0r00               115 	.dw _g_06
   000ErB8r00               116 	.dw _g_07
   0010rC0r00               117 	.dw _g_08
   0012rC8r00               118 	.dw _g_09
   0014rD0r00               119 	.dw _g_10
   0016rD8r00               120 	.dw _g_11
   0018rE0r00               121 	.dw _g_12
   001ArE8r00               122 	.dw _g_13
   001CrF0r00               123 	.dw _g_14
   001ErF8r00               124 	.dw _g_15
   0020r00r01               125 	.dw _g_16
   0022r08r01               126 	.dw _g_17
   0024r10r01               127 	.dw _g_18
   0026r18r01               128 	.dw _g_19
   0028r20r01               129 	.dw _g_20
   002Ar28r01               130 	.dw _g_21
   002Cr30r01               131 	.dw _g_22
   002Er38r01               132 	.dw _g_23
   0030r40r01               133 	.dw _g_24
   0032r48r01               134 	.dw _g_25
   0034r50r01               135 	.dw _g_26
   0036r58r01               136 	.dw _g_27
   0038r60r01               137 	.dw _g_28
   003Ar68r01               138 	.dw _g_29
   003Cr70r01               139 	.dw _g_30
   003Er78r01               140 	.dw _g_31
   0040r80r01               141 	.dw _g_32
   0042r88r01               142 	.dw _g_33
   0044r90r01               143 	.dw _g_34
   0046r98r01               144 	.dw _g_35
   0048rA0r01               145 	.dw _g_36
   004ArA8r01               146 	.dw _g_37
   004CrB0r01               147 	.dw _g_38
   004ErB8r01               148 	.dw _g_39
   0050rC0r01               149 	.dw _g_40
   0052rC8r01               150 	.dw _g_41
   0054rD0r01               151 	.dw _g_42
   0056rD8r01               152 	.dw _g_43
   0058rE0r01               153 	.dw _g_44
   005ArE8r01               154 	.dw _g_45
   005CrF0r01               155 	.dw _g_46
   005ErF8r01               156 	.dw _g_47
   0060r00r02               157 	.dw _g_48
   0062r08r02               158 	.dw _g_49
   0064r10r02               159 	.dw _g_50
   0066r18r02               160 	.dw _g_51
   0068r20r02               161 	.dw _g_52
   006Ar28r02               162 	.dw _g_53
   006Cr30r02               163 	.dw _g_54
   006Er38r02               164 	.dw _g_55
   0070r40r02               165 	.dw _g_56
   0072r48r02               166 	.dw _g_57
   0074r50r02               167 	.dw _g_58
   0076r58r02               168 	.dw _g_59
   0078r60r02               169 	.dw _g_60
   007Ar68r02               170 	.dw _g_61
   007Cr70r02               171 	.dw _g_62
   007Er78r02               172 	.dw _g_63
   0080                     173 _g_00:
   0080 AB                  174 	.db #0xab	; 171
   0081 03                  175 	.db #0x03	; 3
   0082 FF                  176 	.db #0xff	; 255
   0083 03                  177 	.db #0x03	; 3
   0084 FF                  178 	.db #0xff	; 255
   0085 AB                  179 	.db #0xab	; 171
   0086 FF                  180 	.db #0xff	; 255
   0087 FF                  181 	.db #0xff	; 255
   0088                     182 _g_01:
   0088 03                  183 	.db #0x03	; 3
   0089 03                  184 	.db #0x03	; 3
   008A 03                  185 	.db #0x03	; 3
   008B 03                  186 	.db #0x03	; 3
   008C 03                  187 	.db #0x03	; 3
   008D 03                  188 	.db #0x03	; 3
   008E FF                  189 	.db #0xff	; 255
   008F FF                  190 	.db #0xff	; 255
   0090                     191 _g_02:
   0090 03                  192 	.db #0x03	; 3
   0091 57                  193 	.db #0x57	; 87	'W'
   0092 03                  194 	.db #0x03	; 3
   0093 57                  195 	.db #0x57	; 87	'W'
   0094 03                  196 	.db #0x03	; 3
   0095 FF                  197 	.db #0xff	; 255
   0096 FF                  198 	.db #0xff	; 255
   0097 FF                  199 	.db #0xff	; 255
   0098                     200 _g_03:
   0098 FF                  201 	.db #0xff	; 255
   0099 FF                  202 	.db #0xff	; 255
   009A FF                  203 	.db #0xff	; 255
   009B FF                  204 	.db #0xff	; 255
   009C FF                  205 	.db #0xff	; 255
   009D FF                  206 	.db #0xff	; 255
   009E FF                  207 	.db #0xff	; 255
   009F FF                  208 	.db #0xff	; 255
   00A0                     209 _g_04:
   00A0 03                  210 	.db #0x03	; 3
   00A1 03                  211 	.db #0x03	; 3
   00A2 03                  212 	.db #0x03	; 3
   00A3 03                  213 	.db #0x03	; 3
   00A4 03                  214 	.db #0x03	; 3
   00A5 03                  215 	.db #0x03	; 3
   00A6 03                  216 	.db #0x03	; 3
   00A7 03                  217 	.db #0x03	; 3
   00A8                     218 _g_05:
   00A8 03                  219 	.db #0x03	; 3
   00A9 03                  220 	.db #0x03	; 3
   00AA 03                  221 	.db #0x03	; 3
   00AB 03                  222 	.db #0x03	; 3
   00AC 03                  223 	.db #0x03	; 3
   00AD 03                  224 	.db #0x03	; 3
   00AE 03                  225 	.db #0x03	; 3
   00AF 03                  226 	.db #0x03	; 3
   00B0                     227 _g_06:
   00B0 03                  228 	.db #0x03	; 3
   00B1 03                  229 	.db #0x03	; 3
   00B2 03                  230 	.db #0x03	; 3
   00B3 03                  231 	.db #0x03	; 3
   00B4 03                  232 	.db #0x03	; 3
   00B5 03                  233 	.db #0x03	; 3
   00B6 03                  234 	.db #0x03	; 3
   00B7 03                  235 	.db #0x03	; 3
   00B8                     236 _g_07:
   00B8 03                  237 	.db #0x03	; 3
   00B9 03                  238 	.db #0x03	; 3
   00BA 03                  239 	.db #0x03	; 3
   00BB 03                  240 	.db #0x03	; 3
   00BC 03                  241 	.db #0x03	; 3
   00BD 03                  242 	.db #0x03	; 3
   00BE 03                  243 	.db #0x03	; 3
   00BF 03                  244 	.db #0x03	; 3
   00C0                     245 _g_08:
   00C0 FF                  246 	.db #0xff	; 255
   00C1 FF                  247 	.db #0xff	; 255
   00C2 FF                  248 	.db #0xff	; 255
   00C3 AB                  249 	.db #0xab	; 171
   00C4 FF                  250 	.db #0xff	; 255
   00C5 03                  251 	.db #0x03	; 3
   00C6 AB                  252 	.db #0xab	; 171
   00C7 03                  253 	.db #0x03	; 3
   00C8                     254 _g_09:
   00C8 03                  255 	.db #0x03	; 3
   00C9 03                  256 	.db #0x03	; 3
   00CA 03                  257 	.db #0x03	; 3
   00CB 03                  258 	.db #0x03	; 3
   00CC 03                  259 	.db #0x03	; 3
   00CD 03                  260 	.db #0x03	; 3
   00CE 03                  261 	.db #0x03	; 3
   00CF 03                  262 	.db #0x03	; 3
   00D0                     263 _g_10:
   00D0 FF                  264 	.db #0xff	; 255
   00D1 FF                  265 	.db #0xff	; 255
   00D2 57                  266 	.db #0x57	; 87	'W'
   00D3 FF                  267 	.db #0xff	; 255
   00D4 03                  268 	.db #0x03	; 3
   00D5 FF                  269 	.db #0xff	; 255
   00D6 03                  270 	.db #0x03	; 3
   00D7 57                  271 	.db #0x57	; 87	'W'
   00D8                     272 _g_11:
   00D8 03                  273 	.db #0x03	; 3
   00D9 03                  274 	.db #0x03	; 3
   00DA 03                  275 	.db #0x03	; 3
   00DB 03                  276 	.db #0x03	; 3
   00DC 03                  277 	.db #0x03	; 3
   00DD 03                  278 	.db #0x03	; 3
   00DE 03                  279 	.db #0x03	; 3
   00DF 03                  280 	.db #0x03	; 3
   00E0                     281 _g_12:
   00E0 03                  282 	.db #0x03	; 3
   00E1 03                  283 	.db #0x03	; 3
   00E2 03                  284 	.db #0x03	; 3
   00E3 03                  285 	.db #0x03	; 3
   00E4 03                  286 	.db #0x03	; 3
   00E5 03                  287 	.db #0x03	; 3
   00E6 03                  288 	.db #0x03	; 3
   00E7 03                  289 	.db #0x03	; 3
   00E8                     290 _g_13:
   00E8 03                  291 	.db #0x03	; 3
   00E9 03                  292 	.db #0x03	; 3
   00EA 03                  293 	.db #0x03	; 3
   00EB 03                  294 	.db #0x03	; 3
   00EC 03                  295 	.db #0x03	; 3
   00ED 03                  296 	.db #0x03	; 3
   00EE 03                  297 	.db #0x03	; 3
   00EF 03                  298 	.db #0x03	; 3
   00F0                     299 _g_14:
   00F0 03                  300 	.db #0x03	; 3
   00F1 03                  301 	.db #0x03	; 3
   00F2 03                  302 	.db #0x03	; 3
   00F3 03                  303 	.db #0x03	; 3
   00F4 03                  304 	.db #0x03	; 3
   00F5 03                  305 	.db #0x03	; 3
   00F6 03                  306 	.db #0x03	; 3
   00F7 03                  307 	.db #0x03	; 3
   00F8                     308 _g_15:
   00F8 03                  309 	.db #0x03	; 3
   00F9 03                  310 	.db #0x03	; 3
   00FA 03                  311 	.db #0x03	; 3
   00FB 03                  312 	.db #0x03	; 3
   00FC 03                  313 	.db #0x03	; 3
   00FD 03                  314 	.db #0x03	; 3
   00FE 03                  315 	.db #0x03	; 3
   00FF 03                  316 	.db #0x03	; 3
   0100                     317 _g_16:
   0100 30                  318 	.db #0x30	; 48	'0'
   0101 21                  319 	.db #0x21	; 33
   0102 30                  320 	.db #0x30	; 48	'0'
   0103 03                  321 	.db #0x03	; 3
   0104 21                  322 	.db #0x21	; 33
   0105 03                  323 	.db #0x03	; 3
   0106 03                  324 	.db #0x03	; 3
   0107 03                  325 	.db #0x03	; 3
   0108                     326 _g_17:
   0108 03                  327 	.db #0x03	; 3
   0109 03                  328 	.db #0x03	; 3
   010A 03                  329 	.db #0x03	; 3
   010B 03                  330 	.db #0x03	; 3
   010C 12                  331 	.db #0x12	; 18
   010D 21                  332 	.db #0x21	; 33
   010E 30                  333 	.db #0x30	; 48	'0'
   010F 30                  334 	.db #0x30	; 48	'0'
   0110                     335 _g_18:
   0110 03                  336 	.db #0x03	; 3
   0111 03                  337 	.db #0x03	; 3
   0112 03                  338 	.db #0x03	; 3
   0113 03                  339 	.db #0x03	; 3
   0114 03                  340 	.db #0x03	; 3
   0115 03                  341 	.db #0x03	; 3
   0116 03                  342 	.db #0x03	; 3
   0117 03                  343 	.db #0x03	; 3
   0118                     344 _g_19:
   0118 03                  345 	.db #0x03	; 3
   0119 03                  346 	.db #0x03	; 3
   011A 03                  347 	.db #0x03	; 3
   011B 03                  348 	.db #0x03	; 3
   011C 03                  349 	.db #0x03	; 3
   011D 03                  350 	.db #0x03	; 3
   011E 03                  351 	.db #0x03	; 3
   011F 03                  352 	.db #0x03	; 3
   0120                     353 _g_20:
   0120 03                  354 	.db #0x03	; 3
   0121 03                  355 	.db #0x03	; 3
   0122 03                  356 	.db #0x03	; 3
   0123 03                  357 	.db #0x03	; 3
   0124 03                  358 	.db #0x03	; 3
   0125 03                  359 	.db #0x03	; 3
   0126 03                  360 	.db #0x03	; 3
   0127 03                  361 	.db #0x03	; 3
   0128                     362 _g_21:
   0128 03                  363 	.db #0x03	; 3
   0129 03                  364 	.db #0x03	; 3
   012A 03                  365 	.db #0x03	; 3
   012B 03                  366 	.db #0x03	; 3
   012C 03                  367 	.db #0x03	; 3
   012D 03                  368 	.db #0x03	; 3
   012E 03                  369 	.db #0x03	; 3
   012F 03                  370 	.db #0x03	; 3
   0130                     371 _g_22:
   0130 03                  372 	.db #0x03	; 3
   0131 03                  373 	.db #0x03	; 3
   0132 03                  374 	.db #0x03	; 3
   0133 03                  375 	.db #0x03	; 3
   0134 03                  376 	.db #0x03	; 3
   0135 03                  377 	.db #0x03	; 3
   0136 03                  378 	.db #0x03	; 3
   0137 03                  379 	.db #0x03	; 3
   0138                     380 _g_23:
   0138 03                  381 	.db #0x03	; 3
   0139 03                  382 	.db #0x03	; 3
   013A 03                  383 	.db #0x03	; 3
   013B 03                  384 	.db #0x03	; 3
   013C 03                  385 	.db #0x03	; 3
   013D 30                  386 	.db #0x30	; 48	'0'
   013E 12                  387 	.db #0x12	; 18
   013F 30                  388 	.db #0x30	; 48	'0'
   0140                     389 _g_24:
   0140 03                  390 	.db #0x03	; 3
   0141 03                  391 	.db #0x03	; 3
   0142 03                  392 	.db #0x03	; 3
   0143 03                  393 	.db #0x03	; 3
   0144 03                  394 	.db #0x03	; 3
   0145 03                  395 	.db #0x03	; 3
   0146 03                  396 	.db #0x03	; 3
   0147 03                  397 	.db #0x03	; 3
   0148                     398 _g_25:
   0148 03                  399 	.db #0x03	; 3
   0149 03                  400 	.db #0x03	; 3
   014A 03                  401 	.db #0x03	; 3
   014B 03                  402 	.db #0x03	; 3
   014C 03                  403 	.db #0x03	; 3
   014D 03                  404 	.db #0x03	; 3
   014E 03                  405 	.db #0x03	; 3
   014F 03                  406 	.db #0x03	; 3
   0150                     407 _g_26:
   0150 03                  408 	.db #0x03	; 3
   0151 03                  409 	.db #0x03	; 3
   0152 03                  410 	.db #0x03	; 3
   0153 03                  411 	.db #0x03	; 3
   0154 03                  412 	.db #0x03	; 3
   0155 03                  413 	.db #0x03	; 3
   0156 03                  414 	.db #0x03	; 3
   0157 03                  415 	.db #0x03	; 3
   0158                     416 _g_27:
   0158 30                  417 	.db #0x30	; 48	'0'
   0159 30                  418 	.db #0x30	; 48	'0'
   015A 30                  419 	.db #0x30	; 48	'0'
   015B 30                  420 	.db #0x30	; 48	'0'
   015C 30                  421 	.db #0x30	; 48	'0'
   015D 30                  422 	.db #0x30	; 48	'0'
   015E 30                  423 	.db #0x30	; 48	'0'
   015F 30                  424 	.db #0x30	; 48	'0'
   0160                     425 _g_28:
   0160 03                  426 	.db #0x03	; 3
   0161 03                  427 	.db #0x03	; 3
   0162 03                  428 	.db #0x03	; 3
   0163 03                  429 	.db #0x03	; 3
   0164 03                  430 	.db #0x03	; 3
   0165 03                  431 	.db #0x03	; 3
   0166 03                  432 	.db #0x03	; 3
   0167 03                  433 	.db #0x03	; 3
   0168                     434 _g_29:
   0168 03                  435 	.db #0x03	; 3
   0169 03                  436 	.db #0x03	; 3
   016A 03                  437 	.db #0x03	; 3
   016B 03                  438 	.db #0x03	; 3
   016C 03                  439 	.db #0x03	; 3
   016D 03                  440 	.db #0x03	; 3
   016E 03                  441 	.db #0x03	; 3
   016F 03                  442 	.db #0x03	; 3
   0170                     443 _g_30:
   0170 03                  444 	.db #0x03	; 3
   0171 03                  445 	.db #0x03	; 3
   0172 03                  446 	.db #0x03	; 3
   0173 12                  447 	.db #0x12	; 18
   0174 03                  448 	.db #0x03	; 3
   0175 30                  449 	.db #0x30	; 48	'0'
   0176 12                  450 	.db #0x12	; 18
   0177 C0                  451 	.db #0xc0	; 192
   0178                     452 _g_31:
   0178 30                  453 	.db #0x30	; 48	'0'
   0179 30                  454 	.db #0x30	; 48	'0'
   017A 30                  455 	.db #0x30	; 48	'0'
   017B 30                  456 	.db #0x30	; 48	'0'
   017C 30                  457 	.db #0x30	; 48	'0'
   017D 30                  458 	.db #0x30	; 48	'0'
   017E 30                  459 	.db #0x30	; 48	'0'
   017F 30                  460 	.db #0x30	; 48	'0'
   0180                     461 _g_32:
   0180 03                  462 	.db #0x03	; 3
   0181 03                  463 	.db #0x03	; 3
   0182 03                  464 	.db #0x03	; 3
   0183 03                  465 	.db #0x03	; 3
   0184 03                  466 	.db #0x03	; 3
   0185 03                  467 	.db #0x03	; 3
   0186 03                  468 	.db #0x03	; 3
   0187 03                  469 	.db #0x03	; 3
   0188                     470 _g_33:
   0188 03                  471 	.db #0x03	; 3
   0189 03                  472 	.db #0x03	; 3
   018A 03                  473 	.db #0x03	; 3
   018B 03                  474 	.db #0x03	; 3
   018C 03                  475 	.db #0x03	; 3
   018D 03                  476 	.db #0x03	; 3
   018E 03                  477 	.db #0x03	; 3
   018F 03                  478 	.db #0x03	; 3
   0190                     479 _g_34:
   0190 03                  480 	.db #0x03	; 3
   0191 03                  481 	.db #0x03	; 3
   0192 03                  482 	.db #0x03	; 3
   0193 03                  483 	.db #0x03	; 3
   0194 03                  484 	.db #0x03	; 3
   0195 03                  485 	.db #0x03	; 3
   0196 03                  486 	.db #0x03	; 3
   0197 03                  487 	.db #0x03	; 3
   0198                     488 _g_35:
   0198 03                  489 	.db #0x03	; 3
   0199 03                  490 	.db #0x03	; 3
   019A 03                  491 	.db #0x03	; 3
   019B 03                  492 	.db #0x03	; 3
   019C 03                  493 	.db #0x03	; 3
   019D 03                  494 	.db #0x03	; 3
   019E 03                  495 	.db #0x03	; 3
   019F 03                  496 	.db #0x03	; 3
   01A0                     497 _g_36:
   01A0 03                  498 	.db #0x03	; 3
   01A1 03                  499 	.db #0x03	; 3
   01A2 03                  500 	.db #0x03	; 3
   01A3 03                  501 	.db #0x03	; 3
   01A4 03                  502 	.db #0x03	; 3
   01A5 03                  503 	.db #0x03	; 3
   01A6 03                  504 	.db #0x03	; 3
   01A7 12                  505 	.db #0x12	; 18
   01A8                     506 _g_37:
   01A8 03                  507 	.db #0x03	; 3
   01A9 03                  508 	.db #0x03	; 3
   01AA 03                  509 	.db #0x03	; 3
   01AB 12                  510 	.db #0x12	; 18
   01AC 03                  511 	.db #0x03	; 3
   01AD 30                  512 	.db #0x30	; 48	'0'
   01AE 30                  513 	.db #0x30	; 48	'0'
   01AF 30                  514 	.db #0x30	; 48	'0'
   01B0                     515 _g_38:
   01B0 21                  516 	.db #0x21	; 33
   01B1 03                  517 	.db #0x03	; 3
   01B2 03                  518 	.db #0x03	; 3
   01B3 03                  519 	.db #0x03	; 3
   01B4 03                  520 	.db #0x03	; 3
   01B5 03                  521 	.db #0x03	; 3
   01B6 03                  522 	.db #0x03	; 3
   01B7 03                  523 	.db #0x03	; 3
   01B8                     524 _g_39:
   01B8 03                  525 	.db #0x03	; 3
   01B9 90                  526 	.db #0x90	; 144
   01BA 03                  527 	.db #0x03	; 3
   01BB 03                  528 	.db #0x03	; 3
   01BC 03                  529 	.db #0x03	; 3
   01BD 03                  530 	.db #0x03	; 3
   01BE 03                  531 	.db #0x03	; 3
   01BF 03                  532 	.db #0x03	; 3
   01C0                     533 _g_40:
   01C0 03                  534 	.db #0x03	; 3
   01C1 03                  535 	.db #0x03	; 3
   01C2 03                  536 	.db #0x03	; 3
   01C3 03                  537 	.db #0x03	; 3
   01C4 03                  538 	.db #0x03	; 3
   01C5 12                  539 	.db #0x12	; 18
   01C6 03                  540 	.db #0x03	; 3
   01C7 30                  541 	.db #0x30	; 48	'0'
   01C8                     542 _g_41:
   01C8 03                  543 	.db #0x03	; 3
   01C9 03                  544 	.db #0x03	; 3
   01CA 03                  545 	.db #0x03	; 3
   01CB 03                  546 	.db #0x03	; 3
   01CC 30                  547 	.db #0x30	; 48	'0'
   01CD 21                  548 	.db #0x21	; 33
   01CE 30                  549 	.db #0x30	; 48	'0'
   01CF 03                  550 	.db #0x03	; 3
   01D0                     551 _g_42:
   01D0 03                  552 	.db #0x03	; 3
   01D1 03                  553 	.db #0x03	; 3
   01D2 03                  554 	.db #0x03	; 3
   01D3 03                  555 	.db #0x03	; 3
   01D4 03                  556 	.db #0x03	; 3
   01D5 42                  557 	.db #0x42	; 66	'B'
   01D6 03                  558 	.db #0x03	; 3
   01D7 03                  559 	.db #0x03	; 3
   01D8                     560 _g_43:
   01D8 03                  561 	.db #0x03	; 3
   01D9 03                  562 	.db #0x03	; 3
   01DA 12                  563 	.db #0x12	; 18
   01DB 30                  564 	.db #0x30	; 48	'0'
   01DC 30                  565 	.db #0x30	; 48	'0'
   01DD 30                  566 	.db #0x30	; 48	'0'
   01DE 42                  567 	.db #0x42	; 66	'B'
   01DF 30                  568 	.db #0x30	; 48	'0'
   01E0                     569 _g_44:
   01E0 03                  570 	.db #0x03	; 3
   01E1 30                  571 	.db #0x30	; 48	'0'
   01E2 30                  572 	.db #0x30	; 48	'0'
   01E3 30                  573 	.db #0x30	; 48	'0'
   01E4 30                  574 	.db #0x30	; 48	'0'
   01E5 30                  575 	.db #0x30	; 48	'0'
   01E6 30                  576 	.db #0x30	; 48	'0'
   01E7 30                  577 	.db #0x30	; 48	'0'
   01E8                     578 _g_45:
   01E8 30                  579 	.db #0x30	; 48	'0'
   01E9 81                  580 	.db #0x81	; 129
   01EA 21                  581 	.db #0x21	; 33
   01EB 03                  582 	.db #0x03	; 3
   01EC 21                  583 	.db #0x21	; 33
   01ED 03                  584 	.db #0x03	; 3
   01EE 81                  585 	.db #0x81	; 129
   01EF 03                  586 	.db #0x03	; 3
   01F0                     587 _g_46:
   01F0 03                  588 	.db #0x03	; 3
   01F1 03                  589 	.db #0x03	; 3
   01F2 03                  590 	.db #0x03	; 3
   01F3 03                  591 	.db #0x03	; 3
   01F4 03                  592 	.db #0x03	; 3
   01F5 03                  593 	.db #0x03	; 3
   01F6 03                  594 	.db #0x03	; 3
   01F7 03                  595 	.db #0x03	; 3
   01F8                     596 _g_47:
   01F8 03                  597 	.db #0x03	; 3
   01F9 03                  598 	.db #0x03	; 3
   01FA 03                  599 	.db #0x03	; 3
   01FB 03                  600 	.db #0x03	; 3
   01FC 03                  601 	.db #0x03	; 3
   01FD 03                  602 	.db #0x03	; 3
   01FE 03                  603 	.db #0x03	; 3
   01FF 03                  604 	.db #0x03	; 3
   0200                     605 _g_48:
   0200 12                  606 	.db #0x12	; 18
   0201 30                  607 	.db #0x30	; 48	'0'
   0202 12                  608 	.db #0x12	; 18
   0203 30                  609 	.db #0x30	; 48	'0'
   0204 12                  610 	.db #0x12	; 18
   0205 30                  611 	.db #0x30	; 48	'0'
   0206 30                  612 	.db #0x30	; 48	'0'
   0207 30                  613 	.db #0x30	; 48	'0'
   0208                     614 _g_49:
   0208 21                  615 	.db #0x21	; 33
   0209 03                  616 	.db #0x03	; 3
   020A 21                  617 	.db #0x21	; 33
   020B 03                  618 	.db #0x03	; 3
   020C 60                  619 	.db #0x60	; 96
   020D 03                  620 	.db #0x03	; 3
   020E 30                  621 	.db #0x30	; 48	'0'
   020F 03                  622 	.db #0x03	; 3
   0210                     623 _g_50:
   0210 03                  624 	.db #0x03	; 3
   0211 03                  625 	.db #0x03	; 3
   0212 03                  626 	.db #0x03	; 3
   0213 03                  627 	.db #0x03	; 3
   0214 03                  628 	.db #0x03	; 3
   0215 03                  629 	.db #0x03	; 3
   0216 03                  630 	.db #0x03	; 3
   0217 03                  631 	.db #0x03	; 3
   0218                     632 _g_51:
   0218 03                  633 	.db #0x03	; 3
   0219 12                  634 	.db #0x12	; 18
   021A 03                  635 	.db #0x03	; 3
   021B 03                  636 	.db #0x03	; 3
   021C 03                  637 	.db #0x03	; 3
   021D 03                  638 	.db #0x03	; 3
   021E 03                  639 	.db #0x03	; 3
   021F 03                  640 	.db #0x03	; 3
   0220                     641 _g_52:
   0220 30                  642 	.db #0x30	; 48	'0'
   0221 30                  643 	.db #0x30	; 48	'0'
   0222 03                  644 	.db #0x03	; 3
   0223 03                  645 	.db #0x03	; 3
   0224 03                  646 	.db #0x03	; 3
   0225 03                  647 	.db #0x03	; 3
   0226 03                  648 	.db #0x03	; 3
   0227 03                  649 	.db #0x03	; 3
   0228                     650 _g_53:
   0228 81                  651 	.db #0x81	; 129
   0229 03                  652 	.db #0x03	; 3
   022A 03                  653 	.db #0x03	; 3
   022B 03                  654 	.db #0x03	; 3
   022C 03                  655 	.db #0x03	; 3
   022D 03                  656 	.db #0x03	; 3
   022E 03                  657 	.db #0x03	; 3
   022F 03                  658 	.db #0x03	; 3
   0230                     659 _g_54:
   0230 03                  660 	.db #0x03	; 3
   0231 03                  661 	.db #0x03	; 3
   0232 03                  662 	.db #0x03	; 3
   0233 03                  663 	.db #0x03	; 3
   0234 03                  664 	.db #0x03	; 3
   0235 03                  665 	.db #0x03	; 3
   0236 03                  666 	.db #0x03	; 3
   0237 03                  667 	.db #0x03	; 3
   0238                     668 _g_55:
   0238 03                  669 	.db #0x03	; 3
   0239 03                  670 	.db #0x03	; 3
   023A 03                  671 	.db #0x03	; 3
   023B 03                  672 	.db #0x03	; 3
   023C 03                  673 	.db #0x03	; 3
   023D 03                  674 	.db #0x03	; 3
   023E 03                  675 	.db #0x03	; 3
   023F 03                  676 	.db #0x03	; 3
   0240                     677 _g_56:
   0240 30                  678 	.db #0x30	; 48	'0'
   0241 30                  679 	.db #0x30	; 48	'0'
   0242 30                  680 	.db #0x30	; 48	'0'
   0243 30                  681 	.db #0x30	; 48	'0'
   0244 30                  682 	.db #0x30	; 48	'0'
   0245 21                  683 	.db #0x21	; 33
   0246 30                  684 	.db #0x30	; 48	'0'
   0247 03                  685 	.db #0x03	; 3
   0248                     686 _g_57:
   0248 30                  687 	.db #0x30	; 48	'0'
   0249 03                  688 	.db #0x03	; 3
   024A 60                  689 	.db #0x60	; 96
   024B 03                  690 	.db #0x03	; 3
   024C 03                  691 	.db #0x03	; 3
   024D 03                  692 	.db #0x03	; 3
   024E 03                  693 	.db #0x03	; 3
   024F 03                  694 	.db #0x03	; 3
   0250                     695 _g_58:
   0250 03                  696 	.db #0x03	; 3
   0251 03                  697 	.db #0x03	; 3
   0252 03                  698 	.db #0x03	; 3
   0253 03                  699 	.db #0x03	; 3
   0254 03                  700 	.db #0x03	; 3
   0255 03                  701 	.db #0x03	; 3
   0256 03                  702 	.db #0x03	; 3
   0257 03                  703 	.db #0x03	; 3
   0258                     704 _g_59:
   0258 03                  705 	.db #0x03	; 3
   0259 03                  706 	.db #0x03	; 3
   025A 03                  707 	.db #0x03	; 3
   025B 03                  708 	.db #0x03	; 3
   025C 03                  709 	.db #0x03	; 3
   025D 03                  710 	.db #0x03	; 3
   025E 03                  711 	.db #0x03	; 3
   025F 03                  712 	.db #0x03	; 3
   0260                     713 _g_60:
   0260 03                  714 	.db #0x03	; 3
   0261 03                  715 	.db #0x03	; 3
   0262 03                  716 	.db #0x03	; 3
   0263 03                  717 	.db #0x03	; 3
   0264 03                  718 	.db #0x03	; 3
   0265 03                  719 	.db #0x03	; 3
   0266 03                  720 	.db #0x03	; 3
   0267 03                  721 	.db #0x03	; 3
   0268                     722 _g_61:
   0268 03                  723 	.db #0x03	; 3
   0269 03                  724 	.db #0x03	; 3
   026A 03                  725 	.db #0x03	; 3
   026B 03                  726 	.db #0x03	; 3
   026C 03                  727 	.db #0x03	; 3
   026D 03                  728 	.db #0x03	; 3
   026E 03                  729 	.db #0x03	; 3
   026F 03                  730 	.db #0x03	; 3
   0270                     731 _g_62:
   0270 03                  732 	.db #0x03	; 3
   0271 03                  733 	.db #0x03	; 3
   0272 03                  734 	.db #0x03	; 3
   0273 03                  735 	.db #0x03	; 3
   0274 03                  736 	.db #0x03	; 3
   0275 03                  737 	.db #0x03	; 3
   0276 03                  738 	.db #0x03	; 3
   0277 03                  739 	.db #0x03	; 3
   0278                     740 _g_63:
   0278 03                  741 	.db #0x03	; 3
   0279 03                  742 	.db #0x03	; 3
   027A 03                  743 	.db #0x03	; 3
   027B 03                  744 	.db #0x03	; 3
   027C 03                  745 	.db #0x03	; 3
   027D 03                  746 	.db #0x03	; 3
   027E 03                  747 	.db #0x03	; 3
   027F 03                  748 	.db #0x03	; 3
                            749 	.area _INITIALIZER
                            750 	.area _CABS (ABS)
