                              1 ;--------------------------------------------------------
                              2 ; File Created by SDCC : free open source ANSI-C Compiler
                              3 ; Version 3.6.8 #9946 (Linux)
                              4 ;--------------------------------------------------------
                              5 	.module TileBien
                              6 	.optsdcc -mz80
                              7 	
                              8 ;--------------------------------------------------------
                              9 ; Public variables in this module
                             10 ;--------------------------------------------------------
                             11 	.globl _g_7
                             12 	.globl _g_6
                             13 	.globl _g_5
                             14 	.globl _g_4
                             15 	.globl _g_3
                             16 	.globl _g_2
                             17 	.globl _g_1
                             18 	.globl _g_0
                             19 ;--------------------------------------------------------
                             20 ; special function registers
                             21 ;--------------------------------------------------------
                             22 ;--------------------------------------------------------
                             23 ; ram data
                             24 ;--------------------------------------------------------
                             25 	.area _DATA
                             26 ;--------------------------------------------------------
                             27 ; ram data
                             28 ;--------------------------------------------------------
                             29 	.area _INITIALIZED
                             30 ;--------------------------------------------------------
                             31 ; absolute external ram data
                             32 ;--------------------------------------------------------
                             33 	.area _DABS (ABS)
                             34 ;--------------------------------------------------------
                             35 ; global & static initialisations
                             36 ;--------------------------------------------------------
                             37 	.area _HOME
                             38 	.area _GSINIT
                             39 	.area _GSFINAL
                             40 	.area _GSINIT
                             41 ;--------------------------------------------------------
                             42 ; Home
                             43 ;--------------------------------------------------------
                             44 	.area _HOME
                             45 	.area _HOME
                             46 ;--------------------------------------------------------
                             47 ; code
                             48 ;--------------------------------------------------------
                             49 	.area _CODE
                             50 	.area _CODE
   0000                      51 _g_0:
   0000 FC                   52 	.db #0xfc	; 252
   0001 EC                   53 	.db #0xec	; 236
   0002 DC                   54 	.db #0xdc	; 220
   0003 FC                   55 	.db #0xfc	; 252
   0004 FC                   56 	.db #0xfc	; 252
   0005 DC                   57 	.db #0xdc	; 220
   0006 EC                   58 	.db #0xec	; 236
   0007 FC                   59 	.db #0xfc	; 252
   0008 FC                   60 	.db #0xfc	; 252
   0009 EC                   61 	.db #0xec	; 236
   000A DC                   62 	.db #0xdc	; 220
   000B FC                   63 	.db #0xfc	; 252
   000C FC                   64 	.db #0xfc	; 252
   000D DC                   65 	.db #0xdc	; 220
   000E EC                   66 	.db #0xec	; 236
   000F FC                   67 	.db #0xfc	; 252
   0010 FC                   68 	.db #0xfc	; 252
   0011 EC                   69 	.db #0xec	; 236
   0012 DC                   70 	.db #0xdc	; 220
   0013 FC                   71 	.db #0xfc	; 252
   0014 FC                   72 	.db #0xfc	; 252
   0015 DC                   73 	.db #0xdc	; 220
   0016 EC                   74 	.db #0xec	; 236
   0017 FC                   75 	.db #0xfc	; 252
   0018 FC                   76 	.db #0xfc	; 252
   0019 EC                   77 	.db #0xec	; 236
   001A DC                   78 	.db #0xdc	; 220
   001B FC                   79 	.db #0xfc	; 252
   001C FC                   80 	.db #0xfc	; 252
   001D DC                   81 	.db #0xdc	; 220
   001E EC                   82 	.db #0xec	; 236
   001F FC                   83 	.db #0xfc	; 252
   0020                      84 _g_1:
   0020 FC                   85 	.db #0xfc	; 252
   0021 FC                   86 	.db #0xfc	; 252
   0022 FC                   87 	.db #0xfc	; 252
   0023 FC                   88 	.db #0xfc	; 252
   0024 FC                   89 	.db #0xfc	; 252
   0025 FC                   90 	.db #0xfc	; 252
   0026 FC                   91 	.db #0xfc	; 252
   0027 FC                   92 	.db #0xfc	; 252
   0028 FC                   93 	.db #0xfc	; 252
   0029 EC                   94 	.db #0xec	; 236
   002A CC                   95 	.db #0xcc	; 204
   002B CC                   96 	.db #0xcc	; 204
   002C FC                   97 	.db #0xfc	; 252
   002D FC                   98 	.db #0xfc	; 252
   002E FC                   99 	.db #0xfc	; 252
   002F FC                  100 	.db #0xfc	; 252
   0030 FC                  101 	.db #0xfc	; 252
   0031 EC                  102 	.db #0xec	; 236
   0032 DC                  103 	.db #0xdc	; 220
   0033 FC                  104 	.db #0xfc	; 252
   0034 FC                  105 	.db #0xfc	; 252
   0035 DC                  106 	.db #0xdc	; 220
   0036 EC                  107 	.db #0xec	; 236
   0037 FC                  108 	.db #0xfc	; 252
   0038 FC                  109 	.db #0xfc	; 252
   0039 EC                  110 	.db #0xec	; 236
   003A DC                  111 	.db #0xdc	; 220
   003B FC                  112 	.db #0xfc	; 252
   003C CC                  113 	.db #0xcc	; 204
   003D CC                  114 	.db #0xcc	; 204
   003E EC                  115 	.db #0xec	; 236
   003F FC                  116 	.db #0xfc	; 252
   0040                     117 _g_2:
   0040 FC                  118 	.db #0xfc	; 252
   0041 FC                  119 	.db #0xfc	; 252
   0042 FC                  120 	.db #0xfc	; 252
   0043 FC                  121 	.db #0xfc	; 252
   0044 FC                  122 	.db #0xfc	; 252
   0045 FC                  123 	.db #0xfc	; 252
   0046 FC                  124 	.db #0xfc	; 252
   0047 FC                  125 	.db #0xfc	; 252
   0048 CC                  126 	.db #0xcc	; 204
   0049 CC                  127 	.db #0xcc	; 204
   004A CC                  128 	.db #0xcc	; 204
   004B CC                  129 	.db #0xcc	; 204
   004C FC                  130 	.db #0xfc	; 252
   004D FC                  131 	.db #0xfc	; 252
   004E FC                  132 	.db #0xfc	; 252
   004F FC                  133 	.db #0xfc	; 252
   0050 FC                  134 	.db #0xfc	; 252
   0051 FC                  135 	.db #0xfc	; 252
   0052 FC                  136 	.db #0xfc	; 252
   0053 FC                  137 	.db #0xfc	; 252
   0054 FC                  138 	.db #0xfc	; 252
   0055 FC                  139 	.db #0xfc	; 252
   0056 FC                  140 	.db #0xfc	; 252
   0057 FC                  141 	.db #0xfc	; 252
   0058 FC                  142 	.db #0xfc	; 252
   0059 FC                  143 	.db #0xfc	; 252
   005A FC                  144 	.db #0xfc	; 252
   005B FC                  145 	.db #0xfc	; 252
   005C CC                  146 	.db #0xcc	; 204
   005D CC                  147 	.db #0xcc	; 204
   005E CC                  148 	.db #0xcc	; 204
   005F CC                  149 	.db #0xcc	; 204
   0060                     150 _g_3:
   0060 FC                  151 	.db #0xfc	; 252
   0061 FC                  152 	.db #0xfc	; 252
   0062 FC                  153 	.db #0xfc	; 252
   0063 FC                  154 	.db #0xfc	; 252
   0064 FC                  155 	.db #0xfc	; 252
   0065 FC                  156 	.db #0xfc	; 252
   0066 FC                  157 	.db #0xfc	; 252
   0067 FC                  158 	.db #0xfc	; 252
   0068 CC                  159 	.db #0xcc	; 204
   0069 CC                  160 	.db #0xcc	; 204
   006A DC                  161 	.db #0xdc	; 220
   006B FC                  162 	.db #0xfc	; 252
   006C FC                  163 	.db #0xfc	; 252
   006D FC                  164 	.db #0xfc	; 252
   006E FC                  165 	.db #0xfc	; 252
   006F FC                  166 	.db #0xfc	; 252
   0070 FC                  167 	.db #0xfc	; 252
   0071 EC                  168 	.db #0xec	; 236
   0072 DC                  169 	.db #0xdc	; 220
   0073 FC                  170 	.db #0xfc	; 252
   0074 FC                  171 	.db #0xfc	; 252
   0075 DC                  172 	.db #0xdc	; 220
   0076 EC                  173 	.db #0xec	; 236
   0077 FC                  174 	.db #0xfc	; 252
   0078 FC                  175 	.db #0xfc	; 252
   0079 EC                  176 	.db #0xec	; 236
   007A DC                  177 	.db #0xdc	; 220
   007B FC                  178 	.db #0xfc	; 252
   007C FC                  179 	.db #0xfc	; 252
   007D DC                  180 	.db #0xdc	; 220
   007E CC                  181 	.db #0xcc	; 204
   007F CC                  182 	.db #0xcc	; 204
   0080                     183 _g_4:
   0080 FC                  184 	.db #0xfc	; 252
   0081 EC                  185 	.db #0xec	; 236
   0082 DC                  186 	.db #0xdc	; 220
   0083 FC                  187 	.db #0xfc	; 252
   0084 FC                  188 	.db #0xfc	; 252
   0085 DC                  189 	.db #0xdc	; 220
   0086 EC                  190 	.db #0xec	; 236
   0087 FC                  191 	.db #0xfc	; 252
   0088 FC                  192 	.db #0xfc	; 252
   0089 EC                  193 	.db #0xec	; 236
   008A CC                  194 	.db #0xcc	; 204
   008B CC                  195 	.db #0xcc	; 204
   008C FC                  196 	.db #0xfc	; 252
   008D DC                  197 	.db #0xdc	; 220
   008E EC                  198 	.db #0xec	; 236
   008F FC                  199 	.db #0xfc	; 252
   0090 FC                  200 	.db #0xfc	; 252
   0091 FC                  201 	.db #0xfc	; 252
   0092 FC                  202 	.db #0xfc	; 252
   0093 FC                  203 	.db #0xfc	; 252
   0094 FC                  204 	.db #0xfc	; 252
   0095 FC                  205 	.db #0xfc	; 252
   0096 FC                  206 	.db #0xfc	; 252
   0097 FC                  207 	.db #0xfc	; 252
   0098 FC                  208 	.db #0xfc	; 252
   0099 FC                  209 	.db #0xfc	; 252
   009A FC                  210 	.db #0xfc	; 252
   009B FC                  211 	.db #0xfc	; 252
   009C CC                  212 	.db #0xcc	; 204
   009D CC                  213 	.db #0xcc	; 204
   009E EC                  214 	.db #0xec	; 236
   009F FC                  215 	.db #0xfc	; 252
   00A0                     216 _g_5:
   00A0 FC                  217 	.db #0xfc	; 252
   00A1 EC                  218 	.db #0xec	; 236
   00A2 DC                  219 	.db #0xdc	; 220
   00A3 FC                  220 	.db #0xfc	; 252
   00A4 FC                  221 	.db #0xfc	; 252
   00A5 DC                  222 	.db #0xdc	; 220
   00A6 EC                  223 	.db #0xec	; 236
   00A7 FC                  224 	.db #0xfc	; 252
   00A8 CC                  225 	.db #0xcc	; 204
   00A9 CC                  226 	.db #0xcc	; 204
   00AA DC                  227 	.db #0xdc	; 220
   00AB FC                  228 	.db #0xfc	; 252
   00AC FC                  229 	.db #0xfc	; 252
   00AD DC                  230 	.db #0xdc	; 220
   00AE EC                  231 	.db #0xec	; 236
   00AF FC                  232 	.db #0xfc	; 252
   00B0 FC                  233 	.db #0xfc	; 252
   00B1 FC                  234 	.db #0xfc	; 252
   00B2 FC                  235 	.db #0xfc	; 252
   00B3 FC                  236 	.db #0xfc	; 252
   00B4 FC                  237 	.db #0xfc	; 252
   00B5 FC                  238 	.db #0xfc	; 252
   00B6 FC                  239 	.db #0xfc	; 252
   00B7 FC                  240 	.db #0xfc	; 252
   00B8 FC                  241 	.db #0xfc	; 252
   00B9 FC                  242 	.db #0xfc	; 252
   00BA FC                  243 	.db #0xfc	; 252
   00BB FC                  244 	.db #0xfc	; 252
   00BC FC                  245 	.db #0xfc	; 252
   00BD DC                  246 	.db #0xdc	; 220
   00BE CC                  247 	.db #0xcc	; 204
   00BF CC                  248 	.db #0xcc	; 204
   00C0                     249 _g_6:
   00C0 FC                  250 	.db #0xfc	; 252
   00C1 FC                  251 	.db #0xfc	; 252
   00C2 FC                  252 	.db #0xfc	; 252
   00C3 FC                  253 	.db #0xfc	; 252
   00C4 FC                  254 	.db #0xfc	; 252
   00C5 DE                  255 	.db #0xde	; 222
   00C6 ED                  256 	.db #0xed	; 237
   00C7 FC                  257 	.db #0xfc	; 252
   00C8 FC                  258 	.db #0xfc	; 252
   00C9 ED                  259 	.db #0xed	; 237
   00CA DE                  260 	.db #0xde	; 222
   00CB DE                  261 	.db #0xde	; 222
   00CC FC                  262 	.db #0xfc	; 252
   00CD DE                  263 	.db #0xde	; 222
   00CE ED                  264 	.db #0xed	; 237
   00CF FC                  265 	.db #0xfc	; 252
   00D0 ED                  266 	.db #0xed	; 237
   00D1 CF                  267 	.db #0xcf	; 207
   00D2 DE                  268 	.db #0xde	; 222
   00D3 FC                  269 	.db #0xfc	; 252
   00D4 FC                  270 	.db #0xfc	; 252
   00D5 DE                  271 	.db #0xde	; 222
   00D6 ED                  272 	.db #0xed	; 237
   00D7 FC                  273 	.db #0xfc	; 252
   00D8 ED                  274 	.db #0xed	; 237
   00D9 ED                  275 	.db #0xed	; 237
   00DA DE                  276 	.db #0xde	; 222
   00DB FC                  277 	.db #0xfc	; 252
   00DC DE                  278 	.db #0xde	; 222
   00DD CF                  279 	.db #0xcf	; 207
   00DE ED                  280 	.db #0xed	; 237
   00DF FC                  281 	.db #0xfc	; 252
   00E0                     282 _g_7:
   00E0 FC                  283 	.db #0xfc	; 252
   00E1 FC                  284 	.db #0xfc	; 252
   00E2 FC                  285 	.db #0xfc	; 252
   00E3 FC                  286 	.db #0xfc	; 252
   00E4 FC                  287 	.db #0xfc	; 252
   00E5 FC                  288 	.db #0xfc	; 252
   00E6 FC                  289 	.db #0xfc	; 252
   00E7 FC                  290 	.db #0xfc	; 252
   00E8 FC                  291 	.db #0xfc	; 252
   00E9 FC                  292 	.db #0xfc	; 252
   00EA FC                  293 	.db #0xfc	; 252
   00EB FC                  294 	.db #0xfc	; 252
   00EC FC                  295 	.db #0xfc	; 252
   00ED FC                  296 	.db #0xfc	; 252
   00EE FC                  297 	.db #0xfc	; 252
   00EF FC                  298 	.db #0xfc	; 252
   00F0 FC                  299 	.db #0xfc	; 252
   00F1 FC                  300 	.db #0xfc	; 252
   00F2 FC                  301 	.db #0xfc	; 252
   00F3 FC                  302 	.db #0xfc	; 252
   00F4 FC                  303 	.db #0xfc	; 252
   00F5 FC                  304 	.db #0xfc	; 252
   00F6 FC                  305 	.db #0xfc	; 252
   00F7 FC                  306 	.db #0xfc	; 252
   00F8 FC                  307 	.db #0xfc	; 252
   00F9 FC                  308 	.db #0xfc	; 252
   00FA FC                  309 	.db #0xfc	; 252
   00FB FC                  310 	.db #0xfc	; 252
   00FC FC                  311 	.db #0xfc	; 252
   00FD FC                  312 	.db #0xfc	; 252
   00FE FC                  313 	.db #0xfc	; 252
   00FF FC                  314 	.db #0xfc	; 252
                            315 	.area _INITIALIZER
                            316 	.area _CABS (ABS)
